Classic Timing Analyzer report for Sound
Sun Oct 29 14:30:17 2017
Quartus II Version 9.0 Build 235 06/17/2009 Service Pack 2 SJ Web Edition


---------------------
; Table of Contents ;
---------------------
  1. Legal Notice
  2. Timing Analyzer Summary
  3. Timing Analyzer Settings
  4. Clock Settings Summary
  5. Parallel Compilation
  6. Clock Setup: 'CTCclock'
  7. Clock Setup: 'Soundclock'
  8. tsu
  9. tco
 10. th
 11. Timing Analyzer Messages



----------------
; Legal Notice ;
----------------
Copyright (C) 1991-2009 Altera Corporation
Your use of Altera Corporation's design tools, logic functions 
and other software and tools, and its AMPP partner logic 
functions, and any output files from any of the foregoing 
(including device programming or simulation files), and any 
associated documentation or information are expressly subject 
to the terms and conditions of the Altera Program License 
Subscription Agreement, Altera MegaCore Function License 
Agreement, or other applicable license agreement, including, 
without limitation, that your use is for the sole purpose of 
programming logic devices manufactured by Altera and sold by 
Altera or its authorized distributors.  Please refer to the 
applicable agreement for further details.



+--------------------------------------------------------------------------------------------------------------------------------------------------------------------------------------+
; Timing Analyzer Summary                                                                                                                                                              ;
+------------------------------+-------+---------------+----------------------------------+-------------------------+-------------------------+------------+------------+--------------+
; Type                         ; Slack ; Required Time ; Actual Time                      ; From                    ; To                      ; From Clock ; To Clock   ; Failed Paths ;
+------------------------------+-------+---------------+----------------------------------+-------------------------+-------------------------+------------+------------+--------------+
; Worst-case tsu               ; N/A   ; None          ; 10.724 ns                        ; SoundSel                ; count[5]                ; --         ; Soundclock ; 0            ;
; Worst-case tco               ; N/A   ; None          ; 9.243 ns                         ; CTC:CTCWaveGen|outtmp   ; Soundout                ; CTCclock   ; --         ; 0            ;
; Worst-case th                ; N/A   ; None          ; -4.227 ns                        ; SoundSel                ; SoundFrep[5]            ; --         ; Soundclock ; 0            ;
; Clock Setup: 'Soundclock'    ; N/A   ; None          ; 82.25 MHz ( period = 12.158 ns ) ; count[3]                ; count[5]                ; Soundclock ; Soundclock ; 0            ;
; Clock Setup: 'CTCclock'      ; N/A   ; None          ; 119.76 MHz ( period = 8.350 ns ) ; CTC:CTCWaveGen|count[3] ; CTC:CTCWaveGen|count[8] ; CTCclock   ; CTCclock   ; 0            ;
; Total number of failed paths ;       ;               ;                                  ;                         ;                         ;            ;            ; 0            ;
+------------------------------+-------+---------------+----------------------------------+-------------------------+-------------------------+------------+------------+--------------+


+--------------------------------------------------------------------------------------------------------------------+
; Timing Analyzer Settings                                                                                           ;
+---------------------------------------------------------------------+--------------------+------+----+-------------+
; Option                                                              ; Setting            ; From ; To ; Entity Name ;
+---------------------------------------------------------------------+--------------------+------+----+-------------+
; Device Name                                                         ; EPM1270M256C5      ;      ;    ;             ;
; Timing Models                                                       ; Final              ;      ;    ;             ;
; Default hold multicycle                                             ; Same as Multicycle ;      ;    ;             ;
; Cut paths between unrelated clock domains                           ; On                 ;      ;    ;             ;
; Cut off read during write signal paths                              ; On                 ;      ;    ;             ;
; Cut off feedback from I/O pins                                      ; On                 ;      ;    ;             ;
; Report Combined Fast/Slow Timing                                    ; Off                ;      ;    ;             ;
; Ignore Clock Settings                                               ; Off                ;      ;    ;             ;
; Analyze latches as synchronous elements                             ; On                 ;      ;    ;             ;
; Enable Recovery/Removal analysis                                    ; Off                ;      ;    ;             ;
; Enable Clock Latency                                                ; Off                ;      ;    ;             ;
; Use TimeQuest Timing Analyzer                                       ; Off                ;      ;    ;             ;
; Minimum Core Junction Temperature                                   ; 0                  ;      ;    ;             ;
; Maximum Core Junction Temperature                                   ; 85                 ;      ;    ;             ;
; Number of source nodes to report per destination node               ; 10                 ;      ;    ;             ;
; Number of destination nodes to report                               ; 10                 ;      ;    ;             ;
; Number of paths to report                                           ; 200                ;      ;    ;             ;
; Report Minimum Timing Checks                                        ; Off                ;      ;    ;             ;
; Use Fast Timing Models                                              ; Off                ;      ;    ;             ;
; Report IO Paths Separately                                          ; Off                ;      ;    ;             ;
; Perform Multicorner Analysis                                        ; Off                ;      ;    ;             ;
; Reports the worst-case path for each clock domain and analysis      ; Off                ;      ;    ;             ;
; Removes common clock path pessimism (CCPP) during slack computation ; Off                ;      ;    ;             ;
; Output I/O Timing Endpoint                                          ; Near End           ;      ;    ;             ;
+---------------------------------------------------------------------+--------------------+------+----+-------------+


+------------------------------------------------------------------------------------------------------------------------------------------------------------------------------------+
; Clock Settings Summary                                                                                                                                                             ;
+-----------------+--------------------+----------+------------------+---------------+--------------+----------+-----------------------+---------------------+--------+--------------+
; Clock Node Name ; Clock Setting Name ; Type     ; Fmax Requirement ; Early Latency ; Late Latency ; Based on ; Multiply Base Fmax by ; Divide Base Fmax by ; Offset ; Phase offset ;
+-----------------+--------------------+----------+------------------+---------------+--------------+----------+-----------------------+---------------------+--------+--------------+
; CTCclock        ;                    ; User Pin ; None             ; 0.000 ns      ; 0.000 ns     ; --       ; N/A                   ; N/A                 ; N/A    ;              ;
; Soundclock      ;                    ; User Pin ; None             ; 0.000 ns      ; 0.000 ns     ; --       ; N/A                   ; N/A                 ; N/A    ;              ;
+-----------------+--------------------+----------+------------------+---------------+--------------+----------+-----------------------+---------------------+--------+--------------+


Parallel compilation was disabled, but you have multiple processors available. Enable parallel compilation to reduce compilation time.
+-------------------------------------+
; Parallel Compilation                ;
+----------------------------+--------+
; Processors                 ; Number ;
+----------------------------+--------+
; Number detected on machine ; 4      ;
; Maximum allowed            ; 1      ;
+----------------------------+--------+


+------------------------------------------------------------------------------------------------------------------------------------------------------------------------------------------------------------------------+
; Clock Setup: 'CTCclock'                                                                                                                                                                                                ;
+-------+------------------------------------------------+-------------------------+-------------------------+------------+----------+-----------------------------+---------------------------+-------------------------+
; Slack ; Actual fmax (period)                           ; From                    ; To                      ; From Clock ; To Clock ; Required Setup Relationship ; Required Longest P2P Time ; Actual Longest P2P Time ;
+-------+------------------------------------------------+-------------------------+-------------------------+------------+----------+-----------------------------+---------------------------+-------------------------+
; N/A   ; 119.76 MHz ( period = 8.350 ns )               ; CTC:CTCWaveGen|count[3] ; CTC:CTCWaveGen|count[6] ; CTCclock   ; CTCclock ; None                        ; None                      ; 7.641 ns                ;
; N/A   ; 119.76 MHz ( period = 8.350 ns )               ; CTC:CTCWaveGen|count[3] ; CTC:CTCWaveGen|count[5] ; CTCclock   ; CTCclock ; None                        ; None                      ; 7.641 ns                ;
; N/A   ; 119.76 MHz ( period = 8.350 ns )               ; CTC:CTCWaveGen|count[3] ; CTC:CTCWaveGen|count[4] ; CTCclock   ; CTCclock ; None                        ; None                      ; 7.641 ns                ;
; N/A   ; 119.76 MHz ( period = 8.350 ns )               ; CTC:CTCWaveGen|count[3] ; CTC:CTCWaveGen|count[1] ; CTCclock   ; CTCclock ; None                        ; None                      ; 7.641 ns                ;
; N/A   ; 119.76 MHz ( period = 8.350 ns )               ; CTC:CTCWaveGen|count[3] ; CTC:CTCWaveGen|count[0] ; CTCclock   ; CTCclock ; None                        ; None                      ; 7.641 ns                ;
; N/A   ; 119.76 MHz ( period = 8.350 ns )               ; CTC:CTCWaveGen|count[3] ; CTC:CTCWaveGen|count[3] ; CTCclock   ; CTCclock ; None                        ; None                      ; 7.641 ns                ;
; N/A   ; 119.76 MHz ( period = 8.350 ns )               ; CTC:CTCWaveGen|count[3] ; CTC:CTCWaveGen|count[2] ; CTCclock   ; CTCclock ; None                        ; None                      ; 7.641 ns                ;
; N/A   ; 119.76 MHz ( period = 8.350 ns )               ; CTC:CTCWaveGen|count[3] ; CTC:CTCWaveGen|count[7] ; CTCclock   ; CTCclock ; None                        ; None                      ; 7.641 ns                ;
; N/A   ; 119.76 MHz ( period = 8.350 ns )               ; CTC:CTCWaveGen|count[3] ; CTC:CTCWaveGen|count[8] ; CTCclock   ; CTCclock ; None                        ; None                      ; 7.641 ns                ;
; N/A   ; 119.80 MHz ( period = 8.347 ns )               ; CTC:CTCWaveGen|count[1] ; CTC:CTCWaveGen|count[6] ; CTCclock   ; CTCclock ; None                        ; None                      ; 7.638 ns                ;
; N/A   ; 119.80 MHz ( period = 8.347 ns )               ; CTC:CTCWaveGen|count[1] ; CTC:CTCWaveGen|count[5] ; CTCclock   ; CTCclock ; None                        ; None                      ; 7.638 ns                ;
; N/A   ; 119.80 MHz ( period = 8.347 ns )               ; CTC:CTCWaveGen|count[1] ; CTC:CTCWaveGen|count[4] ; CTCclock   ; CTCclock ; None                        ; None                      ; 7.638 ns                ;
; N/A   ; 119.80 MHz ( period = 8.347 ns )               ; CTC:CTCWaveGen|count[1] ; CTC:CTCWaveGen|count[1] ; CTCclock   ; CTCclock ; None                        ; None                      ; 7.638 ns                ;
; N/A   ; 119.80 MHz ( period = 8.347 ns )               ; CTC:CTCWaveGen|count[1] ; CTC:CTCWaveGen|count[0] ; CTCclock   ; CTCclock ; None                        ; None                      ; 7.638 ns                ;
; N/A   ; 119.80 MHz ( period = 8.347 ns )               ; CTC:CTCWaveGen|count[1] ; CTC:CTCWaveGen|count[3] ; CTCclock   ; CTCclock ; None                        ; None                      ; 7.638 ns                ;
; N/A   ; 119.80 MHz ( period = 8.347 ns )               ; CTC:CTCWaveGen|count[1] ; CTC:CTCWaveGen|count[2] ; CTCclock   ; CTCclock ; None                        ; None                      ; 7.638 ns                ;
; N/A   ; 119.80 MHz ( period = 8.347 ns )               ; CTC:CTCWaveGen|count[1] ; CTC:CTCWaveGen|count[7] ; CTCclock   ; CTCclock ; None                        ; None                      ; 7.638 ns                ;
; N/A   ; 119.80 MHz ( period = 8.347 ns )               ; CTC:CTCWaveGen|count[1] ; CTC:CTCWaveGen|count[8] ; CTCclock   ; CTCclock ; None                        ; None                      ; 7.638 ns                ;
; N/A   ; 120.92 MHz ( period = 8.270 ns )               ; CTC:CTCWaveGen|count[4] ; CTC:CTCWaveGen|count[6] ; CTCclock   ; CTCclock ; None                        ; None                      ; 7.561 ns                ;
; N/A   ; 120.92 MHz ( period = 8.270 ns )               ; CTC:CTCWaveGen|count[4] ; CTC:CTCWaveGen|count[5] ; CTCclock   ; CTCclock ; None                        ; None                      ; 7.561 ns                ;
; N/A   ; 120.92 MHz ( period = 8.270 ns )               ; CTC:CTCWaveGen|count[4] ; CTC:CTCWaveGen|count[4] ; CTCclock   ; CTCclock ; None                        ; None                      ; 7.561 ns                ;
; N/A   ; 120.92 MHz ( period = 8.270 ns )               ; CTC:CTCWaveGen|count[4] ; CTC:CTCWaveGen|count[1] ; CTCclock   ; CTCclock ; None                        ; None                      ; 7.561 ns                ;
; N/A   ; 120.92 MHz ( period = 8.270 ns )               ; CTC:CTCWaveGen|count[4] ; CTC:CTCWaveGen|count[0] ; CTCclock   ; CTCclock ; None                        ; None                      ; 7.561 ns                ;
; N/A   ; 120.92 MHz ( period = 8.270 ns )               ; CTC:CTCWaveGen|count[4] ; CTC:CTCWaveGen|count[3] ; CTCclock   ; CTCclock ; None                        ; None                      ; 7.561 ns                ;
; N/A   ; 120.92 MHz ( period = 8.270 ns )               ; CTC:CTCWaveGen|count[4] ; CTC:CTCWaveGen|count[2] ; CTCclock   ; CTCclock ; None                        ; None                      ; 7.561 ns                ;
; N/A   ; 120.92 MHz ( period = 8.270 ns )               ; CTC:CTCWaveGen|count[4] ; CTC:CTCWaveGen|count[7] ; CTCclock   ; CTCclock ; None                        ; None                      ; 7.561 ns                ;
; N/A   ; 120.92 MHz ( period = 8.270 ns )               ; CTC:CTCWaveGen|count[4] ; CTC:CTCWaveGen|count[8] ; CTCclock   ; CTCclock ; None                        ; None                      ; 7.561 ns                ;
; N/A   ; 120.93 MHz ( period = 8.269 ns )               ; CTC:CTCWaveGen|count[8] ; CTC:CTCWaveGen|count[6] ; CTCclock   ; CTCclock ; None                        ; None                      ; 7.560 ns                ;
; N/A   ; 120.93 MHz ( period = 8.269 ns )               ; CTC:CTCWaveGen|count[8] ; CTC:CTCWaveGen|count[5] ; CTCclock   ; CTCclock ; None                        ; None                      ; 7.560 ns                ;
; N/A   ; 120.93 MHz ( period = 8.269 ns )               ; CTC:CTCWaveGen|count[8] ; CTC:CTCWaveGen|count[4] ; CTCclock   ; CTCclock ; None                        ; None                      ; 7.560 ns                ;
; N/A   ; 120.93 MHz ( period = 8.269 ns )               ; CTC:CTCWaveGen|count[8] ; CTC:CTCWaveGen|count[1] ; CTCclock   ; CTCclock ; None                        ; None                      ; 7.560 ns                ;
; N/A   ; 120.93 MHz ( period = 8.269 ns )               ; CTC:CTCWaveGen|count[8] ; CTC:CTCWaveGen|count[0] ; CTCclock   ; CTCclock ; None                        ; None                      ; 7.560 ns                ;
; N/A   ; 120.93 MHz ( period = 8.269 ns )               ; CTC:CTCWaveGen|count[8] ; CTC:CTCWaveGen|count[3] ; CTCclock   ; CTCclock ; None                        ; None                      ; 7.560 ns                ;
; N/A   ; 120.93 MHz ( period = 8.269 ns )               ; CTC:CTCWaveGen|count[8] ; CTC:CTCWaveGen|count[2] ; CTCclock   ; CTCclock ; None                        ; None                      ; 7.560 ns                ;
; N/A   ; 120.93 MHz ( period = 8.269 ns )               ; CTC:CTCWaveGen|count[8] ; CTC:CTCWaveGen|count[7] ; CTCclock   ; CTCclock ; None                        ; None                      ; 7.560 ns                ;
; N/A   ; 120.93 MHz ( period = 8.269 ns )               ; CTC:CTCWaveGen|count[8] ; CTC:CTCWaveGen|count[8] ; CTCclock   ; CTCclock ; None                        ; None                      ; 7.560 ns                ;
; N/A   ; 121.05 MHz ( period = 8.261 ns )               ; CTC:CTCWaveGen|count[3] ; CTC:CTCWaveGen|outtmp   ; CTCclock   ; CTCclock ; None                        ; None                      ; 7.552 ns                ;
; N/A   ; 121.09 MHz ( period = 8.258 ns )               ; CTC:CTCWaveGen|count[1] ; CTC:CTCWaveGen|outtmp   ; CTCclock   ; CTCclock ; None                        ; None                      ; 7.549 ns                ;
; N/A   ; 122.20 MHz ( period = 8.183 ns )               ; CTC:CTCWaveGen|count[7] ; CTC:CTCWaveGen|count[6] ; CTCclock   ; CTCclock ; None                        ; None                      ; 7.474 ns                ;
; N/A   ; 122.20 MHz ( period = 8.183 ns )               ; CTC:CTCWaveGen|count[7] ; CTC:CTCWaveGen|count[5] ; CTCclock   ; CTCclock ; None                        ; None                      ; 7.474 ns                ;
; N/A   ; 122.20 MHz ( period = 8.183 ns )               ; CTC:CTCWaveGen|count[7] ; CTC:CTCWaveGen|count[4] ; CTCclock   ; CTCclock ; None                        ; None                      ; 7.474 ns                ;
; N/A   ; 122.20 MHz ( period = 8.183 ns )               ; CTC:CTCWaveGen|count[7] ; CTC:CTCWaveGen|count[1] ; CTCclock   ; CTCclock ; None                        ; None                      ; 7.474 ns                ;
; N/A   ; 122.20 MHz ( period = 8.183 ns )               ; CTC:CTCWaveGen|count[7] ; CTC:CTCWaveGen|count[0] ; CTCclock   ; CTCclock ; None                        ; None                      ; 7.474 ns                ;
; N/A   ; 122.20 MHz ( period = 8.183 ns )               ; CTC:CTCWaveGen|count[7] ; CTC:CTCWaveGen|count[3] ; CTCclock   ; CTCclock ; None                        ; None                      ; 7.474 ns                ;
; N/A   ; 122.20 MHz ( period = 8.183 ns )               ; CTC:CTCWaveGen|count[7] ; CTC:CTCWaveGen|count[2] ; CTCclock   ; CTCclock ; None                        ; None                      ; 7.474 ns                ;
; N/A   ; 122.20 MHz ( period = 8.183 ns )               ; CTC:CTCWaveGen|count[7] ; CTC:CTCWaveGen|count[7] ; CTCclock   ; CTCclock ; None                        ; None                      ; 7.474 ns                ;
; N/A   ; 122.20 MHz ( period = 8.183 ns )               ; CTC:CTCWaveGen|count[7] ; CTC:CTCWaveGen|count[8] ; CTCclock   ; CTCclock ; None                        ; None                      ; 7.474 ns                ;
; N/A   ; 122.23 MHz ( period = 8.181 ns )               ; CTC:CTCWaveGen|count[4] ; CTC:CTCWaveGen|outtmp   ; CTCclock   ; CTCclock ; None                        ; None                      ; 7.472 ns                ;
; N/A   ; 122.25 MHz ( period = 8.180 ns )               ; CTC:CTCWaveGen|count[8] ; CTC:CTCWaveGen|outtmp   ; CTCclock   ; CTCclock ; None                        ; None                      ; 7.471 ns                ;
; N/A   ; 122.26 MHz ( period = 8.179 ns )               ; CTC:CTCWaveGen|count[0] ; CTC:CTCWaveGen|count[6] ; CTCclock   ; CTCclock ; None                        ; None                      ; 7.470 ns                ;
; N/A   ; 122.26 MHz ( period = 8.179 ns )               ; CTC:CTCWaveGen|count[0] ; CTC:CTCWaveGen|count[5] ; CTCclock   ; CTCclock ; None                        ; None                      ; 7.470 ns                ;
; N/A   ; 122.26 MHz ( period = 8.179 ns )               ; CTC:CTCWaveGen|count[0] ; CTC:CTCWaveGen|count[4] ; CTCclock   ; CTCclock ; None                        ; None                      ; 7.470 ns                ;
; N/A   ; 122.26 MHz ( period = 8.179 ns )               ; CTC:CTCWaveGen|count[0] ; CTC:CTCWaveGen|count[1] ; CTCclock   ; CTCclock ; None                        ; None                      ; 7.470 ns                ;
; N/A   ; 122.26 MHz ( period = 8.179 ns )               ; CTC:CTCWaveGen|count[0] ; CTC:CTCWaveGen|count[0] ; CTCclock   ; CTCclock ; None                        ; None                      ; 7.470 ns                ;
; N/A   ; 122.26 MHz ( period = 8.179 ns )               ; CTC:CTCWaveGen|count[0] ; CTC:CTCWaveGen|count[3] ; CTCclock   ; CTCclock ; None                        ; None                      ; 7.470 ns                ;
; N/A   ; 122.26 MHz ( period = 8.179 ns )               ; CTC:CTCWaveGen|count[0] ; CTC:CTCWaveGen|count[2] ; CTCclock   ; CTCclock ; None                        ; None                      ; 7.470 ns                ;
; N/A   ; 122.26 MHz ( period = 8.179 ns )               ; CTC:CTCWaveGen|count[0] ; CTC:CTCWaveGen|count[7] ; CTCclock   ; CTCclock ; None                        ; None                      ; 7.470 ns                ;
; N/A   ; 122.26 MHz ( period = 8.179 ns )               ; CTC:CTCWaveGen|count[0] ; CTC:CTCWaveGen|count[8] ; CTCclock   ; CTCclock ; None                        ; None                      ; 7.470 ns                ;
; N/A   ; 123.55 MHz ( period = 8.094 ns )               ; CTC:CTCWaveGen|count[7] ; CTC:CTCWaveGen|outtmp   ; CTCclock   ; CTCclock ; None                        ; None                      ; 7.385 ns                ;
; N/A   ; 123.61 MHz ( period = 8.090 ns )               ; CTC:CTCWaveGen|count[0] ; CTC:CTCWaveGen|outtmp   ; CTCclock   ; CTCclock ; None                        ; None                      ; 7.381 ns                ;
; N/A   ; 123.62 MHz ( period = 8.089 ns )               ; CTC:CTCWaveGen|count[5] ; CTC:CTCWaveGen|count[6] ; CTCclock   ; CTCclock ; None                        ; None                      ; 7.380 ns                ;
; N/A   ; 123.62 MHz ( period = 8.089 ns )               ; CTC:CTCWaveGen|count[5] ; CTC:CTCWaveGen|count[5] ; CTCclock   ; CTCclock ; None                        ; None                      ; 7.380 ns                ;
; N/A   ; 123.62 MHz ( period = 8.089 ns )               ; CTC:CTCWaveGen|count[5] ; CTC:CTCWaveGen|count[4] ; CTCclock   ; CTCclock ; None                        ; None                      ; 7.380 ns                ;
; N/A   ; 123.62 MHz ( period = 8.089 ns )               ; CTC:CTCWaveGen|count[5] ; CTC:CTCWaveGen|count[1] ; CTCclock   ; CTCclock ; None                        ; None                      ; 7.380 ns                ;
; N/A   ; 123.62 MHz ( period = 8.089 ns )               ; CTC:CTCWaveGen|count[5] ; CTC:CTCWaveGen|count[0] ; CTCclock   ; CTCclock ; None                        ; None                      ; 7.380 ns                ;
; N/A   ; 123.62 MHz ( period = 8.089 ns )               ; CTC:CTCWaveGen|count[5] ; CTC:CTCWaveGen|count[3] ; CTCclock   ; CTCclock ; None                        ; None                      ; 7.380 ns                ;
; N/A   ; 123.62 MHz ( period = 8.089 ns )               ; CTC:CTCWaveGen|count[5] ; CTC:CTCWaveGen|count[2] ; CTCclock   ; CTCclock ; None                        ; None                      ; 7.380 ns                ;
; N/A   ; 123.62 MHz ( period = 8.089 ns )               ; CTC:CTCWaveGen|count[5] ; CTC:CTCWaveGen|count[7] ; CTCclock   ; CTCclock ; None                        ; None                      ; 7.380 ns                ;
; N/A   ; 123.62 MHz ( period = 8.089 ns )               ; CTC:CTCWaveGen|count[5] ; CTC:CTCWaveGen|count[8] ; CTCclock   ; CTCclock ; None                        ; None                      ; 7.380 ns                ;
; N/A   ; 125.00 MHz ( period = 8.000 ns )               ; CTC:CTCWaveGen|count[5] ; CTC:CTCWaveGen|outtmp   ; CTCclock   ; CTCclock ; None                        ; None                      ; 7.291 ns                ;
; N/A   ; 125.17 MHz ( period = 7.989 ns )               ; CTC:CTCWaveGen|count[6] ; CTC:CTCWaveGen|count[6] ; CTCclock   ; CTCclock ; None                        ; None                      ; 7.280 ns                ;
; N/A   ; 125.17 MHz ( period = 7.989 ns )               ; CTC:CTCWaveGen|count[6] ; CTC:CTCWaveGen|count[5] ; CTCclock   ; CTCclock ; None                        ; None                      ; 7.280 ns                ;
; N/A   ; 125.17 MHz ( period = 7.989 ns )               ; CTC:CTCWaveGen|count[6] ; CTC:CTCWaveGen|count[4] ; CTCclock   ; CTCclock ; None                        ; None                      ; 7.280 ns                ;
; N/A   ; 125.17 MHz ( period = 7.989 ns )               ; CTC:CTCWaveGen|count[6] ; CTC:CTCWaveGen|count[1] ; CTCclock   ; CTCclock ; None                        ; None                      ; 7.280 ns                ;
; N/A   ; 125.17 MHz ( period = 7.989 ns )               ; CTC:CTCWaveGen|count[6] ; CTC:CTCWaveGen|count[0] ; CTCclock   ; CTCclock ; None                        ; None                      ; 7.280 ns                ;
; N/A   ; 125.17 MHz ( period = 7.989 ns )               ; CTC:CTCWaveGen|count[6] ; CTC:CTCWaveGen|count[3] ; CTCclock   ; CTCclock ; None                        ; None                      ; 7.280 ns                ;
; N/A   ; 125.17 MHz ( period = 7.989 ns )               ; CTC:CTCWaveGen|count[6] ; CTC:CTCWaveGen|count[2] ; CTCclock   ; CTCclock ; None                        ; None                      ; 7.280 ns                ;
; N/A   ; 125.17 MHz ( period = 7.989 ns )               ; CTC:CTCWaveGen|count[6] ; CTC:CTCWaveGen|count[7] ; CTCclock   ; CTCclock ; None                        ; None                      ; 7.280 ns                ;
; N/A   ; 125.17 MHz ( period = 7.989 ns )               ; CTC:CTCWaveGen|count[6] ; CTC:CTCWaveGen|count[8] ; CTCclock   ; CTCclock ; None                        ; None                      ; 7.280 ns                ;
; N/A   ; 126.58 MHz ( period = 7.900 ns )               ; CTC:CTCWaveGen|count[6] ; CTC:CTCWaveGen|outtmp   ; CTCclock   ; CTCclock ; None                        ; None                      ; 7.191 ns                ;
; N/A   ; 137.68 MHz ( period = 7.263 ns )               ; CTC:CTCWaveGen|count[2] ; CTC:CTCWaveGen|count[6] ; CTCclock   ; CTCclock ; None                        ; None                      ; 6.554 ns                ;
; N/A   ; 137.68 MHz ( period = 7.263 ns )               ; CTC:CTCWaveGen|count[2] ; CTC:CTCWaveGen|count[5] ; CTCclock   ; CTCclock ; None                        ; None                      ; 6.554 ns                ;
; N/A   ; 137.68 MHz ( period = 7.263 ns )               ; CTC:CTCWaveGen|count[2] ; CTC:CTCWaveGen|count[4] ; CTCclock   ; CTCclock ; None                        ; None                      ; 6.554 ns                ;
; N/A   ; 137.68 MHz ( period = 7.263 ns )               ; CTC:CTCWaveGen|count[2] ; CTC:CTCWaveGen|count[1] ; CTCclock   ; CTCclock ; None                        ; None                      ; 6.554 ns                ;
; N/A   ; 137.68 MHz ( period = 7.263 ns )               ; CTC:CTCWaveGen|count[2] ; CTC:CTCWaveGen|count[0] ; CTCclock   ; CTCclock ; None                        ; None                      ; 6.554 ns                ;
; N/A   ; 137.68 MHz ( period = 7.263 ns )               ; CTC:CTCWaveGen|count[2] ; CTC:CTCWaveGen|count[3] ; CTCclock   ; CTCclock ; None                        ; None                      ; 6.554 ns                ;
; N/A   ; 137.68 MHz ( period = 7.263 ns )               ; CTC:CTCWaveGen|count[2] ; CTC:CTCWaveGen|count[2] ; CTCclock   ; CTCclock ; None                        ; None                      ; 6.554 ns                ;
; N/A   ; 137.68 MHz ( period = 7.263 ns )               ; CTC:CTCWaveGen|count[2] ; CTC:CTCWaveGen|count[7] ; CTCclock   ; CTCclock ; None                        ; None                      ; 6.554 ns                ;
; N/A   ; 137.68 MHz ( period = 7.263 ns )               ; CTC:CTCWaveGen|count[2] ; CTC:CTCWaveGen|count[8] ; CTCclock   ; CTCclock ; None                        ; None                      ; 6.554 ns                ;
; N/A   ; 139.39 MHz ( period = 7.174 ns )               ; CTC:CTCWaveGen|count[2] ; CTC:CTCWaveGen|outtmp   ; CTCclock   ; CTCclock ; None                        ; None                      ; 6.465 ns                ;
; N/A   ; Restricted to 304.04 MHz ( period = 3.289 ns ) ; CTC:CTCWaveGen|outtmp   ; CTC:CTCWaveGen|outtmp   ; CTCclock   ; CTCclock ; None                        ; None                      ; 1.744 ns                ;
+-------+------------------------------------------------+-------------------------+-------------------------+------------+----------+-----------------------------+---------------------------+-------------------------+


+----------------------------------------------------------------------------------------------------------------------------------------------------------------------------------+
; Clock Setup: 'Soundclock'                                                                                                                                                        ;
+-------+----------------------------------+----------+--------------+------------+------------+-----------------------------+---------------------------+-------------------------+
; Slack ; Actual fmax (period)             ; From     ; To           ; From Clock ; To Clock   ; Required Setup Relationship ; Required Longest P2P Time ; Actual Longest P2P Time ;
+-------+----------------------------------+----------+--------------+------------+------------+-----------------------------+---------------------------+-------------------------+
; N/A   ; 82.25 MHz ( period = 12.158 ns ) ; count[3] ; count[2]     ; Soundclock ; Soundclock ; None                        ; None                      ; 11.449 ns               ;
; N/A   ; 82.25 MHz ( period = 12.158 ns ) ; count[3] ; count[4]     ; Soundclock ; Soundclock ; None                        ; None                      ; 11.449 ns               ;
; N/A   ; 82.25 MHz ( period = 12.158 ns ) ; count[3] ; count[1]     ; Soundclock ; Soundclock ; None                        ; None                      ; 11.449 ns               ;
; N/A   ; 82.25 MHz ( period = 12.158 ns ) ; count[3] ; count[0]     ; Soundclock ; Soundclock ; None                        ; None                      ; 11.449 ns               ;
; N/A   ; 82.25 MHz ( period = 12.158 ns ) ; count[3] ; count[3]     ; Soundclock ; Soundclock ; None                        ; None                      ; 11.449 ns               ;
; N/A   ; 82.25 MHz ( period = 12.158 ns ) ; count[3] ; count[5]     ; Soundclock ; Soundclock ; None                        ; None                      ; 11.449 ns               ;
; N/A   ; 85.30 MHz ( period = 11.723 ns ) ; count[0] ; count[2]     ; Soundclock ; Soundclock ; None                        ; None                      ; 11.014 ns               ;
; N/A   ; 85.30 MHz ( period = 11.723 ns ) ; count[0] ; count[4]     ; Soundclock ; Soundclock ; None                        ; None                      ; 11.014 ns               ;
; N/A   ; 85.30 MHz ( period = 11.723 ns ) ; count[0] ; count[1]     ; Soundclock ; Soundclock ; None                        ; None                      ; 11.014 ns               ;
; N/A   ; 85.30 MHz ( period = 11.723 ns ) ; count[0] ; count[0]     ; Soundclock ; Soundclock ; None                        ; None                      ; 11.014 ns               ;
; N/A   ; 85.30 MHz ( period = 11.723 ns ) ; count[0] ; count[3]     ; Soundclock ; Soundclock ; None                        ; None                      ; 11.014 ns               ;
; N/A   ; 85.30 MHz ( period = 11.723 ns ) ; count[0] ; count[5]     ; Soundclock ; Soundclock ; None                        ; None                      ; 11.014 ns               ;
; N/A   ; 85.35 MHz ( period = 11.717 ns ) ; count[4] ; count[2]     ; Soundclock ; Soundclock ; None                        ; None                      ; 11.008 ns               ;
; N/A   ; 85.35 MHz ( period = 11.717 ns ) ; count[4] ; count[4]     ; Soundclock ; Soundclock ; None                        ; None                      ; 11.008 ns               ;
; N/A   ; 85.35 MHz ( period = 11.717 ns ) ; count[4] ; count[1]     ; Soundclock ; Soundclock ; None                        ; None                      ; 11.008 ns               ;
; N/A   ; 85.35 MHz ( period = 11.717 ns ) ; count[4] ; count[0]     ; Soundclock ; Soundclock ; None                        ; None                      ; 11.008 ns               ;
; N/A   ; 85.35 MHz ( period = 11.717 ns ) ; count[4] ; count[3]     ; Soundclock ; Soundclock ; None                        ; None                      ; 11.008 ns               ;
; N/A   ; 85.35 MHz ( period = 11.717 ns ) ; count[4] ; count[5]     ; Soundclock ; Soundclock ; None                        ; None                      ; 11.008 ns               ;
; N/A   ; 85.62 MHz ( period = 11.679 ns ) ; count[5] ; count[2]     ; Soundclock ; Soundclock ; None                        ; None                      ; 10.970 ns               ;
; N/A   ; 85.62 MHz ( period = 11.679 ns ) ; count[5] ; count[4]     ; Soundclock ; Soundclock ; None                        ; None                      ; 10.970 ns               ;
; N/A   ; 85.62 MHz ( period = 11.679 ns ) ; count[5] ; count[1]     ; Soundclock ; Soundclock ; None                        ; None                      ; 10.970 ns               ;
; N/A   ; 85.62 MHz ( period = 11.679 ns ) ; count[5] ; count[0]     ; Soundclock ; Soundclock ; None                        ; None                      ; 10.970 ns               ;
; N/A   ; 85.62 MHz ( period = 11.679 ns ) ; count[5] ; count[3]     ; Soundclock ; Soundclock ; None                        ; None                      ; 10.970 ns               ;
; N/A   ; 85.62 MHz ( period = 11.679 ns ) ; count[5] ; count[5]     ; Soundclock ; Soundclock ; None                        ; None                      ; 10.970 ns               ;
; N/A   ; 88.18 MHz ( period = 11.341 ns ) ; count[3] ; SoundFrep[2] ; Soundclock ; Soundclock ; None                        ; None                      ; 10.632 ns               ;
; N/A   ; 88.21 MHz ( period = 11.336 ns ) ; count[1] ; count[2]     ; Soundclock ; Soundclock ; None                        ; None                      ; 10.627 ns               ;
; N/A   ; 88.21 MHz ( period = 11.336 ns ) ; count[1] ; count[4]     ; Soundclock ; Soundclock ; None                        ; None                      ; 10.627 ns               ;
; N/A   ; 88.21 MHz ( period = 11.336 ns ) ; count[1] ; count[1]     ; Soundclock ; Soundclock ; None                        ; None                      ; 10.627 ns               ;
; N/A   ; 88.21 MHz ( period = 11.336 ns ) ; count[1] ; count[0]     ; Soundclock ; Soundclock ; None                        ; None                      ; 10.627 ns               ;
; N/A   ; 88.21 MHz ( period = 11.336 ns ) ; count[1] ; count[3]     ; Soundclock ; Soundclock ; None                        ; None                      ; 10.627 ns               ;
; N/A   ; 88.21 MHz ( period = 11.336 ns ) ; count[1] ; count[5]     ; Soundclock ; Soundclock ; None                        ; None                      ; 10.627 ns               ;
; N/A   ; 89.18 MHz ( period = 11.213 ns ) ; count[3] ; SoundFrep[0] ; Soundclock ; Soundclock ; None                        ; None                      ; 10.504 ns               ;
; N/A   ; 89.52 MHz ( period = 11.171 ns ) ; count[2] ; count[2]     ; Soundclock ; Soundclock ; None                        ; None                      ; 10.462 ns               ;
; N/A   ; 89.52 MHz ( period = 11.171 ns ) ; count[2] ; count[4]     ; Soundclock ; Soundclock ; None                        ; None                      ; 10.462 ns               ;
; N/A   ; 89.52 MHz ( period = 11.171 ns ) ; count[2] ; count[1]     ; Soundclock ; Soundclock ; None                        ; None                      ; 10.462 ns               ;
; N/A   ; 89.52 MHz ( period = 11.171 ns ) ; count[2] ; count[0]     ; Soundclock ; Soundclock ; None                        ; None                      ; 10.462 ns               ;
; N/A   ; 89.52 MHz ( period = 11.171 ns ) ; count[2] ; count[3]     ; Soundclock ; Soundclock ; None                        ; None                      ; 10.462 ns               ;
; N/A   ; 89.52 MHz ( period = 11.171 ns ) ; count[2] ; count[5]     ; Soundclock ; Soundclock ; None                        ; None                      ; 10.462 ns               ;
; N/A   ; 89.56 MHz ( period = 11.166 ns ) ; count[3] ; SoundFrep[4] ; Soundclock ; Soundclock ; None                        ; None                      ; 10.457 ns               ;
; N/A   ; 89.93 MHz ( period = 11.120 ns ) ; count[3] ; SoundFrep[1] ; Soundclock ; Soundclock ; None                        ; None                      ; 10.411 ns               ;
; N/A   ; 90.30 MHz ( period = 11.074 ns ) ; count[1] ; SoundFrep[2] ; Soundclock ; Soundclock ; None                        ; None                      ; 10.365 ns               ;
; N/A   ; 90.40 MHz ( period = 11.062 ns ) ; count[5] ; SoundFrep[2] ; Soundclock ; Soundclock ; None                        ; None                      ; 10.353 ns               ;
; N/A   ; 91.67 MHz ( period = 10.909 ns ) ; count[2] ; SoundFrep[2] ; Soundclock ; Soundclock ; None                        ; None                      ; 10.200 ns               ;
; N/A   ; 91.72 MHz ( period = 10.903 ns ) ; count[4] ; SoundFrep[2] ; Soundclock ; Soundclock ; None                        ; None                      ; 10.194 ns               ;
; N/A   ; 91.76 MHz ( period = 10.898 ns ) ; count[3] ; SoundFrep[6] ; Soundclock ; Soundclock ; None                        ; None                      ; 10.189 ns               ;
; N/A   ; 92.78 MHz ( period = 10.778 ns ) ; count[0] ; SoundFrep[0] ; Soundclock ; Soundclock ; None                        ; None                      ; 10.069 ns               ;
; N/A   ; 92.83 MHz ( period = 10.772 ns ) ; count[4] ; SoundFrep[0] ; Soundclock ; Soundclock ; None                        ; None                      ; 10.063 ns               ;
; N/A   ; 93.16 MHz ( period = 10.734 ns ) ; count[5] ; SoundFrep[0] ; Soundclock ; Soundclock ; None                        ; None                      ; 10.025 ns               ;
; N/A   ; 93.19 MHz ( period = 10.731 ns ) ; count[0] ; SoundFrep[4] ; Soundclock ; Soundclock ; None                        ; None                      ; 10.022 ns               ;
; N/A   ; 93.24 MHz ( period = 10.725 ns ) ; count[4] ; SoundFrep[4] ; Soundclock ; Soundclock ; None                        ; None                      ; 10.016 ns               ;
; N/A   ; 93.57 MHz ( period = 10.687 ns ) ; count[5] ; SoundFrep[4] ; Soundclock ; Soundclock ; None                        ; None                      ; 9.978 ns                ;
; N/A   ; 93.59 MHz ( period = 10.685 ns ) ; count[0] ; SoundFrep[1] ; Soundclock ; Soundclock ; None                        ; None                      ; 9.976 ns                ;
; N/A   ; 93.64 MHz ( period = 10.679 ns ) ; count[4] ; SoundFrep[1] ; Soundclock ; Soundclock ; None                        ; None                      ; 9.970 ns                ;
; N/A   ; 93.98 MHz ( period = 10.641 ns ) ; count[5] ; SoundFrep[1] ; Soundclock ; Soundclock ; None                        ; None                      ; 9.932 ns                ;
; N/A   ; 94.74 MHz ( period = 10.555 ns ) ; count[0] ; SoundFrep[2] ; Soundclock ; Soundclock ; None                        ; None                      ; 9.846 ns                ;
; N/A   ; 95.57 MHz ( period = 10.463 ns ) ; count[0] ; SoundFrep[6] ; Soundclock ; Soundclock ; None                        ; None                      ; 9.754 ns                ;
; N/A   ; 95.63 MHz ( period = 10.457 ns ) ; count[4] ; SoundFrep[6] ; Soundclock ; Soundclock ; None                        ; None                      ; 9.748 ns                ;
; N/A   ; 95.98 MHz ( period = 10.419 ns ) ; count[5] ; SoundFrep[6] ; Soundclock ; Soundclock ; None                        ; None                      ; 9.710 ns                ;
; N/A   ; 96.24 MHz ( period = 10.391 ns ) ; count[1] ; SoundFrep[0] ; Soundclock ; Soundclock ; None                        ; None                      ; 9.682 ns                ;
; N/A   ; 96.67 MHz ( period = 10.344 ns ) ; count[1] ; SoundFrep[4] ; Soundclock ; Soundclock ; None                        ; None                      ; 9.635 ns                ;
; N/A   ; 97.05 MHz ( period = 10.304 ns ) ; count[3] ; CTCEnable    ; Soundclock ; Soundclock ; None                        ; None                      ; 9.595 ns                ;
; N/A   ; 97.11 MHz ( period = 10.298 ns ) ; count[1] ; SoundFrep[1] ; Soundclock ; Soundclock ; None                        ; None                      ; 9.589 ns                ;
; N/A   ; 97.79 MHz ( period = 10.226 ns ) ; count[2] ; SoundFrep[0] ; Soundclock ; Soundclock ; None                        ; None                      ; 9.517 ns                ;
; N/A   ; 98.24 MHz ( period = 10.179 ns ) ; count[2] ; SoundFrep[4] ; Soundclock ; Soundclock ; None                        ; None                      ; 9.470 ns                ;
; N/A   ; 98.69 MHz ( period = 10.133 ns ) ; count[2] ; SoundFrep[1] ; Soundclock ; Soundclock ; None                        ; None                      ; 9.424 ns                ;
; N/A   ; 99.25 MHz ( period = 10.076 ns ) ; count[1] ; SoundFrep[6] ; Soundclock ; Soundclock ; None                        ; None                      ; 9.367 ns                ;
; N/A   ; 100.90 MHz ( period = 9.911 ns ) ; count[2] ; SoundFrep[6] ; Soundclock ; Soundclock ; None                        ; None                      ; 9.202 ns                ;
; N/A   ; 101.33 MHz ( period = 9.869 ns ) ; count[0] ; CTCEnable    ; Soundclock ; Soundclock ; None                        ; None                      ; 9.160 ns                ;
; N/A   ; 101.39 MHz ( period = 9.863 ns ) ; count[4] ; CTCEnable    ; Soundclock ; Soundclock ; None                        ; None                      ; 9.154 ns                ;
; N/A   ; 101.78 MHz ( period = 9.825 ns ) ; count[5] ; CTCEnable    ; Soundclock ; Soundclock ; None                        ; None                      ; 9.116 ns                ;
; N/A   ; 104.06 MHz ( period = 9.610 ns ) ; count[1] ; SoundFrep[3] ; Soundclock ; Soundclock ; None                        ; None                      ; 8.901 ns                ;
; N/A   ; 104.19 MHz ( period = 9.598 ns ) ; count[5] ; SoundFrep[3] ; Soundclock ; Soundclock ; None                        ; None                      ; 8.889 ns                ;
; N/A   ; 104.36 MHz ( period = 9.582 ns ) ; count[1] ; SoundFrep[5] ; Soundclock ; Soundclock ; None                        ; None                      ; 8.873 ns                ;
; N/A   ; 104.49 MHz ( period = 9.570 ns ) ; count[5] ; SoundFrep[5] ; Soundclock ; Soundclock ; None                        ; None                      ; 8.861 ns                ;
; N/A   ; 105.46 MHz ( period = 9.482 ns ) ; count[1] ; CTCEnable    ; Soundclock ; Soundclock ; None                        ; None                      ; 8.773 ns                ;
; N/A   ; 105.88 MHz ( period = 9.445 ns ) ; count[2] ; SoundFrep[3] ; Soundclock ; Soundclock ; None                        ; None                      ; 8.736 ns                ;
; N/A   ; 106.19 MHz ( period = 9.417 ns ) ; count[2] ; SoundFrep[5] ; Soundclock ; Soundclock ; None                        ; None                      ; 8.708 ns                ;
; N/A   ; 106.97 MHz ( period = 9.348 ns ) ; count[4] ; SoundFrep[3] ; Soundclock ; Soundclock ; None                        ; None                      ; 8.639 ns                ;
; N/A   ; 107.30 MHz ( period = 9.320 ns ) ; count[4] ; SoundFrep[5] ; Soundclock ; Soundclock ; None                        ; None                      ; 8.611 ns                ;
; N/A   ; 107.33 MHz ( period = 9.317 ns ) ; count[2] ; CTCEnable    ; Soundclock ; Soundclock ; None                        ; None                      ; 8.608 ns                ;
; N/A   ; 107.99 MHz ( period = 9.260 ns ) ; count[3] ; SoundFrep[5] ; Soundclock ; Soundclock ; None                        ; None                      ; 8.551 ns                ;
; N/A   ; 108.08 MHz ( period = 9.252 ns ) ; count[3] ; SoundFrep[3] ; Soundclock ; Soundclock ; None                        ; None                      ; 8.543 ns                ;
; N/A   ; 109.12 MHz ( period = 9.164 ns ) ; count[0] ; SoundFrep[5] ; Soundclock ; Soundclock ; None                        ; None                      ; 8.455 ns                ;
; N/A   ; 109.22 MHz ( period = 9.156 ns ) ; count[0] ; SoundFrep[3] ; Soundclock ; Soundclock ; None                        ; None                      ; 8.447 ns                ;
+-------+----------------------------------+----------+--------------+------------+------------+-----------------------------+---------------------------+-------------------------+


+--------------------------------------------------------------------------+
; tsu                                                                      ;
+-------+--------------+------------+----------+--------------+------------+
; Slack ; Required tsu ; Actual tsu ; From     ; To           ; To Clock   ;
+-------+--------------+------------+----------+--------------+------------+
; N/A   ; None         ; 10.724 ns  ; SoundSel ; count[2]     ; Soundclock ;
; N/A   ; None         ; 10.724 ns  ; SoundSel ; count[4]     ; Soundclock ;
; N/A   ; None         ; 10.724 ns  ; SoundSel ; count[1]     ; Soundclock ;
; N/A   ; None         ; 10.724 ns  ; SoundSel ; count[0]     ; Soundclock ;
; N/A   ; None         ; 10.724 ns  ; SoundSel ; count[3]     ; Soundclock ;
; N/A   ; None         ; 10.724 ns  ; SoundSel ; count[5]     ; Soundclock ;
; N/A   ; None         ; 9.910 ns   ; SoundSel ; SoundFrep[2] ; Soundclock ;
; N/A   ; None         ; 9.779 ns   ; SoundSel ; SoundFrep[0] ; Soundclock ;
; N/A   ; None         ; 9.732 ns   ; SoundSel ; SoundFrep[4] ; Soundclock ;
; N/A   ; None         ; 9.686 ns   ; SoundSel ; SoundFrep[1] ; Soundclock ;
; N/A   ; None         ; 9.464 ns   ; SoundSel ; SoundFrep[6] ; Soundclock ;
; N/A   ; None         ; 8.870 ns   ; SoundSel ; CTCEnable    ; Soundclock ;
; N/A   ; None         ; 7.557 ns   ; SoundSel ; SoundFrep[3] ; Soundclock ;
; N/A   ; None         ; 7.529 ns   ; SoundSel ; SoundFrep[5] ; Soundclock ;
+-------+--------------+------------+----------+--------------+------------+


+-----------------------------------------------------------------------------------+
; tco                                                                               ;
+-------+--------------+------------+-----------------------+----------+------------+
; Slack ; Required tco ; Actual tco ; From                  ; To       ; From Clock ;
+-------+--------------+------------+-----------------------+----------+------------+
; N/A   ; None         ; 9.243 ns   ; CTC:CTCWaveGen|outtmp ; Soundout ; CTCclock   ;
+-------+--------------+------------+-----------------------+----------+------------+


+--------------------------------------------------------------------------------+
; th                                                                             ;
+---------------+-------------+-----------+----------+--------------+------------+
; Minimum Slack ; Required th ; Actual th ; From     ; To           ; To Clock   ;
+---------------+-------------+-----------+----------+--------------+------------+
; N/A           ; None        ; -4.227 ns ; SoundSel ; SoundFrep[5] ; Soundclock ;
; N/A           ; None        ; -4.246 ns ; SoundSel ; SoundFrep[3] ; Soundclock ;
; N/A           ; None        ; -5.590 ns ; SoundSel ; SoundFrep[6] ; Soundclock ;
; N/A           ; None        ; -5.706 ns ; SoundSel ; SoundFrep[0] ; Soundclock ;
; N/A           ; None        ; -5.950 ns ; SoundSel ; SoundFrep[4] ; Soundclock ;
; N/A           ; None        ; -6.038 ns ; SoundSel ; SoundFrep[1] ; Soundclock ;
; N/A           ; None        ; -6.531 ns ; SoundSel ; SoundFrep[2] ; Soundclock ;
; N/A           ; None        ; -6.875 ns ; SoundSel ; CTCEnable    ; Soundclock ;
; N/A           ; None        ; -8.729 ns ; SoundSel ; count[2]     ; Soundclock ;
; N/A           ; None        ; -8.729 ns ; SoundSel ; count[4]     ; Soundclock ;
; N/A           ; None        ; -8.729 ns ; SoundSel ; count[1]     ; Soundclock ;
; N/A           ; None        ; -8.729 ns ; SoundSel ; count[0]     ; Soundclock ;
; N/A           ; None        ; -8.729 ns ; SoundSel ; count[3]     ; Soundclock ;
; N/A           ; None        ; -8.729 ns ; SoundSel ; count[5]     ; Soundclock ;
+---------------+-------------+-----------+----------+--------------+------------+


+--------------------------+
; Timing Analyzer Messages ;
+--------------------------+
Info: *******************************************************************
Info: Running Quartus II Classic Timing Analyzer
    Info: Version 9.0 Build 235 06/17/2009 Service Pack 2 SJ Web Edition
    Info: Processing started: Sun Oct 29 14:30:17 2017
Info: Command: quartus_tan --read_settings_files=off --write_settings_files=off Sound -c Sound
Info: Started post-fitting delay annotation
Info: Delay annotation completed successfully
Warning: Found pins functioning as undefined clocks and/or memory enables
    Info: Assuming node "CTCclock" is an undefined clock
    Info: Assuming node "Soundclock" is an undefined clock
Info: Clock "CTCclock" has Internal fmax of 119.76 MHz between source register "CTC:CTCWaveGen|count[3]" and destination register "CTC:CTCWaveGen|count[6]" (period= 8.35 ns)
    Info: + Longest register to register delay is 7.641 ns
        Info: 1: + IC(0.000 ns) + CELL(0.000 ns) = 0.000 ns; Loc. = LC_X15_Y7_N3; Fanout = 4; REG Node = 'CTC:CTCWaveGen|count[3]'
        Info: 2: + IC(2.604 ns) + CELL(0.511 ns) = 3.115 ns; Loc. = LC_X12_Y6_N0; Fanout = 1; COMB Node = 'CTC:CTCWaveGen|Equal0~1'
        Info: 3: + IC(1.887 ns) + CELL(0.200 ns) = 5.202 ns; Loc. = LC_X15_Y7_N9; Fanout = 10; COMB Node = 'CTC:CTCWaveGen|Equal0~4'
        Info: 4: + IC(0.679 ns) + CELL(1.760 ns) = 7.641 ns; Loc. = LC_X15_Y7_N6; Fanout = 4; REG Node = 'CTC:CTCWaveGen|count[6]'
        Info: Total cell delay = 2.471 ns ( 32.34 % )
        Info: Total interconnect delay = 5.170 ns ( 67.66 % )
    Info: - Smallest clock skew is 0.000 ns
        Info: + Shortest clock path from clock "CTCclock" to destination register is 3.819 ns
            Info: 1: + IC(0.000 ns) + CELL(1.163 ns) = 1.163 ns; Loc. = PIN_L1; Fanout = 10; CLK Node = 'CTCclock'
            Info: 2: + IC(1.738 ns) + CELL(0.918 ns) = 3.819 ns; Loc. = LC_X15_Y7_N6; Fanout = 4; REG Node = 'CTC:CTCWaveGen|count[6]'
            Info: Total cell delay = 2.081 ns ( 54.49 % )
            Info: Total interconnect delay = 1.738 ns ( 45.51 % )
        Info: - Longest clock path from clock "CTCclock" to source register is 3.819 ns
            Info: 1: + IC(0.000 ns) + CELL(1.163 ns) = 1.163 ns; Loc. = PIN_L1; Fanout = 10; CLK Node = 'CTCclock'
            Info: 2: + IC(1.738 ns) + CELL(0.918 ns) = 3.819 ns; Loc. = LC_X15_Y7_N3; Fanout = 4; REG Node = 'CTC:CTCWaveGen|count[3]'
            Info: Total cell delay = 2.081 ns ( 54.49 % )
            Info: Total interconnect delay = 1.738 ns ( 45.51 % )
    Info: + Micro clock to output delay of source is 0.376 ns
    Info: + Micro setup delay of destination is 0.333 ns
Info: Clock "Soundclock" has Internal fmax of 82.25 MHz between source register "count[3]" and destination register "count[2]" (period= 12.158 ns)
    Info: + Longest register to register delay is 11.449 ns
        Info: 1: + IC(0.000 ns) + CELL(0.000 ns) = 0.000 ns; Loc. = LC_X13_Y8_N4; Fanout = 10; REG Node = 'count[3]'
        Info: 2: + IC(2.247 ns) + CELL(0.511 ns) = 2.758 ns; Loc. = LC_X12_Y8_N5; Fanout = 2; COMB Node = 'Mux3~0'
        Info: 3: + IC(1.235 ns) + CELL(0.200 ns) = 4.193 ns; Loc. = LC_X13_Y8_N0; Fanout = 10; COMB Node = 'Mux2~0'
        Info: 4: + IC(2.407 ns) + CELL(0.740 ns) = 7.340 ns; Loc. = LC_X16_Y7_N3; Fanout = 12; COMB Node = 'Equal0~1'
        Info: 5: + IC(2.349 ns) + CELL(1.760 ns) = 11.449 ns; Loc. = LC_X13_Y8_N3; Fanout = 10; REG Node = 'count[2]'
        Info: Total cell delay = 3.211 ns ( 28.05 % )
        Info: Total interconnect delay = 8.238 ns ( 71.95 % )
    Info: - Smallest clock skew is 0.000 ns
        Info: + Shortest clock path from clock "Soundclock" to destination register is 3.819 ns
            Info: 1: + IC(0.000 ns) + CELL(1.163 ns) = 1.163 ns; Loc. = PIN_K1; Fanout = 14; CLK Node = 'Soundclock'
            Info: 2: + IC(1.738 ns) + CELL(0.918 ns) = 3.819 ns; Loc. = LC_X13_Y8_N3; Fanout = 10; REG Node = 'count[2]'
            Info: Total cell delay = 2.081 ns ( 54.49 % )
            Info: Total interconnect delay = 1.738 ns ( 45.51 % )
        Info: - Longest clock path from clock "Soundclock" to source register is 3.819 ns
            Info: 1: + IC(0.000 ns) + CELL(1.163 ns) = 1.163 ns; Loc. = PIN_K1; Fanout = 14; CLK Node = 'Soundclock'
            Info: 2: + IC(1.738 ns) + CELL(0.918 ns) = 3.819 ns; Loc. = LC_X13_Y8_N4; Fanout = 10; REG Node = 'count[3]'
            Info: Total cell delay = 2.081 ns ( 54.49 % )
            Info: Total interconnect delay = 1.738 ns ( 45.51 % )
    Info: + Micro clock to output delay of source is 0.376 ns
    Info: + Micro setup delay of destination is 0.333 ns
Info: tsu for register "count[2]" (data pin = "SoundSel", clock pin = "Soundclock") is 10.724 ns
    Info: + Longest pin to register delay is 14.210 ns
        Info: 1: + IC(0.000 ns) + CELL(1.132 ns) = 1.132 ns; Loc. = PIN_M1; Fanout = 5; PIN Node = 'SoundSel'
        Info: 2: + IC(3.788 ns) + CELL(0.740 ns) = 5.660 ns; Loc. = LC_X13_Y8_N7; Fanout = 2; COMB Node = 'Mux3~1'
        Info: 3: + IC(0.783 ns) + CELL(0.511 ns) = 6.954 ns; Loc. = LC_X13_Y8_N0; Fanout = 10; COMB Node = 'Mux2~0'
        Info: 4: + IC(2.407 ns) + CELL(0.740 ns) = 10.101 ns; Loc. = LC_X16_Y7_N3; Fanout = 12; COMB Node = 'Equal0~1'
        Info: 5: + IC(2.349 ns) + CELL(1.760 ns) = 14.210 ns; Loc. = LC_X13_Y8_N3; Fanout = 10; REG Node = 'count[2]'
        Info: Total cell delay = 4.883 ns ( 34.36 % )
        Info: Total interconnect delay = 9.327 ns ( 65.64 % )
    Info: + Micro setup delay of destination is 0.333 ns
    Info: - Shortest clock path from clock "Soundclock" to destination register is 3.819 ns
        Info: 1: + IC(0.000 ns) + CELL(1.163 ns) = 1.163 ns; Loc. = PIN_K1; Fanout = 14; CLK Node = 'Soundclock'
        Info: 2: + IC(1.738 ns) + CELL(0.918 ns) = 3.819 ns; Loc. = LC_X13_Y8_N3; Fanout = 10; REG Node = 'count[2]'
        Info: Total cell delay = 2.081 ns ( 54.49 % )
        Info: Total interconnect delay = 1.738 ns ( 45.51 % )
Info: tco from clock "CTCclock" to destination pin "Soundout" through register "CTC:CTCWaveGen|outtmp" is 9.243 ns
    Info: + Longest clock path from clock "CTCclock" to source register is 3.819 ns
        Info: 1: + IC(0.000 ns) + CELL(1.163 ns) = 1.163 ns; Loc. = PIN_L1; Fanout = 10; CLK Node = 'CTCclock'
        Info: 2: + IC(1.738 ns) + CELL(0.918 ns) = 3.819 ns; Loc. = LC_X13_Y7_N4; Fanout = 2; REG Node = 'CTC:CTCWaveGen|outtmp'
        Info: Total cell delay = 2.081 ns ( 54.49 % )
        Info: Total interconnect delay = 1.738 ns ( 45.51 % )
    Info: + Micro clock to output delay of source is 0.376 ns
    Info: + Longest register to pin delay is 5.048 ns
        Info: 1: + IC(0.000 ns) + CELL(0.000 ns) = 0.000 ns; Loc. = LC_X13_Y7_N4; Fanout = 2; REG Node = 'CTC:CTCWaveGen|outtmp'
        Info: 2: + IC(2.726 ns) + CELL(2.322 ns) = 5.048 ns; Loc. = PIN_Y10; Fanout = 0; PIN Node = 'Soundout'
        Info: Total cell delay = 2.322 ns ( 46.00 % )
        Info: Total interconnect delay = 2.726 ns ( 54.00 % )
Info: th for register "SoundFrep[5]" (data pin = "SoundSel", clock pin = "Soundclock") is -4.227 ns
    Info: + Longest clock path from clock "Soundclock" to destination register is 3.819 ns
        Info: 1: + IC(0.000 ns) + CELL(1.163 ns) = 1.163 ns; Loc. = PIN_K1; Fanout = 14; CLK Node = 'Soundclock'
        Info: 2: + IC(1.738 ns) + CELL(0.918 ns) = 3.819 ns; Loc. = LC_X12_Y8_N7; Fanout = 1; REG Node = 'SoundFrep[5]'
        Info: Total cell delay = 2.081 ns ( 54.49 % )
        Info: Total interconnect delay = 1.738 ns ( 45.51 % )
    Info: + Micro hold delay of destination is 0.221 ns
    Info: - Shortest pin to register delay is 8.267 ns
        Info: 1: + IC(0.000 ns) + CELL(1.132 ns) = 1.132 ns; Loc. = PIN_M1; Fanout = 5; PIN Node = 'SoundSel'
        Info: 2: + IC(3.832 ns) + CELL(0.200 ns) = 5.164 ns; Loc. = LC_X12_Y8_N3; Fanout = 1; COMB Node = 'Mux4~0'
        Info: 3: + IC(0.305 ns) + CELL(0.200 ns) = 5.669 ns; Loc. = LC_X12_Y8_N4; Fanout = 9; COMB Node = 'Mux4~1'
        Info: 4: + IC(0.787 ns) + CELL(0.511 ns) = 6.967 ns; Loc. = LC_X12_Y8_N8; Fanout = 1; COMB Node = 'Mux6~9'
        Info: 5: + IC(0.709 ns) + CELL(0.591 ns) = 8.267 ns; Loc. = LC_X12_Y8_N7; Fanout = 1; REG Node = 'SoundFrep[5]'
        Info: Total cell delay = 2.634 ns ( 31.86 % )
        Info: Total interconnect delay = 5.633 ns ( 68.14 % )
Info: Quartus II Classic Timing Analyzer was successful. 0 errors, 1 warning
    Info: Peak virtual memory: 230 megabytes
    Info: Processing ended: Sun Oct 29 14:30:17 2017
    Info: Elapsed time: 00:00:00
    Info: Total CPU time (on all processors): 00:00:00


