Classic Timing Analyzer report for ClockDiv
Wed Nov 08 21:33:04 2017
Quartus II Version 9.0 Build 235 06/17/2009 Service Pack 2 SJ Web Edition


---------------------
; Table of Contents ;
---------------------
  1. Legal Notice
  2. Timing Analyzer Summary
  3. Timing Analyzer Settings
  4. Clock Settings Summary
  5. Parallel Compilation
  6. Clock Setup: 'clock'
  7. tsu
  8. tco
  9. th
 10. Timing Analyzer Messages



----------------
; Legal Notice ;
----------------
Copyright (C) 1991-2009 Altera Corporation
Your use of Altera Corporation's design tools, logic functions 
and other software and tools, and its AMPP partner logic 
functions, and any output files from any of the foregoing 
(including device programming or simulation files), and any 
associated documentation or information are expressly subject 
to the terms and conditions of the Altera Program License 
Subscription Agreement, Altera MegaCore Function License 
Agreement, or other applicable license agreement, including, 
without limitation, that your use is for the sole purpose of 
programming logic devices manufactured by Altera and sold by 
Altera or its authorized distributors.  Please refer to the 
applicable agreement for further details.



+--------------------------------------------------------------------------------------------------------------------------------------------------------------------------+
; Timing Analyzer Summary                                                                                                                                                  ;
+------------------------------+-------+---------------+------------------------------------------------+-------------+-------------+------------+----------+--------------+
; Type                         ; Slack ; Required Time ; Actual Time                                    ; From        ; To          ; From Clock ; To Clock ; Failed Paths ;
+------------------------------+-------+---------------+------------------------------------------------+-------------+-------------+------------+----------+--------------+
; Worst-case tsu               ; N/A   ; None          ; 1.988 ns                                       ; reset       ; output~reg0 ; --         ; clock    ; 0            ;
; Worst-case tco               ; N/A   ; None          ; 7.295 ns                                       ; output~reg0 ; output      ; clock      ; --       ; 0            ;
; Worst-case th                ; N/A   ; None          ; -1.434 ns                                      ; reset       ; output~reg0 ; --         ; clock    ; 0            ;
; Clock Setup: 'clock'         ; N/A   ; None          ; Restricted to 304.04 MHz ( period = 3.289 ns ) ; output~reg0 ; output~reg0 ; clock      ; clock    ; 0            ;
; Total number of failed paths ;       ;               ;                                                ;             ;             ;            ;          ; 0            ;
+------------------------------+-------+---------------+------------------------------------------------+-------------+-------------+------------+----------+--------------+


+--------------------------------------------------------------------------------------------------------------------+
; Timing Analyzer Settings                                                                                           ;
+---------------------------------------------------------------------+--------------------+------+----+-------------+
; Option                                                              ; Setting            ; From ; To ; Entity Name ;
+---------------------------------------------------------------------+--------------------+------+----+-------------+
; Device Name                                                         ; EPM1270T144C5      ;      ;    ;             ;
; Timing Models                                                       ; Final              ;      ;    ;             ;
; Default hold multicycle                                             ; Same as Multicycle ;      ;    ;             ;
; Cut paths between unrelated clock domains                           ; On                 ;      ;    ;             ;
; Cut off read during write signal paths                              ; On                 ;      ;    ;             ;
; Cut off feedback from I/O pins                                      ; On                 ;      ;    ;             ;
; Report Combined Fast/Slow Timing                                    ; Off                ;      ;    ;             ;
; Ignore Clock Settings                                               ; Off                ;      ;    ;             ;
; Analyze latches as synchronous elements                             ; On                 ;      ;    ;             ;
; Enable Recovery/Removal analysis                                    ; Off                ;      ;    ;             ;
; Enable Clock Latency                                                ; Off                ;      ;    ;             ;
; Use TimeQuest Timing Analyzer                                       ; Off                ;      ;    ;             ;
; Minimum Core Junction Temperature                                   ; 0                  ;      ;    ;             ;
; Maximum Core Junction Temperature                                   ; 85                 ;      ;    ;             ;
; Number of source nodes to report per destination node               ; 10                 ;      ;    ;             ;
; Number of destination nodes to report                               ; 10                 ;      ;    ;             ;
; Number of paths to report                                           ; 200                ;      ;    ;             ;
; Report Minimum Timing Checks                                        ; Off                ;      ;    ;             ;
; Use Fast Timing Models                                              ; Off                ;      ;    ;             ;
; Report IO Paths Separately                                          ; Off                ;      ;    ;             ;
; Perform Multicorner Analysis                                        ; Off                ;      ;    ;             ;
; Reports the worst-case path for each clock domain and analysis      ; Off                ;      ;    ;             ;
; Removes common clock path pessimism (CCPP) during slack computation ; Off                ;      ;    ;             ;
; Output I/O Timing Endpoint                                          ; Near End           ;      ;    ;             ;
+---------------------------------------------------------------------+--------------------+------+----+-------------+


+------------------------------------------------------------------------------------------------------------------------------------------------------------------------------------+
; Clock Settings Summary                                                                                                                                                             ;
+-----------------+--------------------+----------+------------------+---------------+--------------+----------+-----------------------+---------------------+--------+--------------+
; Clock Node Name ; Clock Setting Name ; Type     ; Fmax Requirement ; Early Latency ; Late Latency ; Based on ; Multiply Base Fmax by ; Divide Base Fmax by ; Offset ; Phase offset ;
+-----------------+--------------------+----------+------------------+---------------+--------------+----------+-----------------------+---------------------+--------+--------------+
; clock           ;                    ; User Pin ; None             ; 0.000 ns      ; 0.000 ns     ; --       ; N/A                   ; N/A                 ; N/A    ;              ;
+-----------------+--------------------+----------+------------------+---------------+--------------+----------+-----------------------+---------------------+--------+--------------+


Parallel compilation was disabled, but you have multiple processors available. Enable parallel compilation to reduce compilation time.
+-------------------------------------+
; Parallel Compilation                ;
+----------------------------+--------+
; Processors                 ; Number ;
+----------------------------+--------+
; Number detected on machine ; 4      ;
; Maximum allowed            ; 1      ;
+----------------------------+--------+


+------------------------------------------------------------------------------------------------------------------------------------------------------------------------------------------------+
; Clock Setup: 'clock'                                                                                                                                                                           ;
+-------+------------------------------------------------+-------------+-------------+------------+----------+-----------------------------+---------------------------+-------------------------+
; Slack ; Actual fmax (period)                           ; From        ; To          ; From Clock ; To Clock ; Required Setup Relationship ; Required Longest P2P Time ; Actual Longest P2P Time ;
+-------+------------------------------------------------+-------------+-------------+------------+----------+-----------------------------+---------------------------+-------------------------+
; N/A   ; Restricted to 304.04 MHz ( period = 3.289 ns ) ; output~reg0 ; output~reg0 ; clock      ; clock    ; None                        ; None                      ; 2.057 ns                ;
; N/A   ; Restricted to 304.04 MHz ( period = 3.289 ns ) ; count[0]    ; output~reg0 ; clock      ; clock    ; None                        ; None                      ; 1.994 ns                ;
; N/A   ; Restricted to 304.04 MHz ( period = 3.289 ns ) ; count[1]    ; count[0]    ; clock      ; clock    ; None                        ; None                      ; 1.787 ns                ;
; N/A   ; Restricted to 304.04 MHz ( period = 3.289 ns ) ; count[1]    ; output~reg0 ; clock      ; clock    ; None                        ; None                      ; 1.786 ns                ;
; N/A   ; Restricted to 304.04 MHz ( period = 3.289 ns ) ; count[1]    ; count[1]    ; clock      ; clock    ; None                        ; None                      ; 1.782 ns                ;
; N/A   ; Restricted to 304.04 MHz ( period = 3.289 ns ) ; count[0]    ; count[1]    ; clock      ; clock    ; None                        ; None                      ; 1.526 ns                ;
; N/A   ; Restricted to 304.04 MHz ( period = 3.289 ns ) ; count[0]    ; count[0]    ; clock      ; clock    ; None                        ; None                      ; 1.524 ns                ;
+-------+------------------------------------------------+-------------+-------------+------------+----------+-----------------------------+---------------------------+-------------------------+


+--------------------------------------------------------------------+
; tsu                                                                ;
+-------+--------------+------------+-------+-------------+----------+
; Slack ; Required tsu ; Actual tsu ; From  ; To          ; To Clock ;
+-------+--------------+------------+-------+-------------+----------+
; N/A   ; None         ; 1.988 ns   ; reset ; output~reg0 ; clock    ;
+-------+--------------+------------+-------+-------------+----------+


+-----------------------------------------------------------------------+
; tco                                                                   ;
+-------+--------------+------------+-------------+--------+------------+
; Slack ; Required tco ; Actual tco ; From        ; To     ; From Clock ;
+-------+--------------+------------+-------------+--------+------------+
; N/A   ; None         ; 7.295 ns   ; output~reg0 ; output ; clock      ;
+-------+--------------+------------+-------------+--------+------------+


+--------------------------------------------------------------------------+
; th                                                                       ;
+---------------+-------------+-----------+-------+-------------+----------+
; Minimum Slack ; Required th ; Actual th ; From  ; To          ; To Clock ;
+---------------+-------------+-----------+-------+-------------+----------+
; N/A           ; None        ; -1.434 ns ; reset ; output~reg0 ; clock    ;
+---------------+-------------+-----------+-------+-------------+----------+


+--------------------------+
; Timing Analyzer Messages ;
+--------------------------+
Info: *******************************************************************
Info: Running Quartus II Classic Timing Analyzer
    Info: Version 9.0 Build 235 06/17/2009 Service Pack 2 SJ Web Edition
    Info: Processing started: Wed Nov 08 21:33:04 2017
Info: Command: quartus_tan --read_settings_files=off --write_settings_files=off ClockDiv -c ClockDiv
Info: Started post-fitting delay annotation
Info: Delay annotation completed successfully
Warning: Found pins functioning as undefined clocks and/or memory enables
    Info: Assuming node "clock" is an undefined clock
Info: Clock "clock" Internal fmax is restricted to 304.04 MHz between source register "output~reg0" and destination register "output~reg0"
    Info: fmax restricted to clock pin edge rate 3.289 ns. Expand message to see actual delay path.
        Info: + Longest register to register delay is 2.057 ns
            Info: 1: + IC(0.000 ns) + CELL(0.000 ns) = 0.000 ns; Loc. = LC_X1_Y7_N8; Fanout = 2; REG Node = 'output~reg0'
            Info: 2: + IC(0.874 ns) + CELL(1.183 ns) = 2.057 ns; Loc. = LC_X1_Y7_N8; Fanout = 2; REG Node = 'output~reg0'
            Info: Total cell delay = 1.183 ns ( 57.51 % )
            Info: Total interconnect delay = 0.874 ns ( 42.49 % )
        Info: - Smallest clock skew is 0.000 ns
            Info: + Shortest clock path from clock "clock" to destination register is 3.819 ns
                Info: 1: + IC(0.000 ns) + CELL(1.163 ns) = 1.163 ns; Loc. = PIN_18; Fanout = 3; CLK Node = 'clock'
                Info: 2: + IC(1.738 ns) + CELL(0.918 ns) = 3.819 ns; Loc. = LC_X1_Y7_N8; Fanout = 2; REG Node = 'output~reg0'
                Info: Total cell delay = 2.081 ns ( 54.49 % )
                Info: Total interconnect delay = 1.738 ns ( 45.51 % )
            Info: - Longest clock path from clock "clock" to source register is 3.819 ns
                Info: 1: + IC(0.000 ns) + CELL(1.163 ns) = 1.163 ns; Loc. = PIN_18; Fanout = 3; CLK Node = 'clock'
                Info: 2: + IC(1.738 ns) + CELL(0.918 ns) = 3.819 ns; Loc. = LC_X1_Y7_N8; Fanout = 2; REG Node = 'output~reg0'
                Info: Total cell delay = 2.081 ns ( 54.49 % )
                Info: Total interconnect delay = 1.738 ns ( 45.51 % )
        Info: + Micro clock to output delay of source is 0.376 ns
        Info: + Micro setup delay of destination is 0.333 ns
Info: tsu for register "output~reg0" (data pin = "reset", clock pin = "clock") is 1.988 ns
    Info: + Longest pin to register delay is 5.474 ns
        Info: 1: + IC(0.000 ns) + CELL(1.163 ns) = 1.163 ns; Loc. = PIN_20; Fanout = 3; PIN Node = 'reset'
        Info: 2: + IC(3.720 ns) + CELL(0.591 ns) = 5.474 ns; Loc. = LC_X1_Y7_N8; Fanout = 2; REG Node = 'output~reg0'
        Info: Total cell delay = 1.754 ns ( 32.04 % )
        Info: Total interconnect delay = 3.720 ns ( 67.96 % )
    Info: + Micro setup delay of destination is 0.333 ns
    Info: - Shortest clock path from clock "clock" to destination register is 3.819 ns
        Info: 1: + IC(0.000 ns) + CELL(1.163 ns) = 1.163 ns; Loc. = PIN_18; Fanout = 3; CLK Node = 'clock'
        Info: 2: + IC(1.738 ns) + CELL(0.918 ns) = 3.819 ns; Loc. = LC_X1_Y7_N8; Fanout = 2; REG Node = 'output~reg0'
        Info: Total cell delay = 2.081 ns ( 54.49 % )
        Info: Total interconnect delay = 1.738 ns ( 45.51 % )
Info: tco from clock "clock" to destination pin "output" through register "output~reg0" is 7.295 ns
    Info: + Longest clock path from clock "clock" to source register is 3.819 ns
        Info: 1: + IC(0.000 ns) + CELL(1.163 ns) = 1.163 ns; Loc. = PIN_18; Fanout = 3; CLK Node = 'clock'
        Info: 2: + IC(1.738 ns) + CELL(0.918 ns) = 3.819 ns; Loc. = LC_X1_Y7_N8; Fanout = 2; REG Node = 'output~reg0'
        Info: Total cell delay = 2.081 ns ( 54.49 % )
        Info: Total interconnect delay = 1.738 ns ( 45.51 % )
    Info: + Micro clock to output delay of source is 0.376 ns
    Info: + Longest register to pin delay is 3.100 ns
        Info: 1: + IC(0.000 ns) + CELL(0.000 ns) = 0.000 ns; Loc. = LC_X1_Y7_N8; Fanout = 2; REG Node = 'output~reg0'
        Info: 2: + IC(0.778 ns) + CELL(2.322 ns) = 3.100 ns; Loc. = PIN_16; Fanout = 0; PIN Node = 'output'
        Info: Total cell delay = 2.322 ns ( 74.90 % )
        Info: Total interconnect delay = 0.778 ns ( 25.10 % )
Info: th for register "output~reg0" (data pin = "reset", clock pin = "clock") is -1.434 ns
    Info: + Longest clock path from clock "clock" to destination register is 3.819 ns
        Info: 1: + IC(0.000 ns) + CELL(1.163 ns) = 1.163 ns; Loc. = PIN_18; Fanout = 3; CLK Node = 'clock'
        Info: 2: + IC(1.738 ns) + CELL(0.918 ns) = 3.819 ns; Loc. = LC_X1_Y7_N8; Fanout = 2; REG Node = 'output~reg0'
        Info: Total cell delay = 2.081 ns ( 54.49 % )
        Info: Total interconnect delay = 1.738 ns ( 45.51 % )
    Info: + Micro hold delay of destination is 0.221 ns
    Info: - Shortest pin to register delay is 5.474 ns
        Info: 1: + IC(0.000 ns) + CELL(1.163 ns) = 1.163 ns; Loc. = PIN_20; Fanout = 3; PIN Node = 'reset'
        Info: 2: + IC(3.720 ns) + CELL(0.591 ns) = 5.474 ns; Loc. = LC_X1_Y7_N8; Fanout = 2; REG Node = 'output~reg0'
        Info: Total cell delay = 1.754 ns ( 32.04 % )
        Info: Total interconnect delay = 3.720 ns ( 67.96 % )
Info: Quartus II Classic Timing Analyzer was successful. 0 errors, 1 warning
    Info: Peak virtual memory: 229 megabytes
    Info: Processing ended: Wed Nov 08 21:33:04 2017
    Info: Elapsed time: 00:00:00
    Info: Total CPU time (on all processors): 00:00:00


