Classic Timing Analyzer report for LEDCtrl
Fri Oct 27 23:06:35 2017
Quartus II Version 9.0 Build 235 06/17/2009 Service Pack 2 SJ Web Edition


---------------------
; Table of Contents ;
---------------------
  1. Legal Notice
  2. Timing Analyzer Summary
  3. Timing Analyzer Settings
  4. Clock Settings Summary
  5. Parallel Compilation
  6. Clock Setup: 'Switchclock'
  7. Clock Setup: 'PWMclock'
  8. Clock Setup: 'Breathclock'
  9. tsu
 10. tco
 11. tpd
 12. th
 13. Timing Analyzer Messages



----------------
; Legal Notice ;
----------------
Copyright (C) 1991-2009 Altera Corporation
Your use of Altera Corporation's design tools, logic functions 
and other software and tools, and its AMPP partner logic 
functions, and any output files from any of the foregoing 
(including device programming or simulation files), and any 
associated documentation or information are expressly subject 
to the terms and conditions of the Altera Program License 
Subscription Agreement, Altera MegaCore Function License 
Agreement, or other applicable license agreement, including, 
without limitation, that your use is for the sole purpose of 
programming logic devices manufactured by Altera and sold by 
Altera or its authorized distributors.  Please refer to the 
applicable agreement for further details.



+----------------------------------------------------------------------------------------------------------------------------------------------------------------------------------------------------------------------+
; Timing Analyzer Summary                                                                                                                                                                                              ;
+------------------------------+-------+---------------+----------------------------------+-----------------------------------------+---------------------------------------+-------------+-------------+--------------+
; Type                         ; Slack ; Required Time ; Actual Time                      ; From                                    ; To                                    ; From Clock  ; To Clock    ; Failed Paths ;
+------------------------------+-------+---------------+----------------------------------+-----------------------------------------+---------------------------------------+-------------+-------------+--------------+
; Worst-case tsu               ; N/A   ; None          ; 3.020 ns                         ; LEDEnable                               ; LEDRefresh:LEDPoint|lcount[2]         ; --          ; Switchclock ; 0            ;
; Worst-case tco               ; N/A   ; None          ; 23.581 ns                        ; IMGSel[0]                               ; Columnout[9]                          ; Breathclock ; --          ; 0            ;
; Worst-case tpd               ; N/A   ; None          ; 12.569 ns                        ; LEDEnable                               ; Columnout[6]                          ; --          ; --          ; 0            ;
; Worst-case th                ; N/A   ; None          ; -1.148 ns                        ; LEDEnable                               ; LEDRefresh:LEDPoint|lcount[1]         ; --          ; Switchclock ; 0            ;
; Clock Setup: 'Breathclock'   ; N/A   ; None          ; 74.89 MHz ( period = 13.353 ns ) ; BreathCount[5]                          ; BreathCount[7]                        ; Breathclock ; Breathclock ; 0            ;
; Clock Setup: 'PWMclock'      ; N/A   ; None          ; 156.76 MHz ( period = 6.379 ns ) ; LEDRefresh:LEDPoint|PWM:PWMGen|count[2] ; LEDRefresh:LEDPoint|PWM:PWMGen|output ; PWMclock    ; PWMclock    ; 0            ;
; Clock Setup: 'Switchclock'   ; N/A   ; None          ; 247.04 MHz ( period = 4.048 ns ) ; LEDRefresh:LEDPoint|lcount[2]           ; LEDRefresh:LEDPoint|Lineout[1]        ; Switchclock ; Switchclock ; 0            ;
; Total number of failed paths ;       ;               ;                                  ;                                         ;                                       ;             ;             ; 0            ;
+------------------------------+-------+---------------+----------------------------------+-----------------------------------------+---------------------------------------+-------------+-------------+--------------+


+--------------------------------------------------------------------------------------------------------------------+
; Timing Analyzer Settings                                                                                           ;
+---------------------------------------------------------------------+--------------------+------+----+-------------+
; Option                                                              ; Setting            ; From ; To ; Entity Name ;
+---------------------------------------------------------------------+--------------------+------+----+-------------+
; Device Name                                                         ; EPM1270T144C5      ;      ;    ;             ;
; Timing Models                                                       ; Final              ;      ;    ;             ;
; Default hold multicycle                                             ; Same as Multicycle ;      ;    ;             ;
; Cut paths between unrelated clock domains                           ; On                 ;      ;    ;             ;
; Cut off read during write signal paths                              ; On                 ;      ;    ;             ;
; Cut off feedback from I/O pins                                      ; On                 ;      ;    ;             ;
; Report Combined Fast/Slow Timing                                    ; Off                ;      ;    ;             ;
; Ignore Clock Settings                                               ; Off                ;      ;    ;             ;
; Analyze latches as synchronous elements                             ; On                 ;      ;    ;             ;
; Enable Recovery/Removal analysis                                    ; Off                ;      ;    ;             ;
; Enable Clock Latency                                                ; Off                ;      ;    ;             ;
; Use TimeQuest Timing Analyzer                                       ; Off                ;      ;    ;             ;
; Minimum Core Junction Temperature                                   ; 0                  ;      ;    ;             ;
; Maximum Core Junction Temperature                                   ; 85                 ;      ;    ;             ;
; Number of source nodes to report per destination node               ; 10                 ;      ;    ;             ;
; Number of destination nodes to report                               ; 10                 ;      ;    ;             ;
; Number of paths to report                                           ; 200                ;      ;    ;             ;
; Report Minimum Timing Checks                                        ; Off                ;      ;    ;             ;
; Use Fast Timing Models                                              ; Off                ;      ;    ;             ;
; Report IO Paths Separately                                          ; Off                ;      ;    ;             ;
; Perform Multicorner Analysis                                        ; Off                ;      ;    ;             ;
; Reports the worst-case path for each clock domain and analysis      ; Off                ;      ;    ;             ;
; Removes common clock path pessimism (CCPP) during slack computation ; Off                ;      ;    ;             ;
; Output I/O Timing Endpoint                                          ; Near End           ;      ;    ;             ;
+---------------------------------------------------------------------+--------------------+------+----+-------------+


+------------------------------------------------------------------------------------------------------------------------------------------------------------------------------------+
; Clock Settings Summary                                                                                                                                                             ;
+-----------------+--------------------+----------+------------------+---------------+--------------+----------+-----------------------+---------------------+--------+--------------+
; Clock Node Name ; Clock Setting Name ; Type     ; Fmax Requirement ; Early Latency ; Late Latency ; Based on ; Multiply Base Fmax by ; Divide Base Fmax by ; Offset ; Phase offset ;
+-----------------+--------------------+----------+------------------+---------------+--------------+----------+-----------------------+---------------------+--------+--------------+
; Switchclock     ;                    ; User Pin ; None             ; 0.000 ns      ; 0.000 ns     ; --       ; N/A                   ; N/A                 ; N/A    ;              ;
; PWMclock        ;                    ; User Pin ; None             ; 0.000 ns      ; 0.000 ns     ; --       ; N/A                   ; N/A                 ; N/A    ;              ;
; Breathclock     ;                    ; User Pin ; None             ; 0.000 ns      ; 0.000 ns     ; --       ; N/A                   ; N/A                 ; N/A    ;              ;
+-----------------+--------------------+----------+------------------+---------------+--------------+----------+-----------------------+---------------------+--------+--------------+


Parallel compilation was disabled, but you have multiple processors available. Enable parallel compilation to reduce compilation time.
+-------------------------------------+
; Parallel Compilation                ;
+----------------------------+--------+
; Processors                 ; Number ;
+----------------------------+--------+
; Number detected on machine ; 4      ;
; Maximum allowed            ; 1      ;
+----------------------------+--------+


+-----------------------------------------------------------------------------------------------------------------------------------------------------------------------------------------------------------------------------------------+
; Clock Setup: 'Switchclock'                                                                                                                                                                                                              ;
+-------+------------------------------------------------+-------------------------------+--------------------------------+-------------+-------------+-----------------------------+---------------------------+-------------------------+
; Slack ; Actual fmax (period)                           ; From                          ; To                             ; From Clock  ; To Clock    ; Required Setup Relationship ; Required Longest P2P Time ; Actual Longest P2P Time ;
+-------+------------------------------------------------+-------------------------------+--------------------------------+-------------+-------------+-----------------------------+---------------------------+-------------------------+
; N/A   ; 247.04 MHz ( period = 4.048 ns )               ; LEDRefresh:LEDPoint|lcount[2] ; LEDRefresh:LEDPoint|Lineout[1] ; Switchclock ; Switchclock ; None                        ; None                      ; 3.339 ns                ;
; N/A   ; 247.22 MHz ( period = 4.045 ns )               ; LEDRefresh:LEDPoint|lcount[2] ; LEDRefresh:LEDPoint|Lineout[2] ; Switchclock ; Switchclock ; None                        ; None                      ; 3.336 ns                ;
; N/A   ; 248.08 MHz ( period = 4.031 ns )               ; LEDRefresh:LEDPoint|lcount[2] ; LEDRefresh:LEDPoint|Lineout[0] ; Switchclock ; Switchclock ; None                        ; None                      ; 3.322 ns                ;
; N/A   ; 249.19 MHz ( period = 4.013 ns )               ; LEDRefresh:LEDPoint|lcount[1] ; LEDRefresh:LEDPoint|Lineout[5] ; Switchclock ; Switchclock ; None                        ; None                      ; 3.304 ns                ;
; N/A   ; 249.94 MHz ( period = 4.001 ns )               ; LEDRefresh:LEDPoint|lcount[1] ; LEDRefresh:LEDPoint|Lineout[6] ; Switchclock ; Switchclock ; None                        ; None                      ; 3.292 ns                ;
; N/A   ; 250.00 MHz ( period = 4.000 ns )               ; LEDRefresh:LEDPoint|lcount[1] ; LEDRefresh:LEDPoint|Lineout[7] ; Switchclock ; Switchclock ; None                        ; None                      ; 3.291 ns                ;
; N/A   ; 250.06 MHz ( period = 3.999 ns )               ; LEDRefresh:LEDPoint|lcount[1] ; LEDRefresh:LEDPoint|Lineout[4] ; Switchclock ; Switchclock ; None                        ; None                      ; 3.290 ns                ;
; N/A   ; 259.81 MHz ( period = 3.849 ns )               ; LEDRefresh:LEDPoint|lcount[1] ; LEDRefresh:LEDPoint|lcount[2]  ; Switchclock ; Switchclock ; None                        ; None                      ; 3.140 ns                ;
; N/A   ; 268.60 MHz ( period = 3.723 ns )               ; LEDRefresh:LEDPoint|lcount[0] ; LEDRefresh:LEDPoint|Lineout[7] ; Switchclock ; Switchclock ; None                        ; None                      ; 3.014 ns                ;
; N/A   ; 268.67 MHz ( period = 3.722 ns )               ; LEDRefresh:LEDPoint|lcount[0] ; LEDRefresh:LEDPoint|Lineout[4] ; Switchclock ; Switchclock ; None                        ; None                      ; 3.013 ns                ;
; N/A   ; 268.74 MHz ( period = 3.721 ns )               ; LEDRefresh:LEDPoint|lcount[0] ; LEDRefresh:LEDPoint|Lineout[0] ; Switchclock ; Switchclock ; None                        ; None                      ; 3.012 ns                ;
; N/A   ; 268.89 MHz ( period = 3.719 ns )               ; LEDRefresh:LEDPoint|lcount[0] ; LEDRefresh:LEDPoint|Lineout[6] ; Switchclock ; Switchclock ; None                        ; None                      ; 3.010 ns                ;
; N/A   ; 269.32 MHz ( period = 3.713 ns )               ; LEDRefresh:LEDPoint|lcount[0] ; LEDRefresh:LEDPoint|Lineout[1] ; Switchclock ; Switchclock ; None                        ; None                      ; 3.004 ns                ;
; N/A   ; 269.40 MHz ( period = 3.712 ns )               ; LEDRefresh:LEDPoint|lcount[0] ; LEDRefresh:LEDPoint|Lineout[5] ; Switchclock ; Switchclock ; None                        ; None                      ; 3.003 ns                ;
; N/A   ; 269.47 MHz ( period = 3.711 ns )               ; LEDRefresh:LEDPoint|lcount[0] ; LEDRefresh:LEDPoint|Lineout[2] ; Switchclock ; Switchclock ; None                        ; None                      ; 3.002 ns                ;
; N/A   ; 273.22 MHz ( period = 3.660 ns )               ; LEDRefresh:LEDPoint|lcount[0] ; LEDRefresh:LEDPoint|lcount[1]  ; Switchclock ; Switchclock ; None                        ; None                      ; 2.951 ns                ;
; N/A   ; 279.80 MHz ( period = 3.574 ns )               ; LEDRefresh:LEDPoint|lcount[2] ; LEDRefresh:LEDPoint|Lineout[5] ; Switchclock ; Switchclock ; None                        ; None                      ; 2.865 ns                ;
; N/A   ; 280.82 MHz ( period = 3.561 ns )               ; LEDRefresh:LEDPoint|lcount[2] ; LEDRefresh:LEDPoint|Lineout[6] ; Switchclock ; Switchclock ; None                        ; None                      ; 2.852 ns                ;
; N/A   ; 281.37 MHz ( period = 3.554 ns )               ; LEDRefresh:LEDPoint|lcount[2] ; LEDRefresh:LEDPoint|Lineout[4] ; Switchclock ; Switchclock ; None                        ; None                      ; 2.845 ns                ;
; N/A   ; 281.77 MHz ( period = 3.549 ns )               ; LEDRefresh:LEDPoint|lcount[0] ; LEDRefresh:LEDPoint|Lineout[3] ; Switchclock ; Switchclock ; None                        ; None                      ; 2.840 ns                ;
; N/A   ; 281.77 MHz ( period = 3.549 ns )               ; LEDRefresh:LEDPoint|lcount[2] ; LEDRefresh:LEDPoint|Lineout[7] ; Switchclock ; Switchclock ; None                        ; None                      ; 2.840 ns                ;
; N/A   ; 282.41 MHz ( period = 3.541 ns )               ; LEDRefresh:LEDPoint|lcount[1] ; LEDRefresh:LEDPoint|Lineout[1] ; Switchclock ; Switchclock ; None                        ; None                      ; 2.832 ns                ;
; N/A   ; 282.65 MHz ( period = 3.538 ns )               ; LEDRefresh:LEDPoint|lcount[1] ; LEDRefresh:LEDPoint|Lineout[2] ; Switchclock ; Switchclock ; None                        ; None                      ; 2.829 ns                ;
; N/A   ; 283.77 MHz ( period = 3.524 ns )               ; LEDRefresh:LEDPoint|lcount[1] ; LEDRefresh:LEDPoint|Lineout[0] ; Switchclock ; Switchclock ; None                        ; None                      ; 2.815 ns                ;
; N/A   ; 289.60 MHz ( period = 3.453 ns )               ; LEDRefresh:LEDPoint|lcount[2] ; LEDRefresh:LEDPoint|Lineout[3] ; Switchclock ; Switchclock ; None                        ; None                      ; 2.744 ns                ;
; N/A   ; 290.44 MHz ( period = 3.443 ns )               ; LEDRefresh:LEDPoint|lcount[1] ; LEDRefresh:LEDPoint|lcount[1]  ; Switchclock ; Switchclock ; None                        ; None                      ; 2.734 ns                ;
; N/A   ; Restricted to 304.04 MHz ( period = 3.289 ns ) ; LEDRefresh:LEDPoint|lcount[0] ; LEDRefresh:LEDPoint|lcount[2]  ; Switchclock ; Switchclock ; None                        ; None                      ; 2.243 ns                ;
; N/A   ; Restricted to 304.04 MHz ( period = 3.289 ns ) ; LEDRefresh:LEDPoint|lcount[2] ; LEDRefresh:LEDPoint|lcount[2]  ; Switchclock ; Switchclock ; None                        ; None                      ; 2.109 ns                ;
; N/A   ; Restricted to 304.04 MHz ( period = 3.289 ns ) ; LEDRefresh:LEDPoint|lcount[1] ; LEDRefresh:LEDPoint|Lineout[3] ; Switchclock ; Switchclock ; None                        ; None                      ; 2.021 ns                ;
; N/A   ; Restricted to 304.04 MHz ( period = 3.289 ns ) ; LEDRefresh:LEDPoint|lcount[0] ; LEDRefresh:LEDPoint|lcount[0]  ; Switchclock ; Switchclock ; None                        ; None                      ; 1.512 ns                ;
+-------+------------------------------------------------+-------------------------------+--------------------------------+-------------+-------------+-----------------------------+---------------------------+-------------------------+


+--------------------------------------------------------------------------------------------------------------------------------------------------------------------------------------------------------------------------------------------------------+
; Clock Setup: 'PWMclock'                                                                                                                                                                                                                                ;
+-------+------------------------------------------------+-----------------------------------------+-----------------------------------------+------------+----------+-----------------------------+---------------------------+-------------------------+
; Slack ; Actual fmax (period)                           ; From                                    ; To                                      ; From Clock ; To Clock ; Required Setup Relationship ; Required Longest P2P Time ; Actual Longest P2P Time ;
+-------+------------------------------------------------+-----------------------------------------+-----------------------------------------+------------+----------+-----------------------------+---------------------------+-------------------------+
; N/A   ; 156.76 MHz ( period = 6.379 ns )               ; LEDRefresh:LEDPoint|PWM:PWMGen|count[2] ; LEDRefresh:LEDPoint|PWM:PWMGen|output   ; PWMclock   ; PWMclock ; None                        ; None                      ; 5.670 ns                ;
; N/A   ; 164.99 MHz ( period = 6.061 ns )               ; LEDRefresh:LEDPoint|PWM:PWMGen|count[1] ; LEDRefresh:LEDPoint|PWM:PWMGen|output   ; PWMclock   ; PWMclock ; None                        ; None                      ; 5.352 ns                ;
; N/A   ; 169.12 MHz ( period = 5.913 ns )               ; LEDRefresh:LEDPoint|PWM:PWMGen|count[0] ; LEDRefresh:LEDPoint|PWM:PWMGen|count[7] ; PWMclock   ; PWMclock ; None                        ; None                      ; 5.204 ns                ;
; N/A   ; 169.12 MHz ( period = 5.913 ns )               ; LEDRefresh:LEDPoint|PWM:PWMGen|count[0] ; LEDRefresh:LEDPoint|PWM:PWMGen|count[6] ; PWMclock   ; PWMclock ; None                        ; None                      ; 5.204 ns                ;
; N/A   ; 169.12 MHz ( period = 5.913 ns )               ; LEDRefresh:LEDPoint|PWM:PWMGen|count[0] ; LEDRefresh:LEDPoint|PWM:PWMGen|count[5] ; PWMclock   ; PWMclock ; None                        ; None                      ; 5.204 ns                ;
; N/A   ; 170.62 MHz ( period = 5.861 ns )               ; LEDRefresh:LEDPoint|PWM:PWMGen|count[5] ; LEDRefresh:LEDPoint|PWM:PWMGen|output   ; PWMclock   ; PWMclock ; None                        ; None                      ; 5.152 ns                ;
; N/A   ; 174.86 MHz ( period = 5.719 ns )               ; LEDRefresh:LEDPoint|PWM:PWMGen|count[3] ; LEDRefresh:LEDPoint|PWM:PWMGen|output   ; PWMclock   ; PWMclock ; None                        ; None                      ; 5.010 ns                ;
; N/A   ; 181.59 MHz ( period = 5.507 ns )               ; LEDRefresh:LEDPoint|PWM:PWMGen|count[4] ; LEDRefresh:LEDPoint|PWM:PWMGen|output   ; PWMclock   ; PWMclock ; None                        ; None                      ; 4.798 ns                ;
; N/A   ; 183.62 MHz ( period = 5.446 ns )               ; LEDRefresh:LEDPoint|PWM:PWMGen|count[0] ; LEDRefresh:LEDPoint|PWM:PWMGen|count[4] ; PWMclock   ; PWMclock ; None                        ; None                      ; 4.737 ns                ;
; N/A   ; 187.86 MHz ( period = 5.323 ns )               ; LEDRefresh:LEDPoint|PWM:PWMGen|count[0] ; LEDRefresh:LEDPoint|PWM:PWMGen|count[3] ; PWMclock   ; PWMclock ; None                        ; None                      ; 4.614 ns                ;
; N/A   ; 189.36 MHz ( period = 5.281 ns )               ; LEDRefresh:LEDPoint|PWM:PWMGen|count[6] ; LEDRefresh:LEDPoint|PWM:PWMGen|output   ; PWMclock   ; PWMclock ; None                        ; None                      ; 4.572 ns                ;
; N/A   ; 192.31 MHz ( period = 5.200 ns )               ; LEDRefresh:LEDPoint|PWM:PWMGen|count[0] ; LEDRefresh:LEDPoint|PWM:PWMGen|count[2] ; PWMclock   ; PWMclock ; None                        ; None                      ; 4.491 ns                ;
; N/A   ; 205.13 MHz ( period = 4.875 ns )               ; LEDRefresh:LEDPoint|PWM:PWMGen|count[0] ; LEDRefresh:LEDPoint|PWM:PWMGen|output   ; PWMclock   ; PWMclock ; None                        ; None                      ; 4.166 ns                ;
; N/A   ; 222.12 MHz ( period = 4.502 ns )               ; LEDRefresh:LEDPoint|PWM:PWMGen|count[7] ; LEDRefresh:LEDPoint|PWM:PWMGen|output   ; PWMclock   ; PWMclock ; None                        ; None                      ; 3.793 ns                ;
; N/A   ; 235.63 MHz ( period = 4.244 ns )               ; LEDRefresh:LEDPoint|PWM:PWMGen|count[0] ; LEDRefresh:LEDPoint|PWM:PWMGen|count[1] ; PWMclock   ; PWMclock ; None                        ; None                      ; 3.535 ns                ;
; N/A   ; 236.35 MHz ( period = 4.231 ns )               ; LEDRefresh:LEDPoint|PWM:PWMGen|count[1] ; LEDRefresh:LEDPoint|PWM:PWMGen|count[7] ; PWMclock   ; PWMclock ; None                        ; None                      ; 3.522 ns                ;
; N/A   ; 236.35 MHz ( period = 4.231 ns )               ; LEDRefresh:LEDPoint|PWM:PWMGen|count[1] ; LEDRefresh:LEDPoint|PWM:PWMGen|count[6] ; PWMclock   ; PWMclock ; None                        ; None                      ; 3.522 ns                ;
; N/A   ; 236.35 MHz ( period = 4.231 ns )               ; LEDRefresh:LEDPoint|PWM:PWMGen|count[1] ; LEDRefresh:LEDPoint|PWM:PWMGen|count[5] ; PWMclock   ; PWMclock ; None                        ; None                      ; 3.522 ns                ;
; N/A   ; 238.72 MHz ( period = 4.189 ns )               ; LEDRefresh:LEDPoint|PWM:PWMGen|count[3] ; LEDRefresh:LEDPoint|PWM:PWMGen|count[7] ; PWMclock   ; PWMclock ; None                        ; None                      ; 3.480 ns                ;
; N/A   ; 238.72 MHz ( period = 4.189 ns )               ; LEDRefresh:LEDPoint|PWM:PWMGen|count[3] ; LEDRefresh:LEDPoint|PWM:PWMGen|count[6] ; PWMclock   ; PWMclock ; None                        ; None                      ; 3.480 ns                ;
; N/A   ; 238.72 MHz ( period = 4.189 ns )               ; LEDRefresh:LEDPoint|PWM:PWMGen|count[3] ; LEDRefresh:LEDPoint|PWM:PWMGen|count[5] ; PWMclock   ; PWMclock ; None                        ; None                      ; 3.480 ns                ;
; N/A   ; 243.43 MHz ( period = 4.108 ns )               ; LEDRefresh:LEDPoint|PWM:PWMGen|count[2] ; LEDRefresh:LEDPoint|PWM:PWMGen|count[7] ; PWMclock   ; PWMclock ; None                        ; None                      ; 3.399 ns                ;
; N/A   ; 243.43 MHz ( period = 4.108 ns )               ; LEDRefresh:LEDPoint|PWM:PWMGen|count[2] ; LEDRefresh:LEDPoint|PWM:PWMGen|count[6] ; PWMclock   ; PWMclock ; None                        ; None                      ; 3.399 ns                ;
; N/A   ; 243.43 MHz ( period = 4.108 ns )               ; LEDRefresh:LEDPoint|PWM:PWMGen|count[2] ; LEDRefresh:LEDPoint|PWM:PWMGen|count[5] ; PWMclock   ; PWMclock ; None                        ; None                      ; 3.399 ns                ;
; N/A   ; 247.16 MHz ( period = 4.046 ns )               ; LEDRefresh:LEDPoint|PWM:PWMGen|count[4] ; LEDRefresh:LEDPoint|PWM:PWMGen|count[7] ; PWMclock   ; PWMclock ; None                        ; None                      ; 3.337 ns                ;
; N/A   ; 247.16 MHz ( period = 4.046 ns )               ; LEDRefresh:LEDPoint|PWM:PWMGen|count[4] ; LEDRefresh:LEDPoint|PWM:PWMGen|count[6] ; PWMclock   ; PWMclock ; None                        ; None                      ; 3.337 ns                ;
; N/A   ; 247.16 MHz ( period = 4.046 ns )               ; LEDRefresh:LEDPoint|PWM:PWMGen|count[4] ; LEDRefresh:LEDPoint|PWM:PWMGen|count[5] ; PWMclock   ; PWMclock ; None                        ; None                      ; 3.337 ns                ;
; N/A   ; 258.87 MHz ( period = 3.863 ns )               ; LEDRefresh:LEDPoint|PWM:PWMGen|count[5] ; LEDRefresh:LEDPoint|PWM:PWMGen|count[7] ; PWMclock   ; PWMclock ; None                        ; None                      ; 3.154 ns                ;
; N/A   ; 265.67 MHz ( period = 3.764 ns )               ; LEDRefresh:LEDPoint|PWM:PWMGen|count[1] ; LEDRefresh:LEDPoint|PWM:PWMGen|count[4] ; PWMclock   ; PWMclock ; None                        ; None                      ; 3.055 ns                ;
; N/A   ; 267.31 MHz ( period = 3.741 ns )               ; LEDRefresh:LEDPoint|PWM:PWMGen|count[6] ; LEDRefresh:LEDPoint|PWM:PWMGen|count[7] ; PWMclock   ; PWMclock ; None                        ; None                      ; 3.032 ns                ;
; N/A   ; 267.38 MHz ( period = 3.740 ns )               ; LEDRefresh:LEDPoint|PWM:PWMGen|count[5] ; LEDRefresh:LEDPoint|PWM:PWMGen|count[6] ; PWMclock   ; PWMclock ; None                        ; None                      ; 3.031 ns                ;
; N/A   ; 268.67 MHz ( period = 3.722 ns )               ; LEDRefresh:LEDPoint|PWM:PWMGen|count[3] ; LEDRefresh:LEDPoint|PWM:PWMGen|count[4] ; PWMclock   ; PWMclock ; None                        ; None                      ; 3.013 ns                ;
; N/A   ; 274.65 MHz ( period = 3.641 ns )               ; LEDRefresh:LEDPoint|PWM:PWMGen|count[2] ; LEDRefresh:LEDPoint|PWM:PWMGen|count[4] ; PWMclock   ; PWMclock ; None                        ; None                      ; 2.932 ns                ;
; N/A   ; 274.65 MHz ( period = 3.641 ns )               ; LEDRefresh:LEDPoint|PWM:PWMGen|count[1] ; LEDRefresh:LEDPoint|PWM:PWMGen|count[3] ; PWMclock   ; PWMclock ; None                        ; None                      ; 2.932 ns                ;
; N/A   ; 284.25 MHz ( period = 3.518 ns )               ; LEDRefresh:LEDPoint|PWM:PWMGen|count[2] ; LEDRefresh:LEDPoint|PWM:PWMGen|count[3] ; PWMclock   ; PWMclock ; None                        ; None                      ; 2.809 ns                ;
; N/A   ; 284.25 MHz ( period = 3.518 ns )               ; LEDRefresh:LEDPoint|PWM:PWMGen|count[1] ; LEDRefresh:LEDPoint|PWM:PWMGen|count[2] ; PWMclock   ; PWMclock ; None                        ; None                      ; 2.809 ns                ;
; N/A   ; Restricted to 304.04 MHz ( period = 3.289 ns ) ; LEDRefresh:LEDPoint|PWM:PWMGen|count[6] ; LEDRefresh:LEDPoint|PWM:PWMGen|count[6] ; PWMclock   ; PWMclock ; None                        ; None                      ; 2.076 ns                ;
; N/A   ; Restricted to 304.04 MHz ( period = 3.289 ns ) ; LEDRefresh:LEDPoint|PWM:PWMGen|count[4] ; LEDRefresh:LEDPoint|PWM:PWMGen|count[4] ; PWMclock   ; PWMclock ; None                        ; None                      ; 2.076 ns                ;
; N/A   ; Restricted to 304.04 MHz ( period = 3.289 ns ) ; LEDRefresh:LEDPoint|PWM:PWMGen|count[5] ; LEDRefresh:LEDPoint|PWM:PWMGen|count[5] ; PWMclock   ; PWMclock ; None                        ; None                      ; 2.075 ns                ;
; N/A   ; Restricted to 304.04 MHz ( period = 3.289 ns ) ; LEDRefresh:LEDPoint|PWM:PWMGen|count[3] ; LEDRefresh:LEDPoint|PWM:PWMGen|count[3] ; PWMclock   ; PWMclock ; None                        ; None                      ; 2.057 ns                ;
; N/A   ; Restricted to 304.04 MHz ( period = 3.289 ns ) ; LEDRefresh:LEDPoint|PWM:PWMGen|count[2] ; LEDRefresh:LEDPoint|PWM:PWMGen|count[2] ; PWMclock   ; PWMclock ; None                        ; None                      ; 1.962 ns                ;
; N/A   ; Restricted to 304.04 MHz ( period = 3.289 ns ) ; LEDRefresh:LEDPoint|PWM:PWMGen|count[1] ; LEDRefresh:LEDPoint|PWM:PWMGen|count[1] ; PWMclock   ; PWMclock ; None                        ; None                      ; 1.962 ns                ;
; N/A   ; Restricted to 304.04 MHz ( period = 3.289 ns ) ; LEDRefresh:LEDPoint|PWM:PWMGen|count[7] ; LEDRefresh:LEDPoint|PWM:PWMGen|count[7] ; PWMclock   ; PWMclock ; None                        ; None                      ; 1.953 ns                ;
; N/A   ; Restricted to 304.04 MHz ( period = 3.289 ns ) ; LEDRefresh:LEDPoint|PWM:PWMGen|count[0] ; LEDRefresh:LEDPoint|PWM:PWMGen|count[0] ; PWMclock   ; PWMclock ; None                        ; None                      ; 1.504 ns                ;
+-------+------------------------------------------------+-----------------------------------------+-----------------------------------------+------------+----------+-----------------------------+---------------------------+-------------------------+


+----------------------------------------------------------------------------------------------------------------------------------------------------------------------------------------------------------+
; Clock Setup: 'Breathclock'                                                                                                                                                                               ;
+-------+------------------------------------------------+----------------+----------------+-------------+-------------+-----------------------------+---------------------------+-------------------------+
; Slack ; Actual fmax (period)                           ; From           ; To             ; From Clock  ; To Clock    ; Required Setup Relationship ; Required Longest P2P Time ; Actual Longest P2P Time ;
+-------+------------------------------------------------+----------------+----------------+-------------+-------------+-----------------------------+---------------------------+-------------------------+
; N/A   ; 74.89 MHz ( period = 13.353 ns )               ; BreathCount[5] ; BreathCount[7] ; Breathclock ; Breathclock ; None                        ; None                      ; 12.644 ns               ;
; N/A   ; 75.53 MHz ( period = 13.240 ns )               ; BreathCount[5] ; BreathCount[8] ; Breathclock ; Breathclock ; None                        ; None                      ; 12.531 ns               ;
; N/A   ; 76.01 MHz ( period = 13.157 ns )               ; BreathCount[6] ; BreathCount[7] ; Breathclock ; Breathclock ; None                        ; None                      ; 12.448 ns               ;
; N/A   ; 76.66 MHz ( period = 13.044 ns )               ; BreathCount[6] ; BreathCount[8] ; Breathclock ; Breathclock ; None                        ; None                      ; 12.335 ns               ;
; N/A   ; 77.30 MHz ( period = 12.936 ns )               ; BreathCount[5] ; BreathCount[4] ; Breathclock ; Breathclock ; None                        ; None                      ; 12.227 ns               ;
; N/A   ; 78.49 MHz ( period = 12.740 ns )               ; BreathCount[6] ; BreathCount[4] ; Breathclock ; Breathclock ; None                        ; None                      ; 12.031 ns               ;
; N/A   ; 78.65 MHz ( period = 12.715 ns )               ; BreathCount[2] ; BreathCount[7] ; Breathclock ; Breathclock ; None                        ; None                      ; 12.006 ns               ;
; N/A   ; 79.09 MHz ( period = 12.644 ns )               ; BreathCount[8] ; BreathCount[7] ; Breathclock ; Breathclock ; None                        ; None                      ; 11.935 ns               ;
; N/A   ; 79.35 MHz ( period = 12.602 ns )               ; BreathCount[2] ; BreathCount[8] ; Breathclock ; Breathclock ; None                        ; None                      ; 11.893 ns               ;
; N/A   ; 79.55 MHz ( period = 12.570 ns )               ; BreathCount[3] ; BreathCount[7] ; Breathclock ; Breathclock ; None                        ; None                      ; 11.861 ns               ;
; N/A   ; 79.61 MHz ( period = 12.561 ns )               ; BreathCount[5] ; BreathCount[6] ; Breathclock ; Breathclock ; None                        ; None                      ; 11.852 ns               ;
; N/A   ; 79.80 MHz ( period = 12.531 ns )               ; BreathCount[8] ; BreathCount[8] ; Breathclock ; Breathclock ; None                        ; None                      ; 11.822 ns               ;
; N/A   ; 80.19 MHz ( period = 12.470 ns )               ; BreathCount[0] ; BreathCount[7] ; Breathclock ; Breathclock ; None                        ; None                      ; 11.761 ns               ;
; N/A   ; 80.28 MHz ( period = 12.457 ns )               ; BreathCount[3] ; BreathCount[8] ; Breathclock ; Breathclock ; None                        ; None                      ; 11.748 ns               ;
; N/A   ; 80.87 MHz ( period = 12.365 ns )               ; BreathCount[6] ; BreathCount[6] ; Breathclock ; Breathclock ; None                        ; None                      ; 11.656 ns               ;
; N/A   ; 80.93 MHz ( period = 12.357 ns )               ; BreathCount[0] ; BreathCount[8] ; Breathclock ; Breathclock ; None                        ; None                      ; 11.648 ns               ;
; N/A   ; 81.00 MHz ( period = 12.346 ns )               ; BreathCount[4] ; BreathCount[7] ; Breathclock ; Breathclock ; None                        ; None                      ; 11.637 ns               ;
; N/A   ; 81.31 MHz ( period = 12.298 ns )               ; BreathCount[2] ; BreathCount[4] ; Breathclock ; Breathclock ; None                        ; None                      ; 11.589 ns               ;
; N/A   ; 81.74 MHz ( period = 12.234 ns )               ; BreathCount[7] ; BreathCount[7] ; Breathclock ; Breathclock ; None                        ; None                      ; 11.525 ns               ;
; N/A   ; 81.75 MHz ( period = 12.233 ns )               ; BreathCount[4] ; BreathCount[8] ; Breathclock ; Breathclock ; None                        ; None                      ; 11.524 ns               ;
; N/A   ; 81.79 MHz ( period = 12.227 ns )               ; BreathCount[8] ; BreathCount[4] ; Breathclock ; Breathclock ; None                        ; None                      ; 11.518 ns               ;
; N/A   ; 82.23 MHz ( period = 12.161 ns )               ; BreathCount[1] ; BreathCount[7] ; Breathclock ; Breathclock ; None                        ; None                      ; 11.452 ns               ;
; N/A   ; 82.26 MHz ( period = 12.157 ns )               ; BreathCount[5] ; BreathCount[3] ; Breathclock ; Breathclock ; None                        ; None                      ; 11.448 ns               ;
; N/A   ; 82.28 MHz ( period = 12.153 ns )               ; BreathCount[3] ; BreathCount[4] ; Breathclock ; Breathclock ; None                        ; None                      ; 11.444 ns               ;
; N/A   ; 82.50 MHz ( period = 12.121 ns )               ; BreathCount[7] ; BreathCount[8] ; Breathclock ; Breathclock ; None                        ; None                      ; 11.412 ns               ;
; N/A   ; 82.63 MHz ( period = 12.102 ns )               ; BreathCount[5] ; BreathCount[5] ; Breathclock ; Breathclock ; None                        ; None                      ; 11.393 ns               ;
; N/A   ; 82.97 MHz ( period = 12.053 ns )               ; BreathCount[0] ; BreathCount[4] ; Breathclock ; Breathclock ; None                        ; None                      ; 11.344 ns               ;
; N/A   ; 83.00 MHz ( period = 12.048 ns )               ; BreathCount[1] ; BreathCount[8] ; Breathclock ; Breathclock ; None                        ; None                      ; 11.339 ns               ;
; N/A   ; 83.61 MHz ( period = 11.961 ns )               ; BreathCount[6] ; BreathCount[3] ; Breathclock ; Breathclock ; None                        ; None                      ; 11.252 ns               ;
; N/A   ; 83.83 MHz ( period = 11.929 ns )               ; BreathCount[4] ; BreathCount[4] ; Breathclock ; Breathclock ; None                        ; None                      ; 11.220 ns               ;
; N/A   ; 83.87 MHz ( period = 11.923 ns )               ; BreathCount[2] ; BreathCount[6] ; Breathclock ; Breathclock ; None                        ; None                      ; 11.214 ns               ;
; N/A   ; 83.99 MHz ( period = 11.906 ns )               ; BreathCount[6] ; BreathCount[5] ; Breathclock ; Breathclock ; None                        ; None                      ; 11.197 ns               ;
; N/A   ; 84.37 MHz ( period = 11.852 ns )               ; BreathCount[8] ; BreathCount[6] ; Breathclock ; Breathclock ; None                        ; None                      ; 11.143 ns               ;
; N/A   ; 84.62 MHz ( period = 11.817 ns )               ; BreathCount[7] ; BreathCount[4] ; Breathclock ; Breathclock ; None                        ; None                      ; 11.108 ns               ;
; N/A   ; 84.90 MHz ( period = 11.778 ns )               ; BreathCount[3] ; BreathCount[6] ; Breathclock ; Breathclock ; None                        ; None                      ; 11.069 ns               ;
; N/A   ; 85.15 MHz ( period = 11.744 ns )               ; BreathCount[1] ; BreathCount[4] ; Breathclock ; Breathclock ; None                        ; None                      ; 11.035 ns               ;
; N/A   ; 85.63 MHz ( period = 11.678 ns )               ; BreathCount[0] ; BreathCount[6] ; Breathclock ; Breathclock ; None                        ; None                      ; 10.969 ns               ;
; N/A   ; 86.55 MHz ( period = 11.554 ns )               ; BreathCount[4] ; BreathCount[6] ; Breathclock ; Breathclock ; None                        ; None                      ; 10.845 ns               ;
; N/A   ; 86.81 MHz ( period = 11.519 ns )               ; BreathCount[2] ; BreathCount[3] ; Breathclock ; Breathclock ; None                        ; None                      ; 10.810 ns               ;
; N/A   ; 87.23 MHz ( period = 11.464 ns )               ; BreathCount[2] ; BreathCount[5] ; Breathclock ; Breathclock ; None                        ; None                      ; 10.755 ns               ;
; N/A   ; 87.35 MHz ( period = 11.448 ns )               ; BreathCount[8] ; BreathCount[3] ; Breathclock ; Breathclock ; None                        ; None                      ; 10.739 ns               ;
; N/A   ; 87.40 MHz ( period = 11.442 ns )               ; BreathCount[7] ; BreathCount[6] ; Breathclock ; Breathclock ; None                        ; None                      ; 10.733 ns               ;
; N/A   ; 87.57 MHz ( period = 11.420 ns )               ; BreathCount[5] ; BreathCount[2] ; Breathclock ; Breathclock ; None                        ; None                      ; 10.711 ns               ;
; N/A   ; 87.77 MHz ( period = 11.393 ns )               ; BreathCount[8] ; BreathCount[5] ; Breathclock ; Breathclock ; None                        ; None                      ; 10.684 ns               ;
; N/A   ; 87.92 MHz ( period = 11.374 ns )               ; BreathCount[3] ; BreathCount[3] ; Breathclock ; Breathclock ; None                        ; None                      ; 10.665 ns               ;
; N/A   ; 87.96 MHz ( period = 11.369 ns )               ; BreathCount[1] ; BreathCount[6] ; Breathclock ; Breathclock ; None                        ; None                      ; 10.660 ns               ;
; N/A   ; 88.35 MHz ( period = 11.319 ns )               ; BreathCount[3] ; BreathCount[5] ; Breathclock ; Breathclock ; None                        ; None                      ; 10.610 ns               ;
; N/A   ; 88.70 MHz ( period = 11.274 ns )               ; BreathCount[0] ; BreathCount[3] ; Breathclock ; Breathclock ; None                        ; None                      ; 10.565 ns               ;
; N/A   ; 89.09 MHz ( period = 11.224 ns )               ; BreathCount[6] ; BreathCount[2] ; Breathclock ; Breathclock ; None                        ; None                      ; 10.515 ns               ;
; N/A   ; 89.13 MHz ( period = 11.219 ns )               ; BreathCount[0] ; BreathCount[5] ; Breathclock ; Breathclock ; None                        ; None                      ; 10.510 ns               ;
; N/A   ; 89.65 MHz ( period = 11.154 ns )               ; BreathCount[5] ; BreathCount[1] ; Breathclock ; Breathclock ; None                        ; None                      ; 10.445 ns               ;
; N/A   ; 89.69 MHz ( period = 11.150 ns )               ; BreathCount[4] ; BreathCount[3] ; Breathclock ; Breathclock ; None                        ; None                      ; 10.441 ns               ;
; N/A   ; 90.13 MHz ( period = 11.095 ns )               ; BreathCount[4] ; BreathCount[5] ; Breathclock ; Breathclock ; None                        ; None                      ; 10.386 ns               ;
; N/A   ; 90.60 MHz ( period = 11.038 ns )               ; BreathCount[7] ; BreathCount[3] ; Breathclock ; Breathclock ; None                        ; None                      ; 10.329 ns               ;
; N/A   ; 91.05 MHz ( period = 10.983 ns )               ; BreathCount[7] ; BreathCount[5] ; Breathclock ; Breathclock ; None                        ; None                      ; 10.274 ns               ;
; N/A   ; 91.20 MHz ( period = 10.965 ns )               ; BreathCount[1] ; BreathCount[3] ; Breathclock ; Breathclock ; None                        ; None                      ; 10.256 ns               ;
; N/A   ; 91.26 MHz ( period = 10.958 ns )               ; BreathCount[6] ; BreathCount[1] ; Breathclock ; Breathclock ; None                        ; None                      ; 10.249 ns               ;
; N/A   ; 91.66 MHz ( period = 10.910 ns )               ; BreathCount[1] ; BreathCount[5] ; Breathclock ; Breathclock ; None                        ; None                      ; 10.201 ns               ;
; N/A   ; 92.75 MHz ( period = 10.782 ns )               ; BreathCount[2] ; BreathCount[2] ; Breathclock ; Breathclock ; None                        ; None                      ; 10.073 ns               ;
; N/A   ; 93.36 MHz ( period = 10.711 ns )               ; BreathCount[8] ; BreathCount[2] ; Breathclock ; Breathclock ; None                        ; None                      ; 10.002 ns               ;
; N/A   ; 94.01 MHz ( period = 10.637 ns )               ; BreathCount[3] ; BreathCount[2] ; Breathclock ; Breathclock ; None                        ; None                      ; 9.928 ns                ;
; N/A   ; 94.90 MHz ( period = 10.537 ns )               ; BreathCount[0] ; BreathCount[2] ; Breathclock ; Breathclock ; None                        ; None                      ; 9.828 ns                ;
; N/A   ; 95.09 MHz ( period = 10.516 ns )               ; BreathCount[2] ; BreathCount[1] ; Breathclock ; Breathclock ; None                        ; None                      ; 9.807 ns                ;
; N/A   ; 95.74 MHz ( period = 10.445 ns )               ; BreathCount[8] ; BreathCount[1] ; Breathclock ; Breathclock ; None                        ; None                      ; 9.736 ns                ;
; N/A   ; 96.03 MHz ( period = 10.413 ns )               ; BreathCount[4] ; BreathCount[2] ; Breathclock ; Breathclock ; None                        ; None                      ; 9.704 ns                ;
; N/A   ; 96.42 MHz ( period = 10.371 ns )               ; BreathCount[3] ; BreathCount[1] ; Breathclock ; Breathclock ; None                        ; None                      ; 9.662 ns                ;
; N/A   ; 97.08 MHz ( period = 10.301 ns )               ; BreathCount[7] ; BreathCount[2] ; Breathclock ; Breathclock ; None                        ; None                      ; 9.592 ns                ;
; N/A   ; 97.36 MHz ( period = 10.271 ns )               ; BreathCount[0] ; BreathCount[1] ; Breathclock ; Breathclock ; None                        ; None                      ; 9.562 ns                ;
; N/A   ; 97.77 MHz ( period = 10.228 ns )               ; BreathCount[1] ; BreathCount[2] ; Breathclock ; Breathclock ; None                        ; None                      ; 9.519 ns                ;
; N/A   ; 98.55 MHz ( period = 10.147 ns )               ; BreathCount[4] ; BreathCount[1] ; Breathclock ; Breathclock ; None                        ; None                      ; 9.438 ns                ;
; N/A   ; 99.65 MHz ( period = 10.035 ns )               ; BreathCount[7] ; BreathCount[1] ; Breathclock ; Breathclock ; None                        ; None                      ; 9.326 ns                ;
; N/A   ; 100.38 MHz ( period = 9.962 ns )               ; BreathCount[1] ; BreathCount[1] ; Breathclock ; Breathclock ; None                        ; None                      ; 9.253 ns                ;
; N/A   ; 112.06 MHz ( period = 8.924 ns )               ; BreathCount[5] ; RsvCount       ; Breathclock ; Breathclock ; None                        ; None                      ; 8.215 ns                ;
; N/A   ; 114.57 MHz ( period = 8.728 ns )               ; BreathCount[6] ; RsvCount       ; Breathclock ; Breathclock ; None                        ; None                      ; 8.019 ns                ;
; N/A   ; 115.02 MHz ( period = 8.694 ns )               ; RsvCount       ; BreathCount[7] ; Breathclock ; Breathclock ; None                        ; None                      ; 7.985 ns                ;
; N/A   ; 116.54 MHz ( period = 8.581 ns )               ; RsvCount       ; BreathCount[8] ; Breathclock ; Breathclock ; None                        ; None                      ; 7.872 ns                ;
; N/A   ; 120.69 MHz ( period = 8.286 ns )               ; BreathCount[2] ; RsvCount       ; Breathclock ; Breathclock ; None                        ; None                      ; 7.577 ns                ;
; N/A   ; 120.82 MHz ( period = 8.277 ns )               ; RsvCount       ; BreathCount[4] ; Breathclock ; Breathclock ; None                        ; None                      ; 7.568 ns                ;
; N/A   ; 122.84 MHz ( period = 8.141 ns )               ; BreathCount[3] ; RsvCount       ; Breathclock ; Breathclock ; None                        ; None                      ; 7.432 ns                ;
; N/A   ; 124.36 MHz ( period = 8.041 ns )               ; BreathCount[0] ; RsvCount       ; Breathclock ; Breathclock ; None                        ; None                      ; 7.332 ns                ;
; N/A   ; 126.55 MHz ( period = 7.902 ns )               ; RsvCount       ; BreathCount[6] ; Breathclock ; Breathclock ; None                        ; None                      ; 7.193 ns                ;
; N/A   ; 129.33 MHz ( period = 7.732 ns )               ; BreathCount[1] ; RsvCount       ; Breathclock ; Breathclock ; None                        ; None                      ; 7.023 ns                ;
; N/A   ; 131.91 MHz ( period = 7.581 ns )               ; BreathCount[7] ; RsvCount       ; Breathclock ; Breathclock ; None                        ; None                      ; 6.872 ns                ;
; N/A   ; 133.37 MHz ( period = 7.498 ns )               ; RsvCount       ; BreathCount[3] ; Breathclock ; Breathclock ; None                        ; None                      ; 6.789 ns                ;
; N/A   ; 134.35 MHz ( period = 7.443 ns )               ; RsvCount       ; BreathCount[5] ; Breathclock ; Breathclock ; None                        ; None                      ; 6.734 ns                ;
; N/A   ; 134.52 MHz ( period = 7.434 ns )               ; BreathCount[4] ; RsvCount       ; Breathclock ; Breathclock ; None                        ; None                      ; 6.725 ns                ;
; N/A   ; 147.91 MHz ( period = 6.761 ns )               ; RsvCount       ; BreathCount[2] ; Breathclock ; Breathclock ; None                        ; None                      ; 6.052 ns                ;
; N/A   ; 153.96 MHz ( period = 6.495 ns )               ; RsvCount       ; BreathCount[1] ; Breathclock ; Breathclock ; None                        ; None                      ; 5.786 ns                ;
; N/A   ; 159.52 MHz ( period = 6.269 ns )               ; BreathCount[8] ; RsvCount       ; Breathclock ; Breathclock ; None                        ; None                      ; 5.560 ns                ;
; N/A   ; 214.87 MHz ( period = 4.654 ns )               ; BreathCount[0] ; BreathCount[0] ; Breathclock ; Breathclock ; None                        ; None                      ; 3.945 ns                ;
; N/A   ; 256.02 MHz ( period = 3.906 ns )               ; IMGSel[2]      ; IMGSel[0]      ; Breathclock ; Breathclock ; None                        ; None                      ; 3.197 ns                ;
; N/A   ; Restricted to 304.04 MHz ( period = 3.289 ns ) ; IMGSel[0]      ; IMGSel[1]      ; Breathclock ; Breathclock ; None                        ; None                      ; 2.523 ns                ;
; N/A   ; Restricted to 304.04 MHz ( period = 3.289 ns ) ; IMGSel[2]      ; IMGSel[1]      ; Breathclock ; Breathclock ; None                        ; None                      ; 2.080 ns                ;
; N/A   ; Restricted to 304.04 MHz ( period = 3.289 ns ) ; IMGSel[0]      ; IMGSel[2]      ; Breathclock ; Breathclock ; None                        ; None                      ; 2.068 ns                ;
; N/A   ; Restricted to 304.04 MHz ( period = 3.289 ns ) ; IMGSel[0]      ; IMGSel[0]      ; Breathclock ; Breathclock ; None                        ; None                      ; 2.054 ns                ;
; N/A   ; Restricted to 304.04 MHz ( period = 3.289 ns ) ; RsvCount       ; RsvCount       ; Breathclock ; Breathclock ; None                        ; None                      ; 1.970 ns                ;
; N/A   ; Restricted to 304.04 MHz ( period = 3.289 ns ) ; IMGSel[2]      ; IMGSel[2]      ; Breathclock ; Breathclock ; None                        ; None                      ; 1.844 ns                ;
; N/A   ; Restricted to 304.04 MHz ( period = 3.289 ns ) ; IMGSel[1]      ; IMGSel[2]      ; Breathclock ; Breathclock ; None                        ; None                      ; 1.608 ns                ;
; N/A   ; Restricted to 304.04 MHz ( period = 3.289 ns ) ; IMGSel[1]      ; IMGSel[0]      ; Breathclock ; Breathclock ; None                        ; None                      ; 1.600 ns                ;
; N/A   ; Restricted to 304.04 MHz ( period = 3.289 ns ) ; IMGSel[1]      ; IMGSel[1]      ; Breathclock ; Breathclock ; None                        ; None                      ; 1.599 ns                ;
+-------+------------------------------------------------+----------------+----------------+-------------+-------------+-----------------------------+---------------------------+-------------------------+


+---------------------------------------------------------------------------------------------+
; tsu                                                                                         ;
+-------+--------------+------------+-----------+-------------------------------+-------------+
; Slack ; Required tsu ; Actual tsu ; From      ; To                            ; To Clock    ;
+-------+--------------+------------+-----------+-------------------------------+-------------+
; N/A   ; None         ; 3.020 ns   ; LEDEnable ; LEDRefresh:LEDPoint|lcount[2] ; Switchclock ;
; N/A   ; None         ; 2.612 ns   ; reset     ; LEDRefresh:LEDPoint|lcount[2] ; Switchclock ;
; N/A   ; None         ; 2.106 ns   ; reset     ; LEDRefresh:LEDPoint|lcount[1] ; Switchclock ;
; N/A   ; None         ; 2.099 ns   ; reset     ; LEDRefresh:LEDPoint|lcount[0] ; Switchclock ;
; N/A   ; None         ; 1.732 ns   ; LEDEnable ; LEDRefresh:LEDPoint|lcount[0] ; Switchclock ;
; N/A   ; None         ; 1.702 ns   ; LEDEnable ; LEDRefresh:LEDPoint|lcount[1] ; Switchclock ;
+-------+--------------+------------+-----------+-------------------------------+-------------+


+---------------------------------------------------------------------------------------------------------+
; tco                                                                                                     ;
+-------+--------------+------------+---------------------------------------+---------------+-------------+
; Slack ; Required tco ; Actual tco ; From                                  ; To            ; From Clock  ;
+-------+--------------+------------+---------------------------------------+---------------+-------------+
; N/A   ; None         ; 23.581 ns  ; IMGSel[0]                             ; Columnout[9]  ; Breathclock ;
; N/A   ; None         ; 23.539 ns  ; IMGSel[2]                             ; Columnout[2]  ; Breathclock ;
; N/A   ; None         ; 23.398 ns  ; IMGSel[1]                             ; Columnout[9]  ; Breathclock ;
; N/A   ; None         ; 23.339 ns  ; IMGSel[0]                             ; Columnout[2]  ; Breathclock ;
; N/A   ; None         ; 23.173 ns  ; IMGSel[2]                             ; Columnout[9]  ; Breathclock ;
; N/A   ; None         ; 22.992 ns  ; IMGSel[1]                             ; Columnout[2]  ; Breathclock ;
; N/A   ; None         ; 22.925 ns  ; IMGSel[2]                             ; Columnout[10] ; Breathclock ;
; N/A   ; None         ; 22.925 ns  ; IMGSel[1]                             ; Columnout[10] ; Breathclock ;
; N/A   ; None         ; 22.791 ns  ; IMGSel[2]                             ; Columnout[11] ; Breathclock ;
; N/A   ; None         ; 22.791 ns  ; IMGSel[1]                             ; Columnout[11] ; Breathclock ;
; N/A   ; None         ; 22.780 ns  ; IMGSel[2]                             ; Columnout[5]  ; Breathclock ;
; N/A   ; None         ; 22.770 ns  ; IMGSel[0]                             ; Columnout[11] ; Breathclock ;
; N/A   ; None         ; 22.646 ns  ; IMGSel[2]                             ; Columnout[6]  ; Breathclock ;
; N/A   ; None         ; 22.580 ns  ; IMGSel[0]                             ; Columnout[5]  ; Breathclock ;
; N/A   ; None         ; 22.446 ns  ; IMGSel[0]                             ; Columnout[6]  ; Breathclock ;
; N/A   ; None         ; 22.443 ns  ; IMGSel[1]                             ; Columnout[6]  ; Breathclock ;
; N/A   ; None         ; 22.384 ns  ; IMGSel[0]                             ; Columnout[10] ; Breathclock ;
; N/A   ; None         ; 22.233 ns  ; IMGSel[1]                             ; Columnout[5]  ; Breathclock ;
; N/A   ; None         ; 21.930 ns  ; IMGSel[2]                             ; Columnout[14] ; Breathclock ;
; N/A   ; None         ; 21.826 ns  ; IMGSel[1]                             ; Columnout[3]  ; Breathclock ;
; N/A   ; None         ; 21.724 ns  ; IMGSel[1]                             ; Columnout[0]  ; Breathclock ;
; N/A   ; None         ; 21.612 ns  ; IMGSel[0]                             ; Columnout[3]  ; Breathclock ;
; N/A   ; None         ; 21.556 ns  ; IMGSel[2]                             ; Columnout[0]  ; Breathclock ;
; N/A   ; None         ; 21.536 ns  ; IMGSel[0]                             ; Columnout[14] ; Breathclock ;
; N/A   ; None         ; 21.501 ns  ; IMGSel[2]                             ; Columnout[3]  ; Breathclock ;
; N/A   ; None         ; 21.435 ns  ; IMGSel[0]                             ; Columnout[4]  ; Breathclock ;
; N/A   ; None         ; 21.367 ns  ; IMGSel[0]                             ; Columnout[0]  ; Breathclock ;
; N/A   ; None         ; 21.353 ns  ; IMGSel[1]                             ; Columnout[14] ; Breathclock ;
; N/A   ; None         ; 21.329 ns  ; IMGSel[1]                             ; Columnout[4]  ; Breathclock ;
; N/A   ; None         ; 21.223 ns  ; IMGSel[2]                             ; Columnout[4]  ; Breathclock ;
; N/A   ; None         ; 21.150 ns  ; IMGSel[0]                             ; Columnout[15] ; Breathclock ;
; N/A   ; None         ; 21.074 ns  ; IMGSel[2]                             ; Columnout[7]  ; Breathclock ;
; N/A   ; None         ; 20.967 ns  ; IMGSel[1]                             ; Columnout[15] ; Breathclock ;
; N/A   ; None         ; 20.901 ns  ; LEDRefresh:LEDPoint|lcount[2]         ; Columnout[10] ; Switchclock ;
; N/A   ; None         ; 20.874 ns  ; IMGSel[0]                             ; Columnout[7]  ; Breathclock ;
; N/A   ; None         ; 20.742 ns  ; IMGSel[2]                             ; Columnout[15] ; Breathclock ;
; N/A   ; None         ; 20.713 ns  ; IMGSel[1]                             ; Columnout[1]  ; Breathclock ;
; N/A   ; None         ; 20.537 ns  ; LEDRefresh:LEDPoint|lcount[0]         ; Columnout[10] ; Switchclock ;
; N/A   ; None         ; 20.527 ns  ; IMGSel[1]                             ; Columnout[7]  ; Breathclock ;
; N/A   ; None         ; 20.417 ns  ; IMGSel[0]                             ; Columnout[1]  ; Breathclock ;
; N/A   ; None         ; 20.388 ns  ; IMGSel[2]                             ; Columnout[1]  ; Breathclock ;
; N/A   ; None         ; 20.178 ns  ; LEDRefresh:LEDPoint|lcount[2]         ; Columnout[9]  ; Switchclock ;
; N/A   ; None         ; 20.098 ns  ; LEDRefresh:LEDPoint|lcount[1]         ; Columnout[10] ; Switchclock ;
; N/A   ; None         ; 20.087 ns  ; IMGSel[2]                             ; Columnout[13] ; Breathclock ;
; N/A   ; None         ; 19.950 ns  ; IMGSel[2]                             ; Columnout[12] ; Breathclock ;
; N/A   ; None         ; 19.794 ns  ; IMGSel[1]                             ; Columnout[13] ; Breathclock ;
; N/A   ; None         ; 19.734 ns  ; LEDRefresh:LEDPoint|lcount[2]         ; Columnout[2]  ; Switchclock ;
; N/A   ; None         ; 19.703 ns  ; IMGSel[0]                             ; Columnout[8]  ; Breathclock ;
; N/A   ; None         ; 19.693 ns  ; IMGSel[2]                             ; Columnout[8]  ; Breathclock ;
; N/A   ; None         ; 19.604 ns  ; IMGSel[0]                             ; Columnout[13] ; Breathclock ;
; N/A   ; None         ; 19.599 ns  ; IMGSel[1]                             ; Columnout[12] ; Breathclock ;
; N/A   ; None         ; 19.520 ns  ; IMGSel[1]                             ; Columnout[8]  ; Breathclock ;
; N/A   ; None         ; 19.374 ns  ; LEDRefresh:LEDPoint|lcount[1]         ; Columnout[9]  ; Switchclock ;
; N/A   ; None         ; 19.367 ns  ; LEDRefresh:LEDPoint|lcount[2]         ; Columnout[11] ; Switchclock ;
; N/A   ; None         ; 19.362 ns  ; IMGSel[0]                             ; Columnout[12] ; Breathclock ;
; N/A   ; None         ; 18.975 ns  ; LEDRefresh:LEDPoint|lcount[2]         ; Columnout[5]  ; Switchclock ;
; N/A   ; None         ; 18.896 ns  ; LEDRefresh:LEDPoint|lcount[2]         ; Columnout[14] ; Switchclock ;
; N/A   ; None         ; 18.841 ns  ; LEDRefresh:LEDPoint|lcount[2]         ; Columnout[6]  ; Switchclock ;
; N/A   ; None         ; 18.563 ns  ; LEDRefresh:LEDPoint|lcount[1]         ; Columnout[11] ; Switchclock ;
; N/A   ; None         ; 17.845 ns  ; LEDRefresh:LEDPoint|lcount[1]         ; Columnout[5]  ; Switchclock ;
; N/A   ; None         ; 17.571 ns  ; LEDRefresh:LEDPoint|lcount[2]         ; Columnout[15] ; Switchclock ;
; N/A   ; None         ; 17.559 ns  ; LEDRefresh:LEDPoint|lcount[0]         ; Columnout[5]  ; Switchclock ;
; N/A   ; None         ; 17.269 ns  ; LEDRefresh:LEDPoint|lcount[2]         ; Columnout[7]  ; Switchclock ;
; N/A   ; None         ; 17.202 ns  ; LEDRefresh:LEDPoint|lcount[0]         ; Columnout[2]  ; Switchclock ;
; N/A   ; None         ; 17.041 ns  ; LEDRefresh:LEDPoint|lcount[1]         ; Columnout[3]  ; Switchclock ;
; N/A   ; None         ; 17.015 ns  ; LEDRefresh:LEDPoint|lcount[1]         ; Columnout[14] ; Switchclock ;
; N/A   ; None         ; 16.916 ns  ; LEDRefresh:LEDPoint|lcount[2]         ; Columnout[12] ; Switchclock ;
; N/A   ; None         ; 16.880 ns  ; LEDRefresh:LEDPoint|lcount[0]         ; Columnout[13] ; Switchclock ;
; N/A   ; None         ; 16.775 ns  ; LEDRefresh:LEDPoint|lcount[2]         ; Columnout[3]  ; Switchclock ;
; N/A   ; None         ; 16.498 ns  ; LEDRefresh:LEDPoint|lcount[1]         ; Columnout[0]  ; Switchclock ;
; N/A   ; None         ; 16.441 ns  ; LEDRefresh:LEDPoint|lcount[1]         ; Columnout[13] ; Switchclock ;
; N/A   ; None         ; 16.382 ns  ; LEDRefresh:LEDPoint|lcount[1]         ; Columnout[2]  ; Switchclock ;
; N/A   ; None         ; 16.374 ns  ; LEDRefresh:LEDPoint|lcount[0]         ; Columnout[3]  ; Switchclock ;
; N/A   ; None         ; 16.325 ns  ; LEDRefresh:LEDPoint|lcount[0]         ; Columnout[6]  ; Switchclock ;
; N/A   ; None         ; 16.234 ns  ; LEDRefresh:LEDPoint|lcount[2]         ; Columnout[4]  ; Switchclock ;
; N/A   ; None         ; 16.124 ns  ; LEDRefresh:LEDPoint|lcount[2]         ; Columnout[8]  ; Switchclock ;
; N/A   ; None         ; 16.035 ns  ; LEDRefresh:LEDPoint|lcount[2]         ; Columnout[0]  ; Switchclock ;
; N/A   ; None         ; 16.013 ns  ; LEDRefresh:LEDPoint|lcount[1]         ; Columnout[15] ; Switchclock ;
; N/A   ; None         ; 15.801 ns  ; LEDRefresh:LEDPoint|PWM:PWMGen|output ; Columnout[14] ; PWMclock    ;
; N/A   ; None         ; 15.662 ns  ; LEDRefresh:LEDPoint|lcount[2]         ; Columnout[1]  ; Switchclock ;
; N/A   ; None         ; 15.495 ns  ; LEDRefresh:LEDPoint|lcount[1]         ; Columnout[6]  ; Switchclock ;
; N/A   ; None         ; 15.370 ns  ; LEDRefresh:LEDPoint|PWM:PWMGen|output ; Columnout[8]  ; PWMclock    ;
; N/A   ; None         ; 15.170 ns  ; LEDRefresh:LEDPoint|lcount[2]         ; Columnout[13] ; Switchclock ;
; N/A   ; None         ; 14.940 ns  ; LEDRefresh:LEDPoint|PWM:PWMGen|output ; Columnout[2]  ; PWMclock    ;
; N/A   ; None         ; 14.842 ns  ; LEDRefresh:LEDPoint|PWM:PWMGen|output ; Columnout[12] ; PWMclock    ;
; N/A   ; None         ; 14.800 ns  ; LEDRefresh:LEDPoint|PWM:PWMGen|output ; Columnout[9]  ; PWMclock    ;
; N/A   ; None         ; 14.786 ns  ; LEDRefresh:LEDPoint|lcount[0]         ; Columnout[7]  ; Switchclock ;
; N/A   ; None         ; 14.750 ns  ; LEDRefresh:LEDPoint|lcount[0]         ; Columnout[4]  ; Switchclock ;
; N/A   ; None         ; 14.731 ns  ; LEDRefresh:LEDPoint|PWM:PWMGen|output ; Columnout[6]  ; PWMclock    ;
; N/A   ; None         ; 14.662 ns  ; LEDRefresh:LEDPoint|PWM:PWMGen|output ; Columnout[0]  ; PWMclock    ;
; N/A   ; None         ; 14.625 ns  ; LEDRefresh:LEDPoint|lcount[0]         ; Columnout[0]  ; Switchclock ;
; N/A   ; None         ; 14.516 ns  ; LEDRefresh:LEDPoint|lcount[0]         ; Columnout[8]  ; Switchclock ;
; N/A   ; None         ; 14.472 ns  ; LEDRefresh:LEDPoint|lcount[1]         ; Columnout[4]  ; Switchclock ;
; N/A   ; None         ; 14.468 ns  ; LEDRefresh:LEDPoint|lcount[1]         ; Columnout[7]  ; Switchclock ;
; N/A   ; None         ; 14.395 ns  ; LEDRefresh:LEDPoint|PWM:PWMGen|output ; Columnout[4]  ; PWMclock    ;
; N/A   ; None         ; 13.998 ns  ; LEDRefresh:LEDPoint|PWM:PWMGen|output ; Columnout[11] ; PWMclock    ;
; N/A   ; None         ; 13.902 ns  ; LEDRefresh:LEDPoint|lcount[0]         ; Columnout[1]  ; Switchclock ;
; N/A   ; None         ; 13.699 ns  ; LEDRefresh:LEDPoint|lcount[1]         ; Columnout[1]  ; Switchclock ;
; N/A   ; None         ; 13.697 ns  ; LEDRefresh:LEDPoint|lcount[1]         ; Columnout[8]  ; Switchclock ;
; N/A   ; None         ; 13.686 ns  ; LEDRefresh:LEDPoint|lcount[0]         ; Columnout[14] ; Switchclock ;
; N/A   ; None         ; 13.671 ns  ; LEDRefresh:LEDPoint|PWM:PWMGen|output ; Columnout[15] ; PWMclock    ;
; N/A   ; None         ; 13.383 ns  ; LEDRefresh:LEDPoint|lcount[0]         ; Columnout[9]  ; Switchclock ;
; N/A   ; None         ; 13.365 ns  ; LEDRefresh:LEDPoint|lcount[1]         ; Columnout[12] ; Switchclock ;
; N/A   ; None         ; 13.178 ns  ; LEDRefresh:LEDPoint|PWM:PWMGen|output ; Columnout[1]  ; PWMclock    ;
; N/A   ; None         ; 13.072 ns  ; LEDRefresh:LEDPoint|PWM:PWMGen|output ; Columnout[5]  ; PWMclock    ;
; N/A   ; None         ; 12.830 ns  ; LEDRefresh:LEDPoint|PWM:PWMGen|output ; Columnout[10] ; PWMclock    ;
; N/A   ; None         ; 12.569 ns  ; LEDRefresh:LEDPoint|lcount[0]         ; Columnout[11] ; Switchclock ;
; N/A   ; None         ; 12.328 ns  ; LEDRefresh:LEDPoint|PWM:PWMGen|output ; Columnout[7]  ; PWMclock    ;
; N/A   ; None         ; 12.246 ns  ; LEDRefresh:LEDPoint|PWM:PWMGen|output ; Columnout[3]  ; PWMclock    ;
; N/A   ; None         ; 12.074 ns  ; LEDRefresh:LEDPoint|lcount[0]         ; Columnout[15] ; Switchclock ;
; N/A   ; None         ; 11.853 ns  ; LEDRefresh:LEDPoint|lcount[0]         ; Columnout[12] ; Switchclock ;
; N/A   ; None         ; 11.790 ns  ; LEDRefresh:LEDPoint|PWM:PWMGen|output ; Columnout[13] ; PWMclock    ;
; N/A   ; None         ; 9.805 ns   ; LEDRefresh:LEDPoint|Lineout[3]        ; Lineout[3]    ; Switchclock ;
; N/A   ; None         ; 9.166 ns   ; LEDRefresh:LEDPoint|Lineout[5]        ; Lineout[5]    ; Switchclock ;
; N/A   ; None         ; 8.771 ns   ; LEDRefresh:LEDPoint|Lineout[2]        ; Lineout[2]    ; Switchclock ;
; N/A   ; None         ; 8.642 ns   ; LEDRefresh:LEDPoint|Lineout[6]        ; Lineout[6]    ; Switchclock ;
; N/A   ; None         ; 8.636 ns   ; LEDRefresh:LEDPoint|Lineout[1]        ; Lineout[1]    ; Switchclock ;
; N/A   ; None         ; 8.624 ns   ; LEDRefresh:LEDPoint|Lineout[0]        ; Lineout[0]    ; Switchclock ;
; N/A   ; None         ; 8.533 ns   ; LEDRefresh:LEDPoint|Lineout[7]        ; Lineout[7]    ; Switchclock ;
; N/A   ; None         ; 8.493 ns   ; LEDRefresh:LEDPoint|Lineout[4]        ; Lineout[4]    ; Switchclock ;
+-------+--------------+------------+---------------------------------------+---------------+-------------+


+-------------------------------------------------------------------------+
; tpd                                                                     ;
+-------+-------------------+-----------------+-----------+---------------+
; Slack ; Required P2P Time ; Actual P2P Time ; From      ; To            ;
+-------+-------------------+-----------------+-----------+---------------+
; N/A   ; None              ; 12.569 ns       ; LEDEnable ; Columnout[6]  ;
; N/A   ; None              ; 12.525 ns       ; reset     ; Columnout[14] ;
; N/A   ; None              ; 12.357 ns       ; LEDEnable ; Columnout[2]  ;
; N/A   ; None              ; 12.345 ns       ; reset     ; Columnout[2]  ;
; N/A   ; None              ; 12.337 ns       ; reset     ; Columnout[6]  ;
; N/A   ; None              ; 12.301 ns       ; LEDEnable ; Columnout[14] ;
; N/A   ; None              ; 12.094 ns       ; reset     ; Columnout[8]  ;
; N/A   ; None              ; 11.870 ns       ; LEDEnable ; Columnout[8]  ;
; N/A   ; None              ; 11.663 ns       ; reset     ; Columnout[4]  ;
; N/A   ; None              ; 11.566 ns       ; reset     ; Columnout[12] ;
; N/A   ; None              ; 11.524 ns       ; reset     ; Columnout[9]  ;
; N/A   ; None              ; 11.498 ns       ; LEDEnable ; Columnout[4]  ;
; N/A   ; None              ; 11.386 ns       ; reset     ; Columnout[0]  ;
; N/A   ; None              ; 11.342 ns       ; LEDEnable ; Columnout[12] ;
; N/A   ; None              ; 11.300 ns       ; LEDEnable ; Columnout[9]  ;
; N/A   ; None              ; 11.165 ns       ; reset     ; Columnout[10] ;
; N/A   ; None              ; 11.162 ns       ; LEDEnable ; Columnout[0]  ;
; N/A   ; None              ; 11.060 ns       ; LEDEnable ; Columnout[5]  ;
; N/A   ; None              ; 10.987 ns       ; reset     ; Columnout[5]  ;
; N/A   ; None              ; 10.927 ns       ; LEDEnable ; Columnout[10] ;
; N/A   ; None              ; 10.761 ns       ; reset     ; Columnout[13] ;
; N/A   ; None              ; 10.722 ns       ; reset     ; Columnout[11] ;
; N/A   ; None              ; 10.498 ns       ; LEDEnable ; Columnout[11] ;
; N/A   ; None              ; 10.428 ns       ; reset     ; Columnout[1]  ;
; N/A   ; None              ; 10.395 ns       ; reset     ; Columnout[15] ;
; N/A   ; None              ; 10.260 ns       ; LEDEnable ; Columnout[1]  ;
; N/A   ; None              ; 10.171 ns       ; LEDEnable ; Columnout[15] ;
; N/A   ; None              ; 10.085 ns       ; reset     ; Columnout[7]  ;
; N/A   ; None              ; 9.762 ns        ; reset     ; Columnout[3]  ;
; N/A   ; None              ; 9.672 ns        ; LEDEnable ; Columnout[3]  ;
; N/A   ; None              ; 8.817 ns        ; LEDEnable ; Columnout[13] ;
; N/A   ; None              ; 8.750 ns        ; LEDEnable ; Columnout[7]  ;
+-------+-------------------+-----------------+-----------+---------------+


+---------------------------------------------------------------------------------------------------+
; th                                                                                                ;
+---------------+-------------+-----------+-----------+-------------------------------+-------------+
; Minimum Slack ; Required th ; Actual th ; From      ; To                            ; To Clock    ;
+---------------+-------------+-----------+-----------+-------------------------------+-------------+
; N/A           ; None        ; -1.148 ns ; LEDEnable ; LEDRefresh:LEDPoint|lcount[1] ; Switchclock ;
; N/A           ; None        ; -1.178 ns ; LEDEnable ; LEDRefresh:LEDPoint|lcount[0] ; Switchclock ;
; N/A           ; None        ; -1.545 ns ; reset     ; LEDRefresh:LEDPoint|lcount[0] ; Switchclock ;
; N/A           ; None        ; -1.552 ns ; reset     ; LEDRefresh:LEDPoint|lcount[1] ; Switchclock ;
; N/A           ; None        ; -2.058 ns ; reset     ; LEDRefresh:LEDPoint|lcount[2] ; Switchclock ;
; N/A           ; None        ; -2.466 ns ; LEDEnable ; LEDRefresh:LEDPoint|lcount[2] ; Switchclock ;
+---------------+-------------+-----------+-----------+-------------------------------+-------------+


+--------------------------+
; Timing Analyzer Messages ;
+--------------------------+
Info: *******************************************************************
Info: Running Quartus II Classic Timing Analyzer
    Info: Version 9.0 Build 235 06/17/2009 Service Pack 2 SJ Web Edition
    Info: Processing started: Fri Oct 27 23:06:35 2017
Info: Command: quartus_tan --read_settings_files=off --write_settings_files=off LEDCtrl -c LEDCtrl
Info: Started post-fitting delay annotation
Info: Delay annotation completed successfully
Warning: Found pins functioning as undefined clocks and/or memory enables
    Info: Assuming node "Switchclock" is an undefined clock
    Info: Assuming node "PWMclock" is an undefined clock
    Info: Assuming node "Breathclock" is an undefined clock
Warning: Found 1 node(s) in clock paths which may be acting as ripple and/or gated clocks -- node(s) analyzed as buffer(s) resulting in clock skew
    Info: Detected ripple clock "RsvCount" as buffer
Info: Clock "Switchclock" has Internal fmax of 247.04 MHz between source register "LEDRefresh:LEDPoint|lcount[2]" and destination register "LEDRefresh:LEDPoint|Lineout[1]" (period= 4.048 ns)
    Info: + Longest register to register delay is 3.339 ns
        Info: 1: + IC(0.000 ns) + CELL(0.000 ns) = 0.000 ns; Loc. = LC_X9_Y7_N6; Fanout = 33; REG Node = 'LEDRefresh:LEDPoint|lcount[2]'
        Info: 2: + IC(2.278 ns) + CELL(1.061 ns) = 3.339 ns; Loc. = LC_X4_Y7_N0; Fanout = 1; REG Node = 'LEDRefresh:LEDPoint|Lineout[1]'
        Info: Total cell delay = 1.061 ns ( 31.78 % )
        Info: Total interconnect delay = 2.278 ns ( 68.22 % )
    Info: - Smallest clock skew is 0.000 ns
        Info: + Shortest clock path from clock "Switchclock" to destination register is 3.819 ns
            Info: 1: + IC(0.000 ns) + CELL(1.163 ns) = 1.163 ns; Loc. = PIN_18; Fanout = 11; CLK Node = 'Switchclock'
            Info: 2: + IC(1.738 ns) + CELL(0.918 ns) = 3.819 ns; Loc. = LC_X4_Y7_N0; Fanout = 1; REG Node = 'LEDRefresh:LEDPoint|Lineout[1]'
            Info: Total cell delay = 2.081 ns ( 54.49 % )
            Info: Total interconnect delay = 1.738 ns ( 45.51 % )
        Info: - Longest clock path from clock "Switchclock" to source register is 3.819 ns
            Info: 1: + IC(0.000 ns) + CELL(1.163 ns) = 1.163 ns; Loc. = PIN_18; Fanout = 11; CLK Node = 'Switchclock'
            Info: 2: + IC(1.738 ns) + CELL(0.918 ns) = 3.819 ns; Loc. = LC_X9_Y7_N6; Fanout = 33; REG Node = 'LEDRefresh:LEDPoint|lcount[2]'
            Info: Total cell delay = 2.081 ns ( 54.49 % )
            Info: Total interconnect delay = 1.738 ns ( 45.51 % )
    Info: + Micro clock to output delay of source is 0.376 ns
    Info: + Micro setup delay of destination is 0.333 ns
Info: Clock "PWMclock" has Internal fmax of 156.76 MHz between source register "LEDRefresh:LEDPoint|PWM:PWMGen|count[2]" and destination register "LEDRefresh:LEDPoint|PWM:PWMGen|output" (period= 6.379 ns)
    Info: + Longest register to register delay is 5.670 ns
        Info: 1: + IC(0.000 ns) + CELL(0.000 ns) = 0.000 ns; Loc. = LC_X10_Y4_N2; Fanout = 5; REG Node = 'LEDRefresh:LEDPoint|PWM:PWMGen|count[2]'
        Info: 2: + IC(2.668 ns) + CELL(0.747 ns) = 3.415 ns; Loc. = LC_X9_Y5_N2; Fanout = 1; COMB Node = 'LEDRefresh:LEDPoint|PWM:PWMGen|LessThan0~27'
        Info: 3: + IC(0.000 ns) + CELL(0.123 ns) = 3.538 ns; Loc. = LC_X9_Y5_N3; Fanout = 1; COMB Node = 'LEDRefresh:LEDPoint|PWM:PWMGen|LessThan0~22'
        Info: 4: + IC(0.000 ns) + CELL(0.261 ns) = 3.799 ns; Loc. = LC_X9_Y5_N4; Fanout = 1; COMB Node = 'LEDRefresh:LEDPoint|PWM:PWMGen|LessThan0~17'
        Info: 5: + IC(0.000 ns) + CELL(0.975 ns) = 4.774 ns; Loc. = LC_X9_Y5_N7; Fanout = 1; COMB Node = 'LEDRefresh:LEDPoint|PWM:PWMGen|LessThan0~0'
        Info: 6: + IC(0.305 ns) + CELL(0.591 ns) = 5.670 ns; Loc. = LC_X9_Y5_N8; Fanout = 10; REG Node = 'LEDRefresh:LEDPoint|PWM:PWMGen|output'
        Info: Total cell delay = 2.697 ns ( 47.57 % )
        Info: Total interconnect delay = 2.973 ns ( 52.43 % )
    Info: - Smallest clock skew is 0.000 ns
        Info: + Shortest clock path from clock "PWMclock" to destination register is 3.699 ns
            Info: 1: + IC(0.000 ns) + CELL(1.163 ns) = 1.163 ns; Loc. = PIN_91; Fanout = 9; CLK Node = 'PWMclock'
            Info: 2: + IC(1.618 ns) + CELL(0.918 ns) = 3.699 ns; Loc. = LC_X9_Y5_N8; Fanout = 10; REG Node = 'LEDRefresh:LEDPoint|PWM:PWMGen|output'
            Info: Total cell delay = 2.081 ns ( 56.26 % )
            Info: Total interconnect delay = 1.618 ns ( 43.74 % )
        Info: - Longest clock path from clock "PWMclock" to source register is 3.699 ns
            Info: 1: + IC(0.000 ns) + CELL(1.163 ns) = 1.163 ns; Loc. = PIN_91; Fanout = 9; CLK Node = 'PWMclock'
            Info: 2: + IC(1.618 ns) + CELL(0.918 ns) = 3.699 ns; Loc. = LC_X10_Y4_N2; Fanout = 5; REG Node = 'LEDRefresh:LEDPoint|PWM:PWMGen|count[2]'
            Info: Total cell delay = 2.081 ns ( 56.26 % )
            Info: Total interconnect delay = 1.618 ns ( 43.74 % )
    Info: + Micro clock to output delay of source is 0.376 ns
    Info: + Micro setup delay of destination is 0.333 ns
Info: Clock "Breathclock" has Internal fmax of 74.89 MHz between source register "BreathCount[5]" and destination register "BreathCount[7]" (period= 13.353 ns)
    Info: + Longest register to register delay is 12.644 ns
        Info: 1: + IC(0.000 ns) + CELL(0.000 ns) = 0.000 ns; Loc. = LC_X11_Y5_N4; Fanout = 7; REG Node = 'BreathCount[5]'
        Info: 2: + IC(2.634 ns) + CELL(0.511 ns) = 3.145 ns; Loc. = LC_X9_Y6_N9; Fanout = 1; COMB Node = 'Equal1~0'
        Info: 3: + IC(0.728 ns) + CELL(0.740 ns) = 4.613 ns; Loc. = LC_X9_Y6_N7; Fanout = 2; COMB Node = 'Equal1~2'
        Info: 4: + IC(1.762 ns) + CELL(0.200 ns) = 6.575 ns; Loc. = LC_X10_Y5_N9; Fanout = 21; COMB Node = 'Add0~19'
        Info: 5: + IC(0.836 ns) + CELL(0.747 ns) = 8.158 ns; Loc. = LC_X10_Y5_N1; Fanout = 2; COMB Node = 'Add0~14'
        Info: 6: + IC(0.000 ns) + CELL(0.123 ns) = 8.281 ns; Loc. = LC_X10_Y5_N2; Fanout = 2; COMB Node = 'Add0~12'
        Info: 7: + IC(0.000 ns) + CELL(0.123 ns) = 8.404 ns; Loc. = LC_X10_Y5_N3; Fanout = 2; COMB Node = 'Add0~10'
        Info: 8: + IC(0.000 ns) + CELL(0.261 ns) = 8.665 ns; Loc. = LC_X10_Y5_N4; Fanout = 4; COMB Node = 'Add0~8'
        Info: 9: + IC(0.000 ns) + CELL(0.975 ns) = 9.640 ns; Loc. = LC_X10_Y5_N7; Fanout = 1; COMB Node = 'Add0~1'
        Info: 10: + IC(1.821 ns) + CELL(1.183 ns) = 12.644 ns; Loc. = LC_X9_Y6_N5; Fanout = 6; REG Node = 'BreathCount[7]'
        Info: Total cell delay = 4.863 ns ( 38.46 % )
        Info: Total interconnect delay = 7.781 ns ( 61.54 % )
    Info: - Smallest clock skew is 0.000 ns
        Info: + Shortest clock path from clock "Breathclock" to destination register is 3.819 ns
            Info: 1: + IC(0.000 ns) + CELL(1.163 ns) = 1.163 ns; Loc. = PIN_20; Fanout = 10; CLK Node = 'Breathclock'
            Info: 2: + IC(1.738 ns) + CELL(0.918 ns) = 3.819 ns; Loc. = LC_X9_Y6_N5; Fanout = 6; REG Node = 'BreathCount[7]'
            Info: Total cell delay = 2.081 ns ( 54.49 % )
            Info: Total interconnect delay = 1.738 ns ( 45.51 % )
        Info: - Longest clock path from clock "Breathclock" to source register is 3.819 ns
            Info: 1: + IC(0.000 ns) + CELL(1.163 ns) = 1.163 ns; Loc. = PIN_20; Fanout = 10; CLK Node = 'Breathclock'
            Info: 2: + IC(1.738 ns) + CELL(0.918 ns) = 3.819 ns; Loc. = LC_X11_Y5_N4; Fanout = 7; REG Node = 'BreathCount[5]'
            Info: Total cell delay = 2.081 ns ( 54.49 % )
            Info: Total interconnect delay = 1.738 ns ( 45.51 % )
    Info: + Micro clock to output delay of source is 0.376 ns
    Info: + Micro setup delay of destination is 0.333 ns
Info: tsu for register "LEDRefresh:LEDPoint|lcount[2]" (data pin = "LEDEnable", clock pin = "Switchclock") is 3.020 ns
    Info: + Longest pin to register delay is 6.506 ns
        Info: 1: + IC(0.000 ns) + CELL(1.132 ns) = 1.132 ns; Loc. = PIN_53; Fanout = 15; PIN Node = 'LEDEnable'
        Info: 2: + IC(2.407 ns) + CELL(0.511 ns) = 4.050 ns; Loc. = LC_X9_Y6_N8; Fanout = 19; COMB Node = 'LEDRefresh:LEDPoint|process_0~0'
        Info: 3: + IC(1.865 ns) + CELL(0.591 ns) = 6.506 ns; Loc. = LC_X9_Y7_N6; Fanout = 33; REG Node = 'LEDRefresh:LEDPoint|lcount[2]'
        Info: Total cell delay = 2.234 ns ( 34.34 % )
        Info: Total interconnect delay = 4.272 ns ( 65.66 % )
    Info: + Micro setup delay of destination is 0.333 ns
    Info: - Shortest clock path from clock "Switchclock" to destination register is 3.819 ns
        Info: 1: + IC(0.000 ns) + CELL(1.163 ns) = 1.163 ns; Loc. = PIN_18; Fanout = 11; CLK Node = 'Switchclock'
        Info: 2: + IC(1.738 ns) + CELL(0.918 ns) = 3.819 ns; Loc. = LC_X9_Y7_N6; Fanout = 33; REG Node = 'LEDRefresh:LEDPoint|lcount[2]'
        Info: Total cell delay = 2.081 ns ( 54.49 % )
        Info: Total interconnect delay = 1.738 ns ( 45.51 % )
Info: tco from clock "Breathclock" to destination pin "Columnout[9]" through register "IMGSel[0]" is 23.581 ns
    Info: + Longest clock path from clock "Breathclock" to source register is 8.957 ns
        Info: 1: + IC(0.000 ns) + CELL(1.163 ns) = 1.163 ns; Loc. = PIN_20; Fanout = 10; CLK Node = 'Breathclock'
        Info: 2: + IC(1.738 ns) + CELL(1.294 ns) = 4.195 ns; Loc. = LC_X11_Y5_N0; Fanout = 5; REG Node = 'RsvCount'
        Info: 3: + IC(3.844 ns) + CELL(0.918 ns) = 8.957 ns; Loc. = LC_X9_Y8_N7; Fanout = 24; REG Node = 'IMGSel[0]'
        Info: Total cell delay = 3.375 ns ( 37.68 % )
        Info: Total interconnect delay = 5.582 ns ( 62.32 % )
    Info: + Micro clock to output delay of source is 0.376 ns
    Info: + Longest register to pin delay is 14.248 ns
        Info: 1: + IC(0.000 ns) + CELL(0.000 ns) = 0.000 ns; Loc. = LC_X9_Y8_N7; Fanout = 24; REG Node = 'IMGSel[0]'
        Info: 2: + IC(2.034 ns) + CELL(0.740 ns) = 2.774 ns; Loc. = LC_X5_Y8_N3; Fanout = 5; COMB Node = 'LEDRefresh:LEDPoint|Mux0~9'
        Info: 3: + IC(1.277 ns) + CELL(0.511 ns) = 4.562 ns; Loc. = LC_X5_Y8_N2; Fanout = 2; COMB Node = 'LEDRefresh:LEDPoint|Mux14~0'
        Info: 4: + IC(3.068 ns) + CELL(0.511 ns) = 8.141 ns; Loc. = LC_X9_Y4_N7; Fanout = 1; COMB Node = 'LEDRefresh:LEDPoint|Columnout[9]~59'
        Info: 5: + IC(3.785 ns) + CELL(2.322 ns) = 14.248 ns; Loc. = PIN_6; Fanout = 0; PIN Node = 'Columnout[9]'
        Info: Total cell delay = 4.084 ns ( 28.66 % )
        Info: Total interconnect delay = 10.164 ns ( 71.34 % )
Info: Longest tpd from source pin "LEDEnable" to destination pin "Columnout[6]" is 12.569 ns
    Info: 1: + IC(0.000 ns) + CELL(1.132 ns) = 1.132 ns; Loc. = PIN_53; Fanout = 15; PIN Node = 'LEDEnable'
    Info: 2: + IC(3.750 ns) + CELL(0.914 ns) = 5.796 ns; Loc. = LC_X13_Y3_N7; Fanout = 1; COMB Node = 'LEDRefresh:LEDPoint|Columnout[6]~75'
    Info: 3: + IC(4.451 ns) + CELL(2.322 ns) = 12.569 ns; Loc. = PIN_8; Fanout = 0; PIN Node = 'Columnout[6]'
    Info: Total cell delay = 4.368 ns ( 34.75 % )
    Info: Total interconnect delay = 8.201 ns ( 65.25 % )
Info: th for register "LEDRefresh:LEDPoint|lcount[1]" (data pin = "LEDEnable", clock pin = "Switchclock") is -1.148 ns
    Info: + Longest clock path from clock "Switchclock" to destination register is 3.819 ns
        Info: 1: + IC(0.000 ns) + CELL(1.163 ns) = 1.163 ns; Loc. = PIN_18; Fanout = 11; CLK Node = 'Switchclock'
        Info: 2: + IC(1.738 ns) + CELL(0.918 ns) = 3.819 ns; Loc. = LC_X9_Y7_N8; Fanout = 36; REG Node = 'LEDRefresh:LEDPoint|lcount[1]'
        Info: Total cell delay = 2.081 ns ( 54.49 % )
        Info: Total interconnect delay = 1.738 ns ( 45.51 % )
    Info: + Micro hold delay of destination is 0.221 ns
    Info: - Shortest pin to register delay is 5.188 ns
        Info: 1: + IC(0.000 ns) + CELL(1.132 ns) = 1.132 ns; Loc. = PIN_53; Fanout = 15; PIN Node = 'LEDEnable'
        Info: 2: + IC(2.873 ns) + CELL(1.183 ns) = 5.188 ns; Loc. = LC_X9_Y7_N8; Fanout = 36; REG Node = 'LEDRefresh:LEDPoint|lcount[1]'
        Info: Total cell delay = 2.315 ns ( 44.62 % )
        Info: Total interconnect delay = 2.873 ns ( 55.38 % )
Info: Quartus II Classic Timing Analyzer was successful. 0 errors, 2 warnings
    Info: Peak virtual memory: 230 megabytes
    Info: Processing ended: Fri Oct 27 23:06:35 2017
    Info: Elapsed time: 00:00:00
    Info: Total CPU time (on all processors): 00:00:00


