Classic Timing Analyzer report for DNum
Wed Nov 08 21:40:24 2017
Quartus II Version 9.0 Build 235 06/17/2009 Service Pack 2 SJ Web Edition


---------------------
; Table of Contents ;
---------------------
  1. Legal Notice
  2. Timing Analyzer Summary
  3. Timing Analyzer Settings
  4. Clock Settings Summary
  5. Parallel Compilation
  6. Clock Setup: 'clock'
  7. tco
  8. Timing Analyzer Messages



----------------
; Legal Notice ;
----------------
Copyright (C) 1991-2009 Altera Corporation
Your use of Altera Corporation's design tools, logic functions 
and other software and tools, and its AMPP partner logic 
functions, and any output files from any of the foregoing 
(including device programming or simulation files), and any 
associated documentation or information are expressly subject 
to the terms and conditions of the Altera Program License 
Subscription Agreement, Altera MegaCore Function License 
Agreement, or other applicable license agreement, including, 
without limitation, that your use is for the sole purpose of 
programming logic devices manufactured by Altera and sold by 
Altera or its authorized distributors.  Please refer to the 
applicable agreement for further details.



+-----------------------------------------------------------------------------------------------------------------------------------------------------------------+
; Timing Analyzer Summary                                                                                                                                         ;
+------------------------------+-------+---------------+------------------------------------------------+------+-----------+------------+----------+--------------+
; Type                         ; Slack ; Required Time ; Actual Time                                    ; From ; To        ; From Clock ; To Clock ; Failed Paths ;
+------------------------------+-------+---------------+------------------------------------------------+------+-----------+------------+----------+--------------+
; Worst-case tco               ; N/A   ; None          ; 10.255 ns                                      ; n[3] ; output[3] ; clock      ; --       ; 0            ;
; Clock Setup: 'clock'         ; N/A   ; None          ; Restricted to 304.04 MHz ( period = 3.289 ns ) ; n[3] ; c1~reg0   ; clock      ; clock    ; 0            ;
; Total number of failed paths ;       ;               ;                                                ;      ;           ;            ;          ; 0            ;
+------------------------------+-------+---------------+------------------------------------------------+------+-----------+------------+----------+--------------+


+--------------------------------------------------------------------------------------------------------------------+
; Timing Analyzer Settings                                                                                           ;
+---------------------------------------------------------------------+--------------------+------+----+-------------+
; Option                                                              ; Setting            ; From ; To ; Entity Name ;
+---------------------------------------------------------------------+--------------------+------+----+-------------+
; Device Name                                                         ; EPM1270T144C5      ;      ;    ;             ;
; Timing Models                                                       ; Final              ;      ;    ;             ;
; Default hold multicycle                                             ; Same as Multicycle ;      ;    ;             ;
; Cut paths between unrelated clock domains                           ; On                 ;      ;    ;             ;
; Cut off read during write signal paths                              ; On                 ;      ;    ;             ;
; Cut off feedback from I/O pins                                      ; On                 ;      ;    ;             ;
; Report Combined Fast/Slow Timing                                    ; Off                ;      ;    ;             ;
; Ignore Clock Settings                                               ; Off                ;      ;    ;             ;
; Analyze latches as synchronous elements                             ; On                 ;      ;    ;             ;
; Enable Recovery/Removal analysis                                    ; Off                ;      ;    ;             ;
; Enable Clock Latency                                                ; Off                ;      ;    ;             ;
; Use TimeQuest Timing Analyzer                                       ; Off                ;      ;    ;             ;
; Minimum Core Junction Temperature                                   ; 0                  ;      ;    ;             ;
; Maximum Core Junction Temperature                                   ; 85                 ;      ;    ;             ;
; Number of source nodes to report per destination node               ; 10                 ;      ;    ;             ;
; Number of destination nodes to report                               ; 10                 ;      ;    ;             ;
; Number of paths to report                                           ; 200                ;      ;    ;             ;
; Report Minimum Timing Checks                                        ; Off                ;      ;    ;             ;
; Use Fast Timing Models                                              ; Off                ;      ;    ;             ;
; Report IO Paths Separately                                          ; Off                ;      ;    ;             ;
; Perform Multicorner Analysis                                        ; Off                ;      ;    ;             ;
; Reports the worst-case path for each clock domain and analysis      ; Off                ;      ;    ;             ;
; Removes common clock path pessimism (CCPP) during slack computation ; Off                ;      ;    ;             ;
; Output I/O Timing Endpoint                                          ; Near End           ;      ;    ;             ;
+---------------------------------------------------------------------+--------------------+------+----+-------------+


+------------------------------------------------------------------------------------------------------------------------------------------------------------------------------------+
; Clock Settings Summary                                                                                                                                                             ;
+-----------------+--------------------+----------+------------------+---------------+--------------+----------+-----------------------+---------------------+--------+--------------+
; Clock Node Name ; Clock Setting Name ; Type     ; Fmax Requirement ; Early Latency ; Late Latency ; Based on ; Multiply Base Fmax by ; Divide Base Fmax by ; Offset ; Phase offset ;
+-----------------+--------------------+----------+------------------+---------------+--------------+----------+-----------------------+---------------------+--------+--------------+
; clock           ;                    ; User Pin ; None             ; 0.000 ns      ; 0.000 ns     ; --       ; N/A                   ; N/A                 ; N/A    ;              ;
+-----------------+--------------------+----------+------------------+---------------+--------------+----------+-----------------------+---------------------+--------+--------------+


Parallel compilation was disabled, but you have multiple processors available. Enable parallel compilation to reduce compilation time.
+-------------------------------------+
; Parallel Compilation                ;
+----------------------------+--------+
; Processors                 ; Number ;
+----------------------------+--------+
; Number detected on machine ; 4      ;
; Maximum allowed            ; 1      ;
+----------------------------+--------+


+-------------------------------------------------------------------------------------------------------------------------------------------------------------------------------------+
; Clock Setup: 'clock'                                                                                                                                                                ;
+-------+------------------------------------------------+------+---------+------------+----------+-----------------------------+---------------------------+-------------------------+
; Slack ; Actual fmax (period)                           ; From ; To      ; From Clock ; To Clock ; Required Setup Relationship ; Required Longest P2P Time ; Actual Longest P2P Time ;
+-------+------------------------------------------------+------+---------+------------+----------+-----------------------------+---------------------------+-------------------------+
; N/A   ; Restricted to 304.04 MHz ( period = 3.289 ns ) ; n[3] ; c1~reg0 ; clock      ; clock    ; None                        ; None                      ; 2.152 ns                ;
; N/A   ; Restricted to 304.04 MHz ( period = 3.289 ns ) ; n[3] ; n[1]    ; clock      ; clock    ; None                        ; None                      ; 2.138 ns                ;
; N/A   ; Restricted to 304.04 MHz ( period = 3.289 ns ) ; n[3] ; n[3]    ; clock      ; clock    ; None                        ; None                      ; 2.137 ns                ;
; N/A   ; Restricted to 304.04 MHz ( period = 3.289 ns ) ; n[0] ; c1~reg0 ; clock      ; clock    ; None                        ; None                      ; 2.028 ns                ;
; N/A   ; Restricted to 304.04 MHz ( period = 3.289 ns ) ; n[2] ; n[1]    ; clock      ; clock    ; None                        ; None                      ; 2.002 ns                ;
; N/A   ; Restricted to 304.04 MHz ( period = 3.289 ns ) ; n[2] ; n[3]    ; clock      ; clock    ; None                        ; None                      ; 2.001 ns                ;
; N/A   ; Restricted to 304.04 MHz ( period = 3.289 ns ) ; n[2] ; n[2]    ; clock      ; clock    ; None                        ; None                      ; 1.985 ns                ;
; N/A   ; Restricted to 304.04 MHz ( period = 3.289 ns ) ; n[2] ; c1~reg0 ; clock      ; clock    ; None                        ; None                      ; 1.880 ns                ;
; N/A   ; Restricted to 304.04 MHz ( period = 3.289 ns ) ; n[1] ; n[2]    ; clock      ; clock    ; None                        ; None                      ; 1.840 ns                ;
; N/A   ; Restricted to 304.04 MHz ( period = 3.289 ns ) ; n[1] ; c1~reg0 ; clock      ; clock    ; None                        ; None                      ; 1.839 ns                ;
; N/A   ; Restricted to 304.04 MHz ( period = 3.289 ns ) ; n[1] ; n[3]    ; clock      ; clock    ; None                        ; None                      ; 1.823 ns                ;
; N/A   ; Restricted to 304.04 MHz ( period = 3.289 ns ) ; n[1] ; n[1]    ; clock      ; clock    ; None                        ; None                      ; 1.820 ns                ;
; N/A   ; Restricted to 304.04 MHz ( period = 3.289 ns ) ; n[0] ; n[1]    ; clock      ; clock    ; None                        ; None                      ; 1.569 ns                ;
; N/A   ; Restricted to 304.04 MHz ( period = 3.289 ns ) ; n[0] ; n[3]    ; clock      ; clock    ; None                        ; None                      ; 1.568 ns                ;
; N/A   ; Restricted to 304.04 MHz ( period = 3.289 ns ) ; n[0] ; n[2]    ; clock      ; clock    ; None                        ; None                      ; 1.559 ns                ;
; N/A   ; Restricted to 304.04 MHz ( period = 3.289 ns ) ; n[0] ; n[0]    ; clock      ; clock    ; None                        ; None                      ; 1.557 ns                ;
+-------+------------------------------------------------+------+---------+------------+----------+-----------------------------+---------------------------+-------------------------+


+----------------------------------------------------------------------+
; tco                                                                  ;
+-------+--------------+------------+---------+-----------+------------+
; Slack ; Required tco ; Actual tco ; From    ; To        ; From Clock ;
+-------+--------------+------------+---------+-----------+------------+
; N/A   ; None         ; 10.255 ns  ; n[3]    ; output[3] ; clock      ;
; N/A   ; None         ; 9.226 ns   ; n[1]    ; output[1] ; clock      ;
; N/A   ; None         ; 8.649 ns   ; n[2]    ; output[2] ; clock      ;
; N/A   ; None         ; 8.580 ns   ; c1~reg0 ; c1        ; clock      ;
; N/A   ; None         ; 7.944 ns   ; n[0]    ; output[0] ; clock      ;
+-------+--------------+------------+---------+-----------+------------+


+--------------------------+
; Timing Analyzer Messages ;
+--------------------------+
Info: *******************************************************************
Info: Running Quartus II Classic Timing Analyzer
    Info: Version 9.0 Build 235 06/17/2009 Service Pack 2 SJ Web Edition
    Info: Processing started: Wed Nov 08 21:40:24 2017
Info: Command: quartus_tan --read_settings_files=off --write_settings_files=off DNum -c DNum
Info: Started post-fitting delay annotation
Info: Delay annotation completed successfully
Warning: Found pins functioning as undefined clocks and/or memory enables
    Info: Assuming node "clock" is an undefined clock
Info: Clock "clock" Internal fmax is restricted to 304.04 MHz between source register "n[3]" and destination register "c1~reg0"
    Info: fmax restricted to clock pin edge rate 3.289 ns. Expand message to see actual delay path.
        Info: + Longest register to register delay is 2.152 ns
            Info: 1: + IC(0.000 ns) + CELL(0.000 ns) = 0.000 ns; Loc. = LC_X1_Y7_N6; Fanout = 4; REG Node = 'n[3]'
            Info: 2: + IC(0.969 ns) + CELL(1.183 ns) = 2.152 ns; Loc. = LC_X1_Y7_N1; Fanout = 1; REG Node = 'c1~reg0'
            Info: Total cell delay = 1.183 ns ( 54.97 % )
            Info: Total interconnect delay = 0.969 ns ( 45.03 % )
        Info: - Smallest clock skew is 0.000 ns
            Info: + Shortest clock path from clock "clock" to destination register is 3.819 ns
                Info: 1: + IC(0.000 ns) + CELL(1.163 ns) = 1.163 ns; Loc. = PIN_18; Fanout = 5; CLK Node = 'clock'
                Info: 2: + IC(1.738 ns) + CELL(0.918 ns) = 3.819 ns; Loc. = LC_X1_Y7_N1; Fanout = 1; REG Node = 'c1~reg0'
                Info: Total cell delay = 2.081 ns ( 54.49 % )
                Info: Total interconnect delay = 1.738 ns ( 45.51 % )
            Info: - Longest clock path from clock "clock" to source register is 3.819 ns
                Info: 1: + IC(0.000 ns) + CELL(1.163 ns) = 1.163 ns; Loc. = PIN_18; Fanout = 5; CLK Node = 'clock'
                Info: 2: + IC(1.738 ns) + CELL(0.918 ns) = 3.819 ns; Loc. = LC_X1_Y7_N6; Fanout = 4; REG Node = 'n[3]'
                Info: Total cell delay = 2.081 ns ( 54.49 % )
                Info: Total interconnect delay = 1.738 ns ( 45.51 % )
        Info: + Micro clock to output delay of source is 0.376 ns
        Info: + Micro setup delay of destination is 0.333 ns
Info: tco from clock "clock" to destination pin "output[3]" through register "n[3]" is 10.255 ns
    Info: + Longest clock path from clock "clock" to source register is 3.819 ns
        Info: 1: + IC(0.000 ns) + CELL(1.163 ns) = 1.163 ns; Loc. = PIN_18; Fanout = 5; CLK Node = 'clock'
        Info: 2: + IC(1.738 ns) + CELL(0.918 ns) = 3.819 ns; Loc. = LC_X1_Y7_N6; Fanout = 4; REG Node = 'n[3]'
        Info: Total cell delay = 2.081 ns ( 54.49 % )
        Info: Total interconnect delay = 1.738 ns ( 45.51 % )
    Info: + Micro clock to output delay of source is 0.376 ns
    Info: + Longest register to pin delay is 6.060 ns
        Info: 1: + IC(0.000 ns) + CELL(0.000 ns) = 0.000 ns; Loc. = LC_X1_Y7_N6; Fanout = 4; REG Node = 'n[3]'
        Info: 2: + IC(3.738 ns) + CELL(2.322 ns) = 6.060 ns; Loc. = PIN_118; Fanout = 0; PIN Node = 'output[3]'
        Info: Total cell delay = 2.322 ns ( 38.32 % )
        Info: Total interconnect delay = 3.738 ns ( 61.68 % )
Info: Quartus II Classic Timing Analyzer was successful. 0 errors, 1 warning
    Info: Peak virtual memory: 229 megabytes
    Info: Processing ended: Wed Nov 08 21:40:24 2017
    Info: Elapsed time: 00:00:00
    Info: Total CPU time (on all processors): 00:00:00


