Analysis & Synthesis report for LEDRefresh
Wed Nov 01 00:05:57 2017
Quartus II Version 9.0 Build 235 06/17/2009 Service Pack 2 SJ Web Edition


---------------------
; Table of Contents ;
---------------------
  1. Legal Notice
  2. Analysis & Synthesis Summary
  3. Analysis & Synthesis Settings
  4. Analysis & Synthesis Source Files Read
  5. Analysis & Synthesis Resource Usage Summary
  6. Analysis & Synthesis Resource Utilization by Entity
  7. Registers Removed During Synthesis
  8. General Register Statistics
  9. Inverted Register Statistics
 10. Multiplexer Restructuring Statistics (Restructuring Performed)
 11. Parameter Settings for User Entity Instance: Top-level Entity: |LEDRefresh
 12. Parameter Settings for User Entity Instance: PWM:PWMGen
 13. Analysis & Synthesis Messages



----------------
; Legal Notice ;
----------------
Copyright (C) 1991-2009 Altera Corporation
Your use of Altera Corporation's design tools, logic functions 
and other software and tools, and its AMPP partner logic 
functions, and any output files from any of the foregoing 
(including device programming or simulation files), and any 
associated documentation or information are expressly subject 
to the terms and conditions of the Altera Program License 
Subscription Agreement, Altera MegaCore Function License 
Agreement, or other applicable license agreement, including, 
without limitation, that your use is for the sole purpose of 
programming logic devices manufactured by Altera and sold by 
Altera or its authorized distributors.  Please refer to the 
applicable agreement for further details.



+----------------------------------------------------------------------------+
; Analysis & Synthesis Summary                                               ;
+-----------------------------+----------------------------------------------+
; Analysis & Synthesis Status ; Successful - Wed Nov 01 00:05:57 2017        ;
; Quartus II Version          ; 9.0 Build 235 06/17/2009 SP 2 SJ Web Edition ;
; Revision Name               ; LEDRefresh                                   ;
; Top-level Entity Name       ; LEDRefresh                                   ;
; Family                      ; MAX II                                       ;
; Total logic elements        ; 474                                          ;
; Total pins                  ; 40                                           ;
; Total virtual pins          ; 0                                            ;
; UFM blocks                  ; 0 / 1 ( 0 % )                                ;
+-----------------------------+----------------------------------------------+


+--------------------------------------------------------------------------------------------------------+
; Analysis & Synthesis Settings                                                                          ;
+--------------------------------------------------------------+--------------------+--------------------+
; Option                                                       ; Setting            ; Default Value      ;
+--------------------------------------------------------------+--------------------+--------------------+
; Device                                                       ; EPM1270T144C5      ;                    ;
; Top-level entity name                                        ; LEDRefresh         ; LEDRefresh         ;
; Family name                                                  ; MAX II             ; Stratix II         ;
; Type of Retiming Performed During Resynthesis                ; Full               ;                    ;
; Resynthesis Optimization Effort                              ; Normal             ;                    ;
; Physical Synthesis Level for Resynthesis                     ; Normal             ;                    ;
; Use Generated Physical Constraints File                      ; On                 ;                    ;
; Use smart compilation                                        ; Off                ; Off                ;
; Restructure Multiplexers                                     ; Auto               ; Auto               ;
; Create Debugging Nodes for IP Cores                          ; Off                ; Off                ;
; Preserve fewer node names                                    ; On                 ; On                 ;
; Disable OpenCore Plus hardware evaluation                    ; Off                ; Off                ;
; Verilog Version                                              ; Verilog_2001       ; Verilog_2001       ;
; VHDL Version                                                 ; VHDL93             ; VHDL93             ;
; State Machine Processing                                     ; Auto               ; Auto               ;
; Safe State Machine                                           ; Off                ; Off                ;
; Extract Verilog State Machines                               ; On                 ; On                 ;
; Extract VHDL State Machines                                  ; On                 ; On                 ;
; Ignore Verilog initial constructs                            ; Off                ; Off                ;
; Iteration limit for constant Verilog loops                   ; 5000               ; 5000               ;
; Iteration limit for non-constant Verilog loops               ; 250                ; 250                ;
; Add Pass-Through Logic to Inferred RAMs                      ; On                 ; On                 ;
; Parallel Synthesis                                           ; Off                ; Off                ;
; NOT Gate Push-Back                                           ; On                 ; On                 ;
; Power-Up Don't Care                                          ; On                 ; On                 ;
; Remove Redundant Logic Cells                                 ; Off                ; Off                ;
; Remove Duplicate Registers                                   ; On                 ; On                 ;
; Ignore CARRY Buffers                                         ; Off                ; Off                ;
; Ignore CASCADE Buffers                                       ; Off                ; Off                ;
; Ignore GLOBAL Buffers                                        ; Off                ; Off                ;
; Ignore ROW GLOBAL Buffers                                    ; Off                ; Off                ;
; Ignore LCELL Buffers                                         ; Off                ; Off                ;
; Ignore SOFT Buffers                                          ; On                 ; On                 ;
; Limit AHDL Integers to 32 Bits                               ; Off                ; Off                ;
; Optimization Technique                                       ; Balanced           ; Balanced           ;
; Carry Chain Length                                           ; 70                 ; 70                 ;
; Auto Carry Chains                                            ; On                 ; On                 ;
; Auto Open-Drain Pins                                         ; On                 ; On                 ;
; Perform WYSIWYG Primitive Resynthesis                        ; Off                ; Off                ;
; Auto Shift Register Replacement                              ; Auto               ; Auto               ;
; Auto Clock Enable Replacement                                ; On                 ; On                 ;
; Allow Synchronous Control Signals                            ; On                 ; On                 ;
; Force Use of Synchronous Clear Signals                       ; Off                ; Off                ;
; Auto Resource Sharing                                        ; Off                ; Off                ;
; Use LogicLock Constraints during Resource Balancing          ; On                 ; On                 ;
; Ignore translate_off and synthesis_off directives            ; Off                ; Off                ;
; Show Parameter Settings Tables in Synthesis Report           ; On                 ; On                 ;
; Ignore Maximum Fan-Out Assignments                           ; Off                ; Off                ;
; Synchronization Register Chain Length                        ; 2                  ; 2                  ;
; PowerPlay Power Optimization                                 ; Normal compilation ; Normal compilation ;
; HDL message level                                            ; Level2             ; Level2             ;
; Suppress Register Optimization Related Messages              ; Off                ; Off                ;
; Number of Removed Registers Reported in Synthesis Report     ; 100                ; 100                ;
; Number of Inverted Registers Reported in Synthesis Report    ; 100                ; 100                ;
; Clock MUX Protection                                         ; On                 ; On                 ;
; Block Design Naming                                          ; Auto               ; Auto               ;
; Synthesis Effort                                             ; Auto               ; Auto               ;
; Shift Register Replacement - Allow Asynchronous Clear Signal ; On                 ; On                 ;
; Analysis & Synthesis Message Level                           ; Medium             ; Medium             ;
+--------------------------------------------------------------+--------------------+--------------------+


+------------------------------------------------------------------------------------------------------------------+
; Analysis & Synthesis Source Files Read                                                                           ;
+----------------------------------+-----------------+-----------------+-------------------------------------------+
; File Name with User-Entered Path ; Used in Netlist ; File Type       ; File Name with Absolute Path              ;
+----------------------------------+-----------------+-----------------+-------------------------------------------+
; ../PWM/PWM.vhd                   ; yes             ; User VHDL File  ; D:/quartus/bike/PWM/PWM.vhd               ;
; LEDRefresh.vhd                   ; yes             ; User VHDL File  ; D:/quartus/bike/LEDRefresh/LEDRefresh.vhd ;
+----------------------------------+-----------------+-----------------+-------------------------------------------+


+----------------------------------------------------------+
; Analysis & Synthesis Resource Usage Summary              ;
+---------------------------------------------+------------+
; Resource                                    ; Usage      ;
+---------------------------------------------+------------+
; Total logic elements                        ; 474        ;
;     -- Combinational with no register       ; 306        ;
;     -- Register only                        ; 116        ;
;     -- Combinational with a register        ; 52         ;
;                                             ;            ;
; Logic element usage by number of LUT inputs ;            ;
;     -- 4 input functions                    ; 251        ;
;     -- 3 input functions                    ; 48         ;
;     -- 2 input functions                    ; 17         ;
;     -- 1 input functions                    ; 42         ;
;     -- 0 input functions                    ; 0          ;
;                                             ;            ;
; Logic elements by mode                      ;            ;
;     -- normal mode                          ; 461        ;
;     -- arithmetic mode                      ; 13         ;
;     -- qfbk mode                            ; 0          ;
;     -- register cascade mode                ; 0          ;
;     -- synchronous clear/load mode          ; 0          ;
;     -- asynchronous clear/load mode         ; 165        ;
;                                             ;            ;
; Total registers                             ; 168        ;
; Total logic cells in carry chains           ; 15         ;
; I/O pins                                    ; 40         ;
; Maximum fan-out node                        ; DataSel[0] ;
; Maximum fan-out                             ; 192        ;
; Total fan-out                               ; 1697       ;
; Average fan-out                             ; 3.30       ;
+---------------------------------------------+------------+


+-------------------------------------------------------------------------------------------------------------------------------------------------------------------------------------------------------------------------+
; Analysis & Synthesis Resource Utilization by Entity                                                                                                                                                                     ;
+----------------------------+-------------+--------------+------------+------+--------------+--------------+-------------------+------------------+-----------------+------------+------------------------+--------------+
; Compilation Hierarchy Node ; Logic Cells ; LC Registers ; UFM Blocks ; Pins ; Virtual Pins ; LUT-Only LCs ; Register-Only LCs ; LUT/Register LCs ; Carry Chain LCs ; Packed LCs ; Full Hierarchy Name    ; Library Name ;
+----------------------------+-------------+--------------+------------+------+--------------+--------------+-------------------+------------------+-----------------+------------+------------------------+--------------+
; |LEDRefresh                ; 474 (457)   ; 168          ; 0          ; 40   ; 0            ; 306 (298)    ; 116 (116)         ; 52 (43)          ; 15 (0)          ; 0 (0)      ; |LEDRefresh            ; work         ;
;    |PWM:PWMGen|            ; 17 (17)     ; 9            ; 0          ; 0    ; 0            ; 8 (8)        ; 0 (0)             ; 9 (9)            ; 15 (15)         ; 0 (0)      ; |LEDRefresh|PWM:PWMGen ; work         ;
+----------------------------+-------------+--------------+------------+------+--------------+--------------+-------------------+------------------+-----------------+------------+------------------------+--------------+
Note: For table entries with two numbers listed, the numbers in parentheses indicate the number of resources of the given type used by the specific entity alone. The numbers listed outside of parentheses indicate the total resources of the given type used by the specific entity and all of its sub-entities in the hierarchy.


+----------------------------------------------------------------------+
; Registers Removed During Synthesis                                   ;
+-----------------------------------------+----------------------------+
; Register name                           ; Reason for Removal         ;
+-----------------------------------------+----------------------------+
; Data[1][0][14]                          ; Merged with Data[0][0][0]  ;
; Data[0][7][1]                           ; Merged with Data[1][7][15] ;
; Data[0][7][0]                           ; Merged with Data[1][7][14] ;
; Data[0][7][15]                          ; Merged with Data[1][7][13] ;
; Data[0][7][14]                          ; Merged with Data[1][7][12] ;
; Data[0][7][13]                          ; Merged with Data[1][7][11] ;
; Data[0][7][12]                          ; Merged with Data[1][7][10] ;
; Data[0][7][11]                          ; Merged with Data[1][7][9]  ;
; Data[0][7][10]                          ; Merged with Data[1][7][8]  ;
; Data[0][7][9]                           ; Merged with Data[1][7][7]  ;
; Data[0][7][8]                           ; Merged with Data[1][7][6]  ;
; Data[0][7][7]                           ; Merged with Data[1][7][5]  ;
; Data[0][7][6]                           ; Merged with Data[1][7][4]  ;
; Data[0][7][5]                           ; Merged with Data[1][7][3]  ;
; Data[0][7][4]                           ; Merged with Data[1][7][2]  ;
; Data[0][7][3]                           ; Merged with Data[1][7][1]  ;
; Data[0][7][2]                           ; Merged with Data[1][7][0]  ;
; Data[0][6][1]                           ; Merged with Data[1][6][15] ;
; Data[0][6][0]                           ; Merged with Data[1][6][14] ;
; Data[0][6][15]                          ; Merged with Data[1][6][13] ;
; Data[0][6][14]                          ; Merged with Data[1][6][12] ;
; Data[0][6][11]                          ; Merged with Data[1][6][9]  ;
; Data[0][6][10]                          ; Merged with Data[1][6][8]  ;
; Data[0][6][9]                           ; Merged with Data[1][6][7]  ;
; Data[0][6][8]                           ; Merged with Data[1][6][6]  ;
; Data[0][6][7]                           ; Merged with Data[1][6][5]  ;
; Data[0][6][6]                           ; Merged with Data[1][6][4]  ;
; Data[0][6][3]                           ; Merged with Data[1][6][1]  ;
; Data[0][6][2]                           ; Merged with Data[1][6][0]  ;
; Data[0][5][1]                           ; Merged with Data[1][5][15] ;
; Data[0][5][0]                           ; Merged with Data[1][5][14] ;
; Data[0][5][15]                          ; Merged with Data[1][5][13] ;
; Data[0][5][14]                          ; Merged with Data[1][5][12] ;
; Data[0][5][11]                          ; Merged with Data[1][5][9]  ;
; Data[0][5][10]                          ; Merged with Data[1][5][8]  ;
; Data[0][5][9]                           ; Merged with Data[1][5][7]  ;
; Data[0][5][8]                           ; Merged with Data[1][5][6]  ;
; Data[0][5][7]                           ; Merged with Data[1][5][5]  ;
; Data[0][5][6]                           ; Merged with Data[1][5][4]  ;
; Data[0][5][3]                           ; Merged with Data[1][5][1]  ;
; Data[0][5][2]                           ; Merged with Data[1][5][0]  ;
; Data[0][4][1]                           ; Merged with Data[1][4][15] ;
; Data[0][4][0]                           ; Merged with Data[1][4][14] ;
; Data[0][4][15]                          ; Merged with Data[1][4][13] ;
; Data[0][4][13]                          ; Merged with Data[1][4][11] ;
; Data[0][4][12]                          ; Merged with Data[1][4][10] ;
; Data[0][4][10]                          ; Merged with Data[1][4][8]  ;
; Data[0][4][9]                           ; Merged with Data[1][4][7]  ;
; Data[0][4][8]                           ; Merged with Data[1][4][6]  ;
; Data[0][4][7]                           ; Merged with Data[1][4][5]  ;
; Data[0][4][5]                           ; Merged with Data[1][4][3]  ;
; Data[0][4][4]                           ; Merged with Data[1][4][2]  ;
; Data[0][4][2]                           ; Merged with Data[1][4][0]  ;
; Data[0][3][15]                          ; Merged with Data[1][3][13] ;
; Data[0][3][14]                          ; Merged with Data[1][3][12] ;
; Data[0][3][13]                          ; Merged with Data[1][3][11] ;
; Data[0][3][12]                          ; Merged with Data[1][3][10] ;
; Data[0][3][11]                          ; Merged with Data[1][3][9]  ;
; Data[0][3][10]                          ; Merged with Data[1][3][8]  ;
; Data[0][3][7]                           ; Merged with Data[1][3][5]  ;
; Data[0][3][6]                           ; Merged with Data[1][3][4]  ;
; Data[0][3][5]                           ; Merged with Data[1][3][3]  ;
; Data[0][3][4]                           ; Merged with Data[1][3][2]  ;
; Data[0][3][3]                           ; Merged with Data[1][3][1]  ;
; Data[0][3][2]                           ; Merged with Data[1][3][0]  ;
; Data[0][2][1]                           ; Merged with Data[1][2][15] ;
; Data[0][2][0]                           ; Merged with Data[1][2][14] ;
; Data[0][2][15]                          ; Merged with Data[1][2][13] ;
; Data[0][2][13]                          ; Merged with Data[1][2][11] ;
; Data[0][2][12]                          ; Merged with Data[1][2][10] ;
; Data[0][2][10]                          ; Merged with Data[1][2][8]  ;
; Data[0][2][9]                           ; Merged with Data[1][2][7]  ;
; Data[0][2][8]                           ; Merged with Data[1][2][6]  ;
; Data[0][2][7]                           ; Merged with Data[1][2][5]  ;
; Data[0][2][5]                           ; Merged with Data[1][2][3]  ;
; Data[0][2][4]                           ; Merged with Data[1][2][2]  ;
; Data[0][2][2]                           ; Merged with Data[1][2][0]  ;
; Data[0][1][1]                           ; Merged with Data[1][1][15] ;
; Data[0][1][0]                           ; Merged with Data[1][1][14] ;
; Data[0][1][15]                          ; Merged with Data[1][1][13] ;
; Data[0][1][14]                          ; Merged with Data[1][1][12] ;
; Data[0][1][11]                          ; Merged with Data[1][1][9]  ;
; Data[0][1][10]                          ; Merged with Data[1][1][8]  ;
; Data[0][1][9]                           ; Merged with Data[1][1][7]  ;
; Data[0][1][8]                           ; Merged with Data[1][1][6]  ;
; Data[0][1][7]                           ; Merged with Data[1][1][5]  ;
; Data[0][1][6]                           ; Merged with Data[1][1][4]  ;
; Data[0][1][3]                           ; Merged with Data[1][1][1]  ;
; Data[0][1][2]                           ; Merged with Data[1][1][0]  ;
; Data[0][0][1]                           ; Merged with Data[1][0][15] ;
; Data[0][0][15]                          ; Merged with Data[1][0][13] ;
; Data[0][0][14]                          ; Merged with Data[1][0][12] ;
; Data[0][0][11]                          ; Merged with Data[1][0][9]  ;
; Data[0][0][10]                          ; Merged with Data[1][0][8]  ;
; Data[0][0][9]                           ; Merged with Data[1][0][7]  ;
; Data[0][0][8]                           ; Merged with Data[1][0][6]  ;
; Data[0][0][7]                           ; Merged with Data[1][0][5]  ;
; Data[0][0][6]                           ; Merged with Data[1][0][4]  ;
; Data[0][0][3]                           ; Merged with Data[1][0][1]  ;
; Data[0][0][2]                           ; Merged with Data[1][0][0]  ;
; Total Number of Removed Registers = 100 ;                            ;
+-----------------------------------------+----------------------------+


+------------------------------------------------------+
; General Register Statistics                          ;
+----------------------------------------------+-------+
; Statistic                                    ; Value ;
+----------------------------------------------+-------+
; Total registers                              ; 168   ;
; Number of registers using Synchronous Clear  ; 0     ;
; Number of registers using Synchronous Load   ; 0     ;
; Number of registers using Asynchronous Clear ; 165   ;
; Number of registers using Asynchronous Load  ; 0     ;
; Number of registers using Clock Enable       ; 0     ;
; Number of registers using Preset             ; 0     ;
+----------------------------------------------+-------+


+---------------------------------------------------+
; Inverted Register Statistics                      ;
+-----------------------------------------+---------+
; Inverted Register                       ; Fan out ;
+-----------------------------------------+---------+
; Data[1][3][0]                           ; 2       ;
; Data[1][3][1]                           ; 2       ;
; Data[0][3][1]                           ; 1       ;
; Data[1][4][1]                           ; 1       ;
; Data[1][2][1]                           ; 1       ;
; Data[1][3][2]                           ; 2       ;
; Data[1][5][2]                           ; 1       ;
; Data[1][1][2]                           ; 1       ;
; Data[1][3][3]                           ; 2       ;
; Data[1][0][3]                           ; 1       ;
; Data[1][6][3]                           ; 1       ;
; Data[1][3][4]                           ; 2       ;
; Data[0][0][4]                           ; 1       ;
; Data[0][6][4]                           ; 1       ;
; Data[1][3][5]                           ; 2       ;
; Data[0][5][5]                           ; 1       ;
; Data[0][1][5]                           ; 1       ;
; Data[1][3][6]                           ; 1       ;
; Data[0][4][6]                           ; 1       ;
; Data[0][2][6]                           ; 1       ;
; Data[1][3][8]                           ; 2       ;
; Data[0][3][9]                           ; 1       ;
; Data[1][3][9]                           ; 2       ;
; Data[1][4][9]                           ; 1       ;
; Data[1][2][9]                           ; 1       ;
; Data[1][3][10]                          ; 2       ;
; Data[1][5][10]                          ; 1       ;
; Data[1][1][10]                          ; 1       ;
; Data[1][3][11]                          ; 2       ;
; Data[1][0][11]                          ; 1       ;
; Data[1][6][11]                          ; 1       ;
; Data[1][3][12]                          ; 2       ;
; Data[0][0][12]                          ; 1       ;
; Data[0][6][12]                          ; 1       ;
; Data[1][3][13]                          ; 2       ;
; Data[0][5][13]                          ; 1       ;
; Data[0][1][13]                          ; 1       ;
; Data[1][3][14]                          ; 1       ;
; Data[0][4][14]                          ; 1       ;
; Data[0][2][14]                          ; 1       ;
; Total number of inverted registers = 40 ;         ;
+-----------------------------------------+---------+


+------------------------------------------------------------------------------------------------------------------------------------------+
; Multiplexer Restructuring Statistics (Restructuring Performed)                                                                           ;
+--------------------+-----------+---------------+----------------------+------------------------+------------+----------------------------+
; Multiplexer Inputs ; Bus Width ; Baseline Area ; Area if Restructured ; Saving if Restructured ; Registered ; Example Multiplexer Output ;
+--------------------+-----------+---------------+----------------------+------------------------+------------+----------------------------+
; 3:1                ; 4 bits    ; 8 LEs         ; 4 LEs                ; 4 LEs                  ; No         ; |LEDRefresh|Lineout~2      ;
; 3:1                ; 4 bits    ; 8 LEs         ; 4 LEs                ; 4 LEs                  ; No         ; |LEDRefresh|Lineout~6      ;
; 8:1                ; 16 bits   ; 80 LEs        ; 80 LEs               ; 0 LEs                  ; No         ; |LEDRefresh|Mux8           ;
; 4:1                ; 51 bits   ; 102 LEs       ; 102 LEs              ; 0 LEs                  ; No         ; |LEDRefresh|Mux141         ;
; 4:1                ; 7 bits    ; 14 LEs        ; 14 LEs               ; 0 LEs                  ; No         ; |LEDRefresh|Mux58          ;
; 4:1                ; 69 bits   ; 138 LEs       ; 138 LEs              ; 0 LEs                  ; No         ; |LEDRefresh|Mux72          ;
+--------------------+-----------+---------------+----------------------+------------------------+------------+----------------------------+


+----------------------------------------------------------------------------+
; Parameter Settings for User Entity Instance: Top-level Entity: |LEDRefresh ;
+----------------+-------+---------------------------------------------------+
; Parameter Name ; Value ; Type                                              ;
+----------------+-------+---------------------------------------------------+
; IMGNUM         ; 6     ; Signed Integer                                    ;
+----------------+-------+---------------------------------------------------+
Note: In order to hide this table in the UI and the text report file, please set the "Show Parameter Settings Tables in Synthesis Report" option in "Analysis and Synthesis Settings -> More Settings" to "Off".


+---------------------------------------------------------+
; Parameter Settings for User Entity Instance: PWM:PWMGen ;
+----------------+-------+--------------------------------+
; Parameter Name ; Value ; Type                           ;
+----------------+-------+--------------------------------+
; n              ; 255   ; Signed Integer                 ;
+----------------+-------+--------------------------------+
Note: In order to hide this table in the UI and the text report file, please set the "Show Parameter Settings Tables in Synthesis Report" option in "Analysis and Synthesis Settings -> More Settings" to "Off".


+-------------------------------+
; Analysis & Synthesis Messages ;
+-------------------------------+
Info: *******************************************************************
Info: Running Quartus II Analysis & Synthesis
    Info: Version 9.0 Build 235 06/17/2009 Service Pack 2 SJ Web Edition
    Info: Processing started: Wed Nov 01 00:05:54 2017
Info: Command: quartus_map --read_settings_files=on --write_settings_files=off LEDRefresh -c LEDRefresh
Info: Found 2 design units, including 1 entities, in source file ../PWM/PWM.vhd
    Info: Found design unit 1: PWM-PWMGenerater
    Info: Found entity 1: PWM
Info: Found 2 design units, including 1 entities, in source file LEDRefresh.vhd
    Info: Found design unit 1: LEDRefresh-LEDRefresher
    Info: Found entity 1: LEDRefresh
Info: Elaborating entity "LEDRefresh" for the top level hierarchy
Warning (10631): VHDL Process Statement warning at LEDRefresh.vhd(44): inferring latch(es) for signal or variable "Data", which holds its previous value in one or more paths through the process
Info (10041): Inferred latch for "Data[2][0][0]" at LEDRefresh.vhd(44)
Info (10041): Inferred latch for "Data[2][0][1]" at LEDRefresh.vhd(44)
Info (10041): Inferred latch for "Data[2][0][2]" at LEDRefresh.vhd(44)
Info (10041): Inferred latch for "Data[2][0][3]" at LEDRefresh.vhd(44)
Info (10041): Inferred latch for "Data[2][0][4]" at LEDRefresh.vhd(44)
Info (10041): Inferred latch for "Data[2][0][5]" at LEDRefresh.vhd(44)
Info (10041): Inferred latch for "Data[2][0][6]" at LEDRefresh.vhd(44)
Info (10041): Inferred latch for "Data[2][0][7]" at LEDRefresh.vhd(44)
Info (10041): Inferred latch for "Data[2][0][8]" at LEDRefresh.vhd(44)
Info (10041): Inferred latch for "Data[2][0][9]" at LEDRefresh.vhd(44)
Info (10041): Inferred latch for "Data[2][0][10]" at LEDRefresh.vhd(44)
Info (10041): Inferred latch for "Data[2][0][11]" at LEDRefresh.vhd(44)
Info (10041): Inferred latch for "Data[2][0][12]" at LEDRefresh.vhd(44)
Info (10041): Inferred latch for "Data[2][0][13]" at LEDRefresh.vhd(44)
Info (10041): Inferred latch for "Data[2][0][14]" at LEDRefresh.vhd(44)
Info (10041): Inferred latch for "Data[2][0][15]" at LEDRefresh.vhd(44)
Info (10041): Inferred latch for "Data[2][1][0]" at LEDRefresh.vhd(44)
Info (10041): Inferred latch for "Data[2][1][1]" at LEDRefresh.vhd(44)
Info (10041): Inferred latch for "Data[2][1][2]" at LEDRefresh.vhd(44)
Info (10041): Inferred latch for "Data[2][1][3]" at LEDRefresh.vhd(44)
Info (10041): Inferred latch for "Data[2][1][4]" at LEDRefresh.vhd(44)
Info (10041): Inferred latch for "Data[2][1][5]" at LEDRefresh.vhd(44)
Info (10041): Inferred latch for "Data[2][1][6]" at LEDRefresh.vhd(44)
Info (10041): Inferred latch for "Data[2][1][7]" at LEDRefresh.vhd(44)
Info (10041): Inferred latch for "Data[2][1][8]" at LEDRefresh.vhd(44)
Info (10041): Inferred latch for "Data[2][1][9]" at LEDRefresh.vhd(44)
Info (10041): Inferred latch for "Data[2][1][10]" at LEDRefresh.vhd(44)
Info (10041): Inferred latch for "Data[2][1][11]" at LEDRefresh.vhd(44)
Info (10041): Inferred latch for "Data[2][1][12]" at LEDRefresh.vhd(44)
Info (10041): Inferred latch for "Data[2][1][13]" at LEDRefresh.vhd(44)
Info (10041): Inferred latch for "Data[2][1][14]" at LEDRefresh.vhd(44)
Info (10041): Inferred latch for "Data[2][1][15]" at LEDRefresh.vhd(44)
Info (10041): Inferred latch for "Data[2][2][0]" at LEDRefresh.vhd(44)
Info (10041): Inferred latch for "Data[2][2][1]" at LEDRefresh.vhd(44)
Info (10041): Inferred latch for "Data[2][2][2]" at LEDRefresh.vhd(44)
Info (10041): Inferred latch for "Data[2][2][3]" at LEDRefresh.vhd(44)
Info (10041): Inferred latch for "Data[2][2][4]" at LEDRefresh.vhd(44)
Info (10041): Inferred latch for "Data[2][2][5]" at LEDRefresh.vhd(44)
Info (10041): Inferred latch for "Data[2][2][6]" at LEDRefresh.vhd(44)
Info (10041): Inferred latch for "Data[2][2][7]" at LEDRefresh.vhd(44)
Info (10041): Inferred latch for "Data[2][2][8]" at LEDRefresh.vhd(44)
Info (10041): Inferred latch for "Data[2][2][9]" at LEDRefresh.vhd(44)
Info (10041): Inferred latch for "Data[2][2][10]" at LEDRefresh.vhd(44)
Info (10041): Inferred latch for "Data[2][2][11]" at LEDRefresh.vhd(44)
Info (10041): Inferred latch for "Data[2][2][12]" at LEDRefresh.vhd(44)
Info (10041): Inferred latch for "Data[2][2][13]" at LEDRefresh.vhd(44)
Info (10041): Inferred latch for "Data[2][2][14]" at LEDRefresh.vhd(44)
Info (10041): Inferred latch for "Data[2][2][15]" at LEDRefresh.vhd(44)
Info (10041): Inferred latch for "Data[2][3][0]" at LEDRefresh.vhd(44)
Info (10041): Inferred latch for "Data[2][3][1]" at LEDRefresh.vhd(44)
Info (10041): Inferred latch for "Data[2][3][2]" at LEDRefresh.vhd(44)
Info (10041): Inferred latch for "Data[2][3][3]" at LEDRefresh.vhd(44)
Info (10041): Inferred latch for "Data[2][3][4]" at LEDRefresh.vhd(44)
Info (10041): Inferred latch for "Data[2][3][5]" at LEDRefresh.vhd(44)
Info (10041): Inferred latch for "Data[2][3][6]" at LEDRefresh.vhd(44)
Info (10041): Inferred latch for "Data[2][3][7]" at LEDRefresh.vhd(44)
Info (10041): Inferred latch for "Data[2][3][8]" at LEDRefresh.vhd(44)
Info (10041): Inferred latch for "Data[2][3][9]" at LEDRefresh.vhd(44)
Info (10041): Inferred latch for "Data[2][3][10]" at LEDRefresh.vhd(44)
Info (10041): Inferred latch for "Data[2][3][11]" at LEDRefresh.vhd(44)
Info (10041): Inferred latch for "Data[2][3][12]" at LEDRefresh.vhd(44)
Info (10041): Inferred latch for "Data[2][3][13]" at LEDRefresh.vhd(44)
Info (10041): Inferred latch for "Data[2][3][14]" at LEDRefresh.vhd(44)
Info (10041): Inferred latch for "Data[2][3][15]" at LEDRefresh.vhd(44)
Info (10041): Inferred latch for "Data[2][4][0]" at LEDRefresh.vhd(44)
Info (10041): Inferred latch for "Data[2][4][1]" at LEDRefresh.vhd(44)
Info (10041): Inferred latch for "Data[2][4][2]" at LEDRefresh.vhd(44)
Info (10041): Inferred latch for "Data[2][4][3]" at LEDRefresh.vhd(44)
Info (10041): Inferred latch for "Data[2][4][4]" at LEDRefresh.vhd(44)
Info (10041): Inferred latch for "Data[2][4][5]" at LEDRefresh.vhd(44)
Info (10041): Inferred latch for "Data[2][4][6]" at LEDRefresh.vhd(44)
Info (10041): Inferred latch for "Data[2][4][7]" at LEDRefresh.vhd(44)
Info (10041): Inferred latch for "Data[2][4][8]" at LEDRefresh.vhd(44)
Info (10041): Inferred latch for "Data[2][4][9]" at LEDRefresh.vhd(44)
Info (10041): Inferred latch for "Data[2][4][10]" at LEDRefresh.vhd(44)
Info (10041): Inferred latch for "Data[2][4][11]" at LEDRefresh.vhd(44)
Info (10041): Inferred latch for "Data[2][4][12]" at LEDRefresh.vhd(44)
Info (10041): Inferred latch for "Data[2][4][13]" at LEDRefresh.vhd(44)
Info (10041): Inferred latch for "Data[2][4][14]" at LEDRefresh.vhd(44)
Info (10041): Inferred latch for "Data[2][4][15]" at LEDRefresh.vhd(44)
Info (10041): Inferred latch for "Data[2][5][0]" at LEDRefresh.vhd(44)
Info (10041): Inferred latch for "Data[2][5][1]" at LEDRefresh.vhd(44)
Info (10041): Inferred latch for "Data[2][5][2]" at LEDRefresh.vhd(44)
Info (10041): Inferred latch for "Data[2][5][3]" at LEDRefresh.vhd(44)
Info (10041): Inferred latch for "Data[2][5][4]" at LEDRefresh.vhd(44)
Info (10041): Inferred latch for "Data[2][5][5]" at LEDRefresh.vhd(44)
Info (10041): Inferred latch for "Data[2][5][6]" at LEDRefresh.vhd(44)
Info (10041): Inferred latch for "Data[2][5][7]" at LEDRefresh.vhd(44)
Info (10041): Inferred latch for "Data[2][5][8]" at LEDRefresh.vhd(44)
Info (10041): Inferred latch for "Data[2][5][9]" at LEDRefresh.vhd(44)
Info (10041): Inferred latch for "Data[2][5][10]" at LEDRefresh.vhd(44)
Info (10041): Inferred latch for "Data[2][5][11]" at LEDRefresh.vhd(44)
Info (10041): Inferred latch for "Data[2][5][12]" at LEDRefresh.vhd(44)
Info (10041): Inferred latch for "Data[2][5][13]" at LEDRefresh.vhd(44)
Info (10041): Inferred latch for "Data[2][5][14]" at LEDRefresh.vhd(44)
Info (10041): Inferred latch for "Data[2][5][15]" at LEDRefresh.vhd(44)
Info (10041): Inferred latch for "Data[2][6][0]" at LEDRefresh.vhd(44)
Info (10041): Inferred latch for "Data[2][6][1]" at LEDRefresh.vhd(44)
Info (10041): Inferred latch for "Data[2][6][2]" at LEDRefresh.vhd(44)
Info (10041): Inferred latch for "Data[2][6][3]" at LEDRefresh.vhd(44)
Info (10041): Inferred latch for "Data[2][6][4]" at LEDRefresh.vhd(44)
Info (10041): Inferred latch for "Data[2][6][5]" at LEDRefresh.vhd(44)
Info (10041): Inferred latch for "Data[2][6][6]" at LEDRefresh.vhd(44)
Info (10041): Inferred latch for "Data[2][6][7]" at LEDRefresh.vhd(44)
Info (10041): Inferred latch for "Data[2][6][8]" at LEDRefresh.vhd(44)
Info (10041): Inferred latch for "Data[2][6][9]" at LEDRefresh.vhd(44)
Info (10041): Inferred latch for "Data[2][6][10]" at LEDRefresh.vhd(44)
Info (10041): Inferred latch for "Data[2][6][11]" at LEDRefresh.vhd(44)
Info (10041): Inferred latch for "Data[2][6][12]" at LEDRefresh.vhd(44)
Info (10041): Inferred latch for "Data[2][6][13]" at LEDRefresh.vhd(44)
Info (10041): Inferred latch for "Data[2][6][14]" at LEDRefresh.vhd(44)
Info (10041): Inferred latch for "Data[2][6][15]" at LEDRefresh.vhd(44)
Info (10041): Inferred latch for "Data[2][7][0]" at LEDRefresh.vhd(44)
Info (10041): Inferred latch for "Data[2][7][1]" at LEDRefresh.vhd(44)
Info (10041): Inferred latch for "Data[2][7][2]" at LEDRefresh.vhd(44)
Info (10041): Inferred latch for "Data[2][7][3]" at LEDRefresh.vhd(44)
Info (10041): Inferred latch for "Data[2][7][4]" at LEDRefresh.vhd(44)
Info (10041): Inferred latch for "Data[2][7][5]" at LEDRefresh.vhd(44)
Info (10041): Inferred latch for "Data[2][7][6]" at LEDRefresh.vhd(44)
Info (10041): Inferred latch for "Data[2][7][7]" at LEDRefresh.vhd(44)
Info (10041): Inferred latch for "Data[2][7][8]" at LEDRefresh.vhd(44)
Info (10041): Inferred latch for "Data[2][7][9]" at LEDRefresh.vhd(44)
Info (10041): Inferred latch for "Data[2][7][10]" at LEDRefresh.vhd(44)
Info (10041): Inferred latch for "Data[2][7][11]" at LEDRefresh.vhd(44)
Info (10041): Inferred latch for "Data[2][7][12]" at LEDRefresh.vhd(44)
Info (10041): Inferred latch for "Data[2][7][13]" at LEDRefresh.vhd(44)
Info (10041): Inferred latch for "Data[2][7][14]" at LEDRefresh.vhd(44)
Info (10041): Inferred latch for "Data[2][7][15]" at LEDRefresh.vhd(44)
Info (10041): Inferred latch for "Data[3][0][0]" at LEDRefresh.vhd(44)
Info (10041): Inferred latch for "Data[3][0][1]" at LEDRefresh.vhd(44)
Info (10041): Inferred latch for "Data[3][0][2]" at LEDRefresh.vhd(44)
Info (10041): Inferred latch for "Data[3][0][3]" at LEDRefresh.vhd(44)
Info (10041): Inferred latch for "Data[3][0][4]" at LEDRefresh.vhd(44)
Info (10041): Inferred latch for "Data[3][0][5]" at LEDRefresh.vhd(44)
Info (10041): Inferred latch for "Data[3][0][6]" at LEDRefresh.vhd(44)
Info (10041): Inferred latch for "Data[3][0][7]" at LEDRefresh.vhd(44)
Info (10041): Inferred latch for "Data[3][0][8]" at LEDRefresh.vhd(44)
Info (10041): Inferred latch for "Data[3][0][9]" at LEDRefresh.vhd(44)
Info (10041): Inferred latch for "Data[3][0][10]" at LEDRefresh.vhd(44)
Info (10041): Inferred latch for "Data[3][0][11]" at LEDRefresh.vhd(44)
Info (10041): Inferred latch for "Data[3][0][12]" at LEDRefresh.vhd(44)
Info (10041): Inferred latch for "Data[3][0][13]" at LEDRefresh.vhd(44)
Info (10041): Inferred latch for "Data[3][0][14]" at LEDRefresh.vhd(44)
Info (10041): Inferred latch for "Data[3][0][15]" at LEDRefresh.vhd(44)
Info (10041): Inferred latch for "Data[3][1][0]" at LEDRefresh.vhd(44)
Info (10041): Inferred latch for "Data[3][1][1]" at LEDRefresh.vhd(44)
Info (10041): Inferred latch for "Data[3][1][2]" at LEDRefresh.vhd(44)
Info (10041): Inferred latch for "Data[3][1][3]" at LEDRefresh.vhd(44)
Info (10041): Inferred latch for "Data[3][1][4]" at LEDRefresh.vhd(44)
Info (10041): Inferred latch for "Data[3][1][5]" at LEDRefresh.vhd(44)
Info (10041): Inferred latch for "Data[3][1][6]" at LEDRefresh.vhd(44)
Info (10041): Inferred latch for "Data[3][1][7]" at LEDRefresh.vhd(44)
Info (10041): Inferred latch for "Data[3][1][8]" at LEDRefresh.vhd(44)
Info (10041): Inferred latch for "Data[3][1][9]" at LEDRefresh.vhd(44)
Info (10041): Inferred latch for "Data[3][1][10]" at LEDRefresh.vhd(44)
Info (10041): Inferred latch for "Data[3][1][11]" at LEDRefresh.vhd(44)
Info (10041): Inferred latch for "Data[3][1][12]" at LEDRefresh.vhd(44)
Info (10041): Inferred latch for "Data[3][1][13]" at LEDRefresh.vhd(44)
Info (10041): Inferred latch for "Data[3][1][14]" at LEDRefresh.vhd(44)
Info (10041): Inferred latch for "Data[3][1][15]" at LEDRefresh.vhd(44)
Info (10041): Inferred latch for "Data[3][2][0]" at LEDRefresh.vhd(44)
Info (10041): Inferred latch for "Data[3][2][1]" at LEDRefresh.vhd(44)
Info (10041): Inferred latch for "Data[3][2][2]" at LEDRefresh.vhd(44)
Info (10041): Inferred latch for "Data[3][2][3]" at LEDRefresh.vhd(44)
Info (10041): Inferred latch for "Data[3][2][4]" at LEDRefresh.vhd(44)
Info (10041): Inferred latch for "Data[3][2][5]" at LEDRefresh.vhd(44)
Info (10041): Inferred latch for "Data[3][2][6]" at LEDRefresh.vhd(44)
Info (10041): Inferred latch for "Data[3][2][7]" at LEDRefresh.vhd(44)
Info (10041): Inferred latch for "Data[3][2][8]" at LEDRefresh.vhd(44)
Info (10041): Inferred latch for "Data[3][2][9]" at LEDRefresh.vhd(44)
Info (10041): Inferred latch for "Data[3][2][10]" at LEDRefresh.vhd(44)
Info (10041): Inferred latch for "Data[3][2][11]" at LEDRefresh.vhd(44)
Info (10041): Inferred latch for "Data[3][2][12]" at LEDRefresh.vhd(44)
Info (10041): Inferred latch for "Data[3][2][13]" at LEDRefresh.vhd(44)
Info (10041): Inferred latch for "Data[3][2][14]" at LEDRefresh.vhd(44)
Info (10041): Inferred latch for "Data[3][2][15]" at LEDRefresh.vhd(44)
Info (10041): Inferred latch for "Data[3][3][0]" at LEDRefresh.vhd(44)
Info (10041): Inferred latch for "Data[3][3][1]" at LEDRefresh.vhd(44)
Info (10041): Inferred latch for "Data[3][3][2]" at LEDRefresh.vhd(44)
Info (10041): Inferred latch for "Data[3][3][3]" at LEDRefresh.vhd(44)
Info (10041): Inferred latch for "Data[3][3][4]" at LEDRefresh.vhd(44)
Info (10041): Inferred latch for "Data[3][3][5]" at LEDRefresh.vhd(44)
Info (10041): Inferred latch for "Data[3][3][6]" at LEDRefresh.vhd(44)
Info (10041): Inferred latch for "Data[3][3][7]" at LEDRefresh.vhd(44)
Info (10041): Inferred latch for "Data[3][3][8]" at LEDRefresh.vhd(44)
Info (10041): Inferred latch for "Data[3][3][9]" at LEDRefresh.vhd(44)
Info (10041): Inferred latch for "Data[3][3][10]" at LEDRefresh.vhd(44)
Info (10041): Inferred latch for "Data[3][3][11]" at LEDRefresh.vhd(44)
Info (10041): Inferred latch for "Data[3][3][12]" at LEDRefresh.vhd(44)
Info (10041): Inferred latch for "Data[3][3][13]" at LEDRefresh.vhd(44)
Info (10041): Inferred latch for "Data[3][3][14]" at LEDRefresh.vhd(44)
Info (10041): Inferred latch for "Data[3][3][15]" at LEDRefresh.vhd(44)
Info (10041): Inferred latch for "Data[3][4][0]" at LEDRefresh.vhd(44)
Info (10041): Inferred latch for "Data[3][4][1]" at LEDRefresh.vhd(44)
Info (10041): Inferred latch for "Data[3][4][2]" at LEDRefresh.vhd(44)
Info (10041): Inferred latch for "Data[3][4][3]" at LEDRefresh.vhd(44)
Info (10041): Inferred latch for "Data[3][4][4]" at LEDRefresh.vhd(44)
Info (10041): Inferred latch for "Data[3][4][5]" at LEDRefresh.vhd(44)
Info (10041): Inferred latch for "Data[3][4][6]" at LEDRefresh.vhd(44)
Info (10041): Inferred latch for "Data[3][4][7]" at LEDRefresh.vhd(44)
Info (10041): Inferred latch for "Data[3][4][8]" at LEDRefresh.vhd(44)
Info (10041): Inferred latch for "Data[3][4][9]" at LEDRefresh.vhd(44)
Info (10041): Inferred latch for "Data[3][4][10]" at LEDRefresh.vhd(44)
Info (10041): Inferred latch for "Data[3][4][11]" at LEDRefresh.vhd(44)
Info (10041): Inferred latch for "Data[3][4][12]" at LEDRefresh.vhd(44)
Info (10041): Inferred latch for "Data[3][4][13]" at LEDRefresh.vhd(44)
Info (10041): Inferred latch for "Data[3][4][14]" at LEDRefresh.vhd(44)
Info (10041): Inferred latch for "Data[3][4][15]" at LEDRefresh.vhd(44)
Info (10041): Inferred latch for "Data[3][5][0]" at LEDRefresh.vhd(44)
Info (10041): Inferred latch for "Data[3][5][1]" at LEDRefresh.vhd(44)
Info (10041): Inferred latch for "Data[3][5][2]" at LEDRefresh.vhd(44)
Info (10041): Inferred latch for "Data[3][5][3]" at LEDRefresh.vhd(44)
Info (10041): Inferred latch for "Data[3][5][4]" at LEDRefresh.vhd(44)
Info (10041): Inferred latch for "Data[3][5][5]" at LEDRefresh.vhd(44)
Info (10041): Inferred latch for "Data[3][5][6]" at LEDRefresh.vhd(44)
Info (10041): Inferred latch for "Data[3][5][7]" at LEDRefresh.vhd(44)
Info (10041): Inferred latch for "Data[3][5][8]" at LEDRefresh.vhd(44)
Info (10041): Inferred latch for "Data[3][5][9]" at LEDRefresh.vhd(44)
Info (10041): Inferred latch for "Data[3][5][10]" at LEDRefresh.vhd(44)
Info (10041): Inferred latch for "Data[3][5][11]" at LEDRefresh.vhd(44)
Info (10041): Inferred latch for "Data[3][5][12]" at LEDRefresh.vhd(44)
Info (10041): Inferred latch for "Data[3][5][13]" at LEDRefresh.vhd(44)
Info (10041): Inferred latch for "Data[3][5][14]" at LEDRefresh.vhd(44)
Info (10041): Inferred latch for "Data[3][5][15]" at LEDRefresh.vhd(44)
Info (10041): Inferred latch for "Data[3][6][0]" at LEDRefresh.vhd(44)
Info (10041): Inferred latch for "Data[3][6][1]" at LEDRefresh.vhd(44)
Info (10041): Inferred latch for "Data[3][6][2]" at LEDRefresh.vhd(44)
Info (10041): Inferred latch for "Data[3][6][3]" at LEDRefresh.vhd(44)
Info (10041): Inferred latch for "Data[3][6][4]" at LEDRefresh.vhd(44)
Info (10041): Inferred latch for "Data[3][6][5]" at LEDRefresh.vhd(44)
Info (10041): Inferred latch for "Data[3][6][6]" at LEDRefresh.vhd(44)
Info (10041): Inferred latch for "Data[3][6][7]" at LEDRefresh.vhd(44)
Info (10041): Inferred latch for "Data[3][6][8]" at LEDRefresh.vhd(44)
Info (10041): Inferred latch for "Data[3][6][9]" at LEDRefresh.vhd(44)
Info (10041): Inferred latch for "Data[3][6][10]" at LEDRefresh.vhd(44)
Info (10041): Inferred latch for "Data[3][6][11]" at LEDRefresh.vhd(44)
Info (10041): Inferred latch for "Data[3][6][12]" at LEDRefresh.vhd(44)
Info (10041): Inferred latch for "Data[3][6][13]" at LEDRefresh.vhd(44)
Info (10041): Inferred latch for "Data[3][6][14]" at LEDRefresh.vhd(44)
Info (10041): Inferred latch for "Data[3][6][15]" at LEDRefresh.vhd(44)
Info (10041): Inferred latch for "Data[3][7][0]" at LEDRefresh.vhd(44)
Info (10041): Inferred latch for "Data[3][7][1]" at LEDRefresh.vhd(44)
Info (10041): Inferred latch for "Data[3][7][2]" at LEDRefresh.vhd(44)
Info (10041): Inferred latch for "Data[3][7][3]" at LEDRefresh.vhd(44)
Info (10041): Inferred latch for "Data[3][7][4]" at LEDRefresh.vhd(44)
Info (10041): Inferred latch for "Data[3][7][5]" at LEDRefresh.vhd(44)
Info (10041): Inferred latch for "Data[3][7][6]" at LEDRefresh.vhd(44)
Info (10041): Inferred latch for "Data[3][7][7]" at LEDRefresh.vhd(44)
Info (10041): Inferred latch for "Data[3][7][8]" at LEDRefresh.vhd(44)
Info (10041): Inferred latch for "Data[3][7][9]" at LEDRefresh.vhd(44)
Info (10041): Inferred latch for "Data[3][7][10]" at LEDRefresh.vhd(44)
Info (10041): Inferred latch for "Data[3][7][11]" at LEDRefresh.vhd(44)
Info (10041): Inferred latch for "Data[3][7][12]" at LEDRefresh.vhd(44)
Info (10041): Inferred latch for "Data[3][7][13]" at LEDRefresh.vhd(44)
Info (10041): Inferred latch for "Data[3][7][14]" at LEDRefresh.vhd(44)
Info (10041): Inferred latch for "Data[3][7][15]" at LEDRefresh.vhd(44)
Info (10041): Inferred latch for "Data[4][0][0]" at LEDRefresh.vhd(44)
Info (10041): Inferred latch for "Data[4][0][1]" at LEDRefresh.vhd(44)
Info (10041): Inferred latch for "Data[4][0][2]" at LEDRefresh.vhd(44)
Info (10041): Inferred latch for "Data[4][0][3]" at LEDRefresh.vhd(44)
Info (10041): Inferred latch for "Data[4][0][4]" at LEDRefresh.vhd(44)
Info (10041): Inferred latch for "Data[4][0][5]" at LEDRefresh.vhd(44)
Info (10041): Inferred latch for "Data[4][0][6]" at LEDRefresh.vhd(44)
Info (10041): Inferred latch for "Data[4][0][7]" at LEDRefresh.vhd(44)
Info (10041): Inferred latch for "Data[4][0][8]" at LEDRefresh.vhd(44)
Info (10041): Inferred latch for "Data[4][0][9]" at LEDRefresh.vhd(44)
Info (10041): Inferred latch for "Data[4][0][10]" at LEDRefresh.vhd(44)
Info (10041): Inferred latch for "Data[4][0][11]" at LEDRefresh.vhd(44)
Info (10041): Inferred latch for "Data[4][0][12]" at LEDRefresh.vhd(44)
Info (10041): Inferred latch for "Data[4][0][13]" at LEDRefresh.vhd(44)
Info (10041): Inferred latch for "Data[4][0][14]" at LEDRefresh.vhd(44)
Info (10041): Inferred latch for "Data[4][0][15]" at LEDRefresh.vhd(44)
Info (10041): Inferred latch for "Data[4][1][0]" at LEDRefresh.vhd(44)
Info (10041): Inferred latch for "Data[4][1][1]" at LEDRefresh.vhd(44)
Info (10041): Inferred latch for "Data[4][1][2]" at LEDRefresh.vhd(44)
Info (10041): Inferred latch for "Data[4][1][3]" at LEDRefresh.vhd(44)
Info (10041): Inferred latch for "Data[4][1][4]" at LEDRefresh.vhd(44)
Info (10041): Inferred latch for "Data[4][1][5]" at LEDRefresh.vhd(44)
Info (10041): Inferred latch for "Data[4][1][6]" at LEDRefresh.vhd(44)
Info (10041): Inferred latch for "Data[4][1][7]" at LEDRefresh.vhd(44)
Info (10041): Inferred latch for "Data[4][1][8]" at LEDRefresh.vhd(44)
Info (10041): Inferred latch for "Data[4][1][9]" at LEDRefresh.vhd(44)
Info (10041): Inferred latch for "Data[4][1][10]" at LEDRefresh.vhd(44)
Info (10041): Inferred latch for "Data[4][1][11]" at LEDRefresh.vhd(44)
Info (10041): Inferred latch for "Data[4][1][12]" at LEDRefresh.vhd(44)
Info (10041): Inferred latch for "Data[4][1][13]" at LEDRefresh.vhd(44)
Info (10041): Inferred latch for "Data[4][1][14]" at LEDRefresh.vhd(44)
Info (10041): Inferred latch for "Data[4][1][15]" at LEDRefresh.vhd(44)
Info (10041): Inferred latch for "Data[4][2][0]" at LEDRefresh.vhd(44)
Info (10041): Inferred latch for "Data[4][2][1]" at LEDRefresh.vhd(44)
Info (10041): Inferred latch for "Data[4][2][2]" at LEDRefresh.vhd(44)
Info (10041): Inferred latch for "Data[4][2][3]" at LEDRefresh.vhd(44)
Info (10041): Inferred latch for "Data[4][2][4]" at LEDRefresh.vhd(44)
Info (10041): Inferred latch for "Data[4][2][5]" at LEDRefresh.vhd(44)
Info (10041): Inferred latch for "Data[4][2][6]" at LEDRefresh.vhd(44)
Info (10041): Inferred latch for "Data[4][2][7]" at LEDRefresh.vhd(44)
Info (10041): Inferred latch for "Data[4][2][8]" at LEDRefresh.vhd(44)
Info (10041): Inferred latch for "Data[4][2][9]" at LEDRefresh.vhd(44)
Info (10041): Inferred latch for "Data[4][2][10]" at LEDRefresh.vhd(44)
Info (10041): Inferred latch for "Data[4][2][11]" at LEDRefresh.vhd(44)
Info (10041): Inferred latch for "Data[4][2][12]" at LEDRefresh.vhd(44)
Info (10041): Inferred latch for "Data[4][2][13]" at LEDRefresh.vhd(44)
Info (10041): Inferred latch for "Data[4][2][14]" at LEDRefresh.vhd(44)
Info (10041): Inferred latch for "Data[4][2][15]" at LEDRefresh.vhd(44)
Info (10041): Inferred latch for "Data[4][3][0]" at LEDRefresh.vhd(44)
Info (10041): Inferred latch for "Data[4][3][1]" at LEDRefresh.vhd(44)
Info (10041): Inferred latch for "Data[4][3][2]" at LEDRefresh.vhd(44)
Info (10041): Inferred latch for "Data[4][3][3]" at LEDRefresh.vhd(44)
Info (10041): Inferred latch for "Data[4][3][4]" at LEDRefresh.vhd(44)
Info (10041): Inferred latch for "Data[4][3][5]" at LEDRefresh.vhd(44)
Info (10041): Inferred latch for "Data[4][3][6]" at LEDRefresh.vhd(44)
Info (10041): Inferred latch for "Data[4][3][7]" at LEDRefresh.vhd(44)
Info (10041): Inferred latch for "Data[4][3][8]" at LEDRefresh.vhd(44)
Info (10041): Inferred latch for "Data[4][3][9]" at LEDRefresh.vhd(44)
Info (10041): Inferred latch for "Data[4][3][10]" at LEDRefresh.vhd(44)
Info (10041): Inferred latch for "Data[4][3][11]" at LEDRefresh.vhd(44)
Info (10041): Inferred latch for "Data[4][3][12]" at LEDRefresh.vhd(44)
Info (10041): Inferred latch for "Data[4][3][13]" at LEDRefresh.vhd(44)
Info (10041): Inferred latch for "Data[4][3][14]" at LEDRefresh.vhd(44)
Info (10041): Inferred latch for "Data[4][3][15]" at LEDRefresh.vhd(44)
Info (10041): Inferred latch for "Data[4][4][0]" at LEDRefresh.vhd(44)
Info (10041): Inferred latch for "Data[4][4][1]" at LEDRefresh.vhd(44)
Info (10041): Inferred latch for "Data[4][4][2]" at LEDRefresh.vhd(44)
Info (10041): Inferred latch for "Data[4][4][3]" at LEDRefresh.vhd(44)
Info (10041): Inferred latch for "Data[4][4][4]" at LEDRefresh.vhd(44)
Info (10041): Inferred latch for "Data[4][4][5]" at LEDRefresh.vhd(44)
Info (10041): Inferred latch for "Data[4][4][6]" at LEDRefresh.vhd(44)
Info (10041): Inferred latch for "Data[4][4][7]" at LEDRefresh.vhd(44)
Info (10041): Inferred latch for "Data[4][4][8]" at LEDRefresh.vhd(44)
Info (10041): Inferred latch for "Data[4][4][9]" at LEDRefresh.vhd(44)
Info (10041): Inferred latch for "Data[4][4][10]" at LEDRefresh.vhd(44)
Info (10041): Inferred latch for "Data[4][4][11]" at LEDRefresh.vhd(44)
Info (10041): Inferred latch for "Data[4][4][12]" at LEDRefresh.vhd(44)
Info (10041): Inferred latch for "Data[4][4][13]" at LEDRefresh.vhd(44)
Info (10041): Inferred latch for "Data[4][4][14]" at LEDRefresh.vhd(44)
Info (10041): Inferred latch for "Data[4][4][15]" at LEDRefresh.vhd(44)
Info (10041): Inferred latch for "Data[4][5][0]" at LEDRefresh.vhd(44)
Info (10041): Inferred latch for "Data[4][5][1]" at LEDRefresh.vhd(44)
Info (10041): Inferred latch for "Data[4][5][2]" at LEDRefresh.vhd(44)
Info (10041): Inferred latch for "Data[4][5][3]" at LEDRefresh.vhd(44)
Info (10041): Inferred latch for "Data[4][5][4]" at LEDRefresh.vhd(44)
Info (10041): Inferred latch for "Data[4][5][5]" at LEDRefresh.vhd(44)
Info (10041): Inferred latch for "Data[4][5][6]" at LEDRefresh.vhd(44)
Info (10041): Inferred latch for "Data[4][5][7]" at LEDRefresh.vhd(44)
Info (10041): Inferred latch for "Data[4][5][8]" at LEDRefresh.vhd(44)
Info (10041): Inferred latch for "Data[4][5][9]" at LEDRefresh.vhd(44)
Info (10041): Inferred latch for "Data[4][5][10]" at LEDRefresh.vhd(44)
Info (10041): Inferred latch for "Data[4][5][11]" at LEDRefresh.vhd(44)
Info (10041): Inferred latch for "Data[4][5][12]" at LEDRefresh.vhd(44)
Info (10041): Inferred latch for "Data[4][5][13]" at LEDRefresh.vhd(44)
Info (10041): Inferred latch for "Data[4][5][14]" at LEDRefresh.vhd(44)
Info (10041): Inferred latch for "Data[4][5][15]" at LEDRefresh.vhd(44)
Info (10041): Inferred latch for "Data[4][6][0]" at LEDRefresh.vhd(44)
Info (10041): Inferred latch for "Data[4][6][1]" at LEDRefresh.vhd(44)
Info (10041): Inferred latch for "Data[4][6][2]" at LEDRefresh.vhd(44)
Info (10041): Inferred latch for "Data[4][6][3]" at LEDRefresh.vhd(44)
Info (10041): Inferred latch for "Data[4][6][4]" at LEDRefresh.vhd(44)
Info (10041): Inferred latch for "Data[4][6][5]" at LEDRefresh.vhd(44)
Info (10041): Inferred latch for "Data[4][6][6]" at LEDRefresh.vhd(44)
Info (10041): Inferred latch for "Data[4][6][7]" at LEDRefresh.vhd(44)
Info (10041): Inferred latch for "Data[4][6][8]" at LEDRefresh.vhd(44)
Info (10041): Inferred latch for "Data[4][6][9]" at LEDRefresh.vhd(44)
Info (10041): Inferred latch for "Data[4][6][10]" at LEDRefresh.vhd(44)
Info (10041): Inferred latch for "Data[4][6][11]" at LEDRefresh.vhd(44)
Info (10041): Inferred latch for "Data[4][6][12]" at LEDRefresh.vhd(44)
Info (10041): Inferred latch for "Data[4][6][13]" at LEDRefresh.vhd(44)
Info (10041): Inferred latch for "Data[4][6][14]" at LEDRefresh.vhd(44)
Info (10041): Inferred latch for "Data[4][6][15]" at LEDRefresh.vhd(44)
Info (10041): Inferred latch for "Data[4][7][0]" at LEDRefresh.vhd(44)
Info (10041): Inferred latch for "Data[4][7][1]" at LEDRefresh.vhd(44)
Info (10041): Inferred latch for "Data[4][7][2]" at LEDRefresh.vhd(44)
Info (10041): Inferred latch for "Data[4][7][3]" at LEDRefresh.vhd(44)
Info (10041): Inferred latch for "Data[4][7][4]" at LEDRefresh.vhd(44)
Info (10041): Inferred latch for "Data[4][7][5]" at LEDRefresh.vhd(44)
Info (10041): Inferred latch for "Data[4][7][6]" at LEDRefresh.vhd(44)
Info (10041): Inferred latch for "Data[4][7][7]" at LEDRefresh.vhd(44)
Info (10041): Inferred latch for "Data[4][7][8]" at LEDRefresh.vhd(44)
Info (10041): Inferred latch for "Data[4][7][9]" at LEDRefresh.vhd(44)
Info (10041): Inferred latch for "Data[4][7][10]" at LEDRefresh.vhd(44)
Info (10041): Inferred latch for "Data[4][7][11]" at LEDRefresh.vhd(44)
Info (10041): Inferred latch for "Data[4][7][12]" at LEDRefresh.vhd(44)
Info (10041): Inferred latch for "Data[4][7][13]" at LEDRefresh.vhd(44)
Info (10041): Inferred latch for "Data[4][7][14]" at LEDRefresh.vhd(44)
Info (10041): Inferred latch for "Data[4][7][15]" at LEDRefresh.vhd(44)
Info (10041): Inferred latch for "Data[5][0][0]" at LEDRefresh.vhd(44)
Info (10041): Inferred latch for "Data[5][0][1]" at LEDRefresh.vhd(44)
Info (10041): Inferred latch for "Data[5][0][2]" at LEDRefresh.vhd(44)
Info (10041): Inferred latch for "Data[5][0][3]" at LEDRefresh.vhd(44)
Info (10041): Inferred latch for "Data[5][0][4]" at LEDRefresh.vhd(44)
Info (10041): Inferred latch for "Data[5][0][5]" at LEDRefresh.vhd(44)
Info (10041): Inferred latch for "Data[5][0][6]" at LEDRefresh.vhd(44)
Info (10041): Inferred latch for "Data[5][0][7]" at LEDRefresh.vhd(44)
Info (10041): Inferred latch for "Data[5][0][8]" at LEDRefresh.vhd(44)
Info (10041): Inferred latch for "Data[5][0][9]" at LEDRefresh.vhd(44)
Info (10041): Inferred latch for "Data[5][0][10]" at LEDRefresh.vhd(44)
Info (10041): Inferred latch for "Data[5][0][11]" at LEDRefresh.vhd(44)
Info (10041): Inferred latch for "Data[5][0][12]" at LEDRefresh.vhd(44)
Info (10041): Inferred latch for "Data[5][0][13]" at LEDRefresh.vhd(44)
Info (10041): Inferred latch for "Data[5][0][14]" at LEDRefresh.vhd(44)
Info (10041): Inferred latch for "Data[5][0][15]" at LEDRefresh.vhd(44)
Info (10041): Inferred latch for "Data[5][1][0]" at LEDRefresh.vhd(44)
Info (10041): Inferred latch for "Data[5][1][1]" at LEDRefresh.vhd(44)
Info (10041): Inferred latch for "Data[5][1][2]" at LEDRefresh.vhd(44)
Info (10041): Inferred latch for "Data[5][1][3]" at LEDRefresh.vhd(44)
Info (10041): Inferred latch for "Data[5][1][4]" at LEDRefresh.vhd(44)
Info (10041): Inferred latch for "Data[5][1][5]" at LEDRefresh.vhd(44)
Info (10041): Inferred latch for "Data[5][1][6]" at LEDRefresh.vhd(44)
Info (10041): Inferred latch for "Data[5][1][7]" at LEDRefresh.vhd(44)
Info (10041): Inferred latch for "Data[5][1][8]" at LEDRefresh.vhd(44)
Info (10041): Inferred latch for "Data[5][1][9]" at LEDRefresh.vhd(44)
Info (10041): Inferred latch for "Data[5][1][10]" at LEDRefresh.vhd(44)
Info (10041): Inferred latch for "Data[5][1][11]" at LEDRefresh.vhd(44)
Info (10041): Inferred latch for "Data[5][1][12]" at LEDRefresh.vhd(44)
Info (10041): Inferred latch for "Data[5][1][13]" at LEDRefresh.vhd(44)
Info (10041): Inferred latch for "Data[5][1][14]" at LEDRefresh.vhd(44)
Info (10041): Inferred latch for "Data[5][1][15]" at LEDRefresh.vhd(44)
Info (10041): Inferred latch for "Data[5][2][0]" at LEDRefresh.vhd(44)
Info (10041): Inferred latch for "Data[5][2][1]" at LEDRefresh.vhd(44)
Info (10041): Inferred latch for "Data[5][2][2]" at LEDRefresh.vhd(44)
Info (10041): Inferred latch for "Data[5][2][3]" at LEDRefresh.vhd(44)
Info (10041): Inferred latch for "Data[5][2][4]" at LEDRefresh.vhd(44)
Info (10041): Inferred latch for "Data[5][2][5]" at LEDRefresh.vhd(44)
Info (10041): Inferred latch for "Data[5][2][6]" at LEDRefresh.vhd(44)
Info (10041): Inferred latch for "Data[5][2][7]" at LEDRefresh.vhd(44)
Info (10041): Inferred latch for "Data[5][2][8]" at LEDRefresh.vhd(44)
Info (10041): Inferred latch for "Data[5][2][9]" at LEDRefresh.vhd(44)
Info (10041): Inferred latch for "Data[5][2][10]" at LEDRefresh.vhd(44)
Info (10041): Inferred latch for "Data[5][2][11]" at LEDRefresh.vhd(44)
Info (10041): Inferred latch for "Data[5][2][12]" at LEDRefresh.vhd(44)
Info (10041): Inferred latch for "Data[5][2][13]" at LEDRefresh.vhd(44)
Info (10041): Inferred latch for "Data[5][2][14]" at LEDRefresh.vhd(44)
Info (10041): Inferred latch for "Data[5][2][15]" at LEDRefresh.vhd(44)
Info (10041): Inferred latch for "Data[5][3][0]" at LEDRefresh.vhd(44)
Info (10041): Inferred latch for "Data[5][3][1]" at LEDRefresh.vhd(44)
Info (10041): Inferred latch for "Data[5][3][2]" at LEDRefresh.vhd(44)
Info (10041): Inferred latch for "Data[5][3][3]" at LEDRefresh.vhd(44)
Info (10041): Inferred latch for "Data[5][3][4]" at LEDRefresh.vhd(44)
Info (10041): Inferred latch for "Data[5][3][5]" at LEDRefresh.vhd(44)
Info (10041): Inferred latch for "Data[5][3][6]" at LEDRefresh.vhd(44)
Info (10041): Inferred latch for "Data[5][3][7]" at LEDRefresh.vhd(44)
Info (10041): Inferred latch for "Data[5][3][8]" at LEDRefresh.vhd(44)
Info (10041): Inferred latch for "Data[5][3][9]" at LEDRefresh.vhd(44)
Info (10041): Inferred latch for "Data[5][3][10]" at LEDRefresh.vhd(44)
Info (10041): Inferred latch for "Data[5][3][11]" at LEDRefresh.vhd(44)
Info (10041): Inferred latch for "Data[5][3][12]" at LEDRefresh.vhd(44)
Info (10041): Inferred latch for "Data[5][3][13]" at LEDRefresh.vhd(44)
Info (10041): Inferred latch for "Data[5][3][14]" at LEDRefresh.vhd(44)
Info (10041): Inferred latch for "Data[5][3][15]" at LEDRefresh.vhd(44)
Info (10041): Inferred latch for "Data[5][4][0]" at LEDRefresh.vhd(44)
Info (10041): Inferred latch for "Data[5][4][1]" at LEDRefresh.vhd(44)
Info (10041): Inferred latch for "Data[5][4][2]" at LEDRefresh.vhd(44)
Info (10041): Inferred latch for "Data[5][4][3]" at LEDRefresh.vhd(44)
Info (10041): Inferred latch for "Data[5][4][4]" at LEDRefresh.vhd(44)
Info (10041): Inferred latch for "Data[5][4][5]" at LEDRefresh.vhd(44)
Info (10041): Inferred latch for "Data[5][4][6]" at LEDRefresh.vhd(44)
Info (10041): Inferred latch for "Data[5][4][7]" at LEDRefresh.vhd(44)
Info (10041): Inferred latch for "Data[5][4][8]" at LEDRefresh.vhd(44)
Info (10041): Inferred latch for "Data[5][4][9]" at LEDRefresh.vhd(44)
Info (10041): Inferred latch for "Data[5][4][10]" at LEDRefresh.vhd(44)
Info (10041): Inferred latch for "Data[5][4][11]" at LEDRefresh.vhd(44)
Info (10041): Inferred latch for "Data[5][4][12]" at LEDRefresh.vhd(44)
Info (10041): Inferred latch for "Data[5][4][13]" at LEDRefresh.vhd(44)
Info (10041): Inferred latch for "Data[5][4][14]" at LEDRefresh.vhd(44)
Info (10041): Inferred latch for "Data[5][4][15]" at LEDRefresh.vhd(44)
Info (10041): Inferred latch for "Data[5][5][0]" at LEDRefresh.vhd(44)
Info (10041): Inferred latch for "Data[5][5][1]" at LEDRefresh.vhd(44)
Info (10041): Inferred latch for "Data[5][5][2]" at LEDRefresh.vhd(44)
Info (10041): Inferred latch for "Data[5][5][3]" at LEDRefresh.vhd(44)
Info (10041): Inferred latch for "Data[5][5][4]" at LEDRefresh.vhd(44)
Info (10041): Inferred latch for "Data[5][5][5]" at LEDRefresh.vhd(44)
Info (10041): Inferred latch for "Data[5][5][6]" at LEDRefresh.vhd(44)
Info (10041): Inferred latch for "Data[5][5][7]" at LEDRefresh.vhd(44)
Info (10041): Inferred latch for "Data[5][5][8]" at LEDRefresh.vhd(44)
Info (10041): Inferred latch for "Data[5][5][9]" at LEDRefresh.vhd(44)
Info (10041): Inferred latch for "Data[5][5][10]" at LEDRefresh.vhd(44)
Info (10041): Inferred latch for "Data[5][5][11]" at LEDRefresh.vhd(44)
Info (10041): Inferred latch for "Data[5][5][12]" at LEDRefresh.vhd(44)
Info (10041): Inferred latch for "Data[5][5][13]" at LEDRefresh.vhd(44)
Info (10041): Inferred latch for "Data[5][5][14]" at LEDRefresh.vhd(44)
Info (10041): Inferred latch for "Data[5][5][15]" at LEDRefresh.vhd(44)
Info (10041): Inferred latch for "Data[5][6][0]" at LEDRefresh.vhd(44)
Info (10041): Inferred latch for "Data[5][6][1]" at LEDRefresh.vhd(44)
Info (10041): Inferred latch for "Data[5][6][2]" at LEDRefresh.vhd(44)
Info (10041): Inferred latch for "Data[5][6][3]" at LEDRefresh.vhd(44)
Info (10041): Inferred latch for "Data[5][6][4]" at LEDRefresh.vhd(44)
Info (10041): Inferred latch for "Data[5][6][5]" at LEDRefresh.vhd(44)
Info (10041): Inferred latch for "Data[5][6][6]" at LEDRefresh.vhd(44)
Info (10041): Inferred latch for "Data[5][6][7]" at LEDRefresh.vhd(44)
Info (10041): Inferred latch for "Data[5][6][8]" at LEDRefresh.vhd(44)
Info (10041): Inferred latch for "Data[5][6][9]" at LEDRefresh.vhd(44)
Info (10041): Inferred latch for "Data[5][6][10]" at LEDRefresh.vhd(44)
Info (10041): Inferred latch for "Data[5][6][11]" at LEDRefresh.vhd(44)
Info (10041): Inferred latch for "Data[5][6][12]" at LEDRefresh.vhd(44)
Info (10041): Inferred latch for "Data[5][6][13]" at LEDRefresh.vhd(44)
Info (10041): Inferred latch for "Data[5][6][14]" at LEDRefresh.vhd(44)
Info (10041): Inferred latch for "Data[5][6][15]" at LEDRefresh.vhd(44)
Info (10041): Inferred latch for "Data[5][7][0]" at LEDRefresh.vhd(44)
Info (10041): Inferred latch for "Data[5][7][1]" at LEDRefresh.vhd(44)
Info (10041): Inferred latch for "Data[5][7][2]" at LEDRefresh.vhd(44)
Info (10041): Inferred latch for "Data[5][7][3]" at LEDRefresh.vhd(44)
Info (10041): Inferred latch for "Data[5][7][4]" at LEDRefresh.vhd(44)
Info (10041): Inferred latch for "Data[5][7][5]" at LEDRefresh.vhd(44)
Info (10041): Inferred latch for "Data[5][7][6]" at LEDRefresh.vhd(44)
Info (10041): Inferred latch for "Data[5][7][7]" at LEDRefresh.vhd(44)
Info (10041): Inferred latch for "Data[5][7][8]" at LEDRefresh.vhd(44)
Info (10041): Inferred latch for "Data[5][7][9]" at LEDRefresh.vhd(44)
Info (10041): Inferred latch for "Data[5][7][10]" at LEDRefresh.vhd(44)
Info (10041): Inferred latch for "Data[5][7][11]" at LEDRefresh.vhd(44)
Info (10041): Inferred latch for "Data[5][7][12]" at LEDRefresh.vhd(44)
Info (10041): Inferred latch for "Data[5][7][13]" at LEDRefresh.vhd(44)
Info (10041): Inferred latch for "Data[5][7][14]" at LEDRefresh.vhd(44)
Info (10041): Inferred latch for "Data[5][7][15]" at LEDRefresh.vhd(44)
Info (10008): Verilog HDL or VHDL information: EDA Netlist Writer cannot regroup multidimensional array "Data" into its bus
Info: Elaborating entity "PWM" for hierarchy "PWM:PWMGen"
Info: Registers with preset signals will power-up high
Info: Implemented 514 device resources after synthesis - the final resource count might be different
    Info: Implemented 16 input pins
    Info: Implemented 24 output pins
    Info: Implemented 474 logic cells
Info: Quartus II Analysis & Synthesis was successful. 0 errors, 1 warning
    Info: Peak virtual memory: 302 megabytes
    Info: Processing ended: Wed Nov 01 00:05:57 2017
    Info: Elapsed time: 00:00:03
    Info: Total CPU time (on all processors): 00:00:02


